{"/Users/danielnoormohamed/Projects/Manasik/service/src/database/connection.ts": {"path":"/Users/danielnoormohamed/Projects/Manasik/service/src/database/connection.ts","statementMap":{"0":{"start":{"line":10,"column":0},"end":{"line":10,"column":22}},"1":{"start":{"line":41,"column":0},"end":{"line":41,"column":16}},"2":{"start":{"line":48,"column":0},"end":{"line":48,"column":22}},"3":{"start":{"line":5,"column":0},"end":{"line":5,"column":35}},"4":{"start":{"line":8,"column":24},"end":{"line":8,"column":28}},"5":{"start":{"line":11,"column":2},"end":{"line":13,"column":3}},"6":{"start":{"line":12,"column":4},"end":{"line":12,"column":16}},"7":{"start":{"line":15,"column":2},"end":{"line":26,"column":5}},"8":{"start":{"line":29,"column":2},"end":{"line":36,"column":3}},"9":{"start":{"line":30,"column":23},"end":{"line":30,"column":49}},"10":{"start":{"line":31,"column":4},"end":{"line":31,"column":53}},"11":{"start":{"line":32,"column":4},"end":{"line":32,"column":25}},"12":{"start":{"line":34,"column":4},"end":{"line":34,"column":58}},"13":{"start":{"line":35,"column":4},"end":{"line":35,"column":16}},"14":{"start":{"line":38,"column":2},"end":{"line":38,"column":14}},"15":{"start":{"line":42,"column":2},"end":{"line":44,"column":3}},"16":{"start":{"line":43,"column":4},"end":{"line":43,"column":87}},"17":{"start":{"line":45,"column":2},"end":{"line":45,"column":14}},"18":{"start":{"line":49,"column":2},"end":{"line":53,"column":3}},"19":{"start":{"line":50,"column":4},"end":{"line":50,"column":21}},"20":{"start":{"line":51,"column":4},"end":{"line":51,"column":16}},"21":{"start":{"line":52,"column":4},"end":{"line":52,"column":48}}},"fnMap":{"0":{"name":"initializeDatabase","decl":{"start":{"line":10,"column":22},"end":{"line":10,"column":40}},"loc":{"start":{"line":10,"column":40},"end":{"line":39,"column":null}}},"1":{"name":"getPool","decl":{"start":{"line":41,"column":16},"end":{"line":41,"column":23}},"loc":{"start":{"line":41,"column":23},"end":{"line":46,"column":1}}},"2":{"name":"closeDatabase","decl":{"start":{"line":48,"column":22},"end":{"line":48,"column":35}},"loc":{"start":{"line":48,"column":35},"end":{"line":54,"column":null}}}},"branchMap":{"0":{"loc":{"start":{"line":11,"column":2},"end":{"line":13,"column":3}},"type":"if","locations":[{"start":{"line":11,"column":2},"end":{"line":13,"column":3}}]},"1":{"loc":{"start":{"line":16,"column":10},"end":{"line":16,"column":44}},"type":"binary-expr","locations":[{"start":{"line":16,"column":10},"end":{"line":16,"column":29}},{"start":{"line":16,"column":33},"end":{"line":16,"column":44}}]},"2":{"loc":{"start":{"line":17,"column":19},"end":{"line":17,"column":48}},"type":"binary-expr","locations":[{"start":{"line":17,"column":19},"end":{"line":17,"column":38}},{"start":{"line":17,"column":42},"end":{"line":17,"column":48}}]},"3":{"loc":{"start":{"line":18,"column":10},"end":{"line":18,"column":47}},"type":"binary-expr","locations":[{"start":{"line":18,"column":10},"end":{"line":18,"column":29}},{"start":{"line":18,"column":33},"end":{"line":18,"column":47}}]},"4":{"loc":{"start":{"line":19,"column":14},"end":{"line":19,"column":59}},"type":"binary-expr","locations":[{"start":{"line":19,"column":14},"end":{"line":19,"column":37}},{"start":{"line":19,"column":41},"end":{"line":19,"column":59}}]},"5":{"loc":{"start":{"line":20,"column":14},"end":{"line":20,"column":55}},"type":"binary-expr","locations":[{"start":{"line":20,"column":14},"end":{"line":20,"column":33}},{"start":{"line":20,"column":37},"end":{"line":20,"column":55}}]},"6":{"loc":{"start":{"line":42,"column":2},"end":{"line":44,"column":3}},"type":"if","locations":[{"start":{"line":42,"column":2},"end":{"line":44,"column":3}}]},"7":{"loc":{"start":{"line":49,"column":2},"end":{"line":53,"column":3}},"type":"if","locations":[{"start":{"line":49,"column":2},"end":{"line":53,"column":3}}]}},"s":{"0":0,"1":0,"2":0,"3":0,"4":0,"5":0,"6":0,"7":0,"8":0,"9":0,"10":0,"11":0,"12":0,"13":0,"14":0,"15":0,"16":0,"17":0,"18":0,"19":0,"20":0,"21":0},"f":{"0":0,"1":0,"2":0},"b":{"0":[0],"1":[0,0],"2":[0,0],"3":[0,0],"4":[0,0],"5":[0,0],"6":[0],"7":[0]}}
,"/Users/danielnoormohamed/Projects/Manasik/service/src/database/repository.ts": {"path":"/Users/danielnoormohamed/Projects/Manasik/service/src/database/repository.ts","statementMap":{"0":{"start":{"line":6,"column":0},"end":{"line":6,"column":39}},"1":{"start":{"line":21,"column":4},"end":{"line":21,"column":26}},"2":{"start":{"line":22,"column":4},"end":{"line":22,"column":31}},"3":{"start":{"line":29,"column":20},"end":{"line":29,"column":87}},"4":{"start":{"line":29,"column":52},"end":{"line":29,"column":86}},"5":{"start":{"line":30,"column":19},"end":{"line":30,"column":59}},"6":{"start":{"line":30,"column":38},"end":{"line":30,"column":58}},"7":{"start":{"line":31,"column":25},"end":{"line":31,"column":58}},"8":{"start":{"line":31,"column":43},"end":{"line":31,"column":46}},"9":{"start":{"line":33,"column":18},"end":{"line":33,"column":98}},"10":{"start":{"line":35,"column":4},"end":{"line":41,"column":5}},"11":{"start":{"line":36,"column":6},"end":{"line":36,"column":45}},"12":{"start":{"line":37,"column":6},"end":{"line":37,"column":18}},"13":{"start":{"line":39,"column":6},"end":{"line":39,"column":74}},"14":{"start":{"line":40,"column":6},"end":{"line":40,"column":18}},"15":{"start":{"line":48,"column":18},"end":{"line":48,"column":64}},"16":{"start":{"line":50,"column":4},"end":{"line":56,"column":5}},"17":{"start":{"line":51,"column":21},"end":{"line":51,"column":74}},"18":{"start":{"line":52,"column":6},"end":{"line":52,"column":53}},"19":{"start":{"line":54,"column":6},"end":{"line":54,"column":73}},"20":{"start":{"line":55,"column":6},"end":{"line":55,"column":18}},"21":{"start":{"line":62,"column":16},"end":{"line":72,"column":null}},"22":{"start":{"line":63,"column":18},"end":{"line":63,"column":68}},"23":{"start":{"line":65,"column":4},"end":{"line":71,"column":5}},"24":{"start":{"line":66,"column":21},"end":{"line":66,"column":85}},"25":{"start":{"line":67,"column":6},"end":{"line":67,"column":25}},"26":{"start":{"line":69,"column":6},"end":{"line":69,"column":78}},"27":{"start":{"line":70,"column":6},"end":{"line":70,"column":18}},"28":{"start":{"line":78,"column":20},"end":{"line":78,"column":96}},"29":{"start":{"line":78,"column":52},"end":{"line":78,"column":95}},"30":{"start":{"line":79,"column":4},"end":{"line":81,"column":5}},"31":{"start":{"line":80,"column":6},"end":{"line":80,"column":31}},"32":{"start":{"line":83,"column":22},"end":{"line":83,"column":65}},"33":{"start":{"line":83,"column":41},"end":{"line":83,"column":53}},"34":{"start":{"line":84,"column":26},"end":{"line":84,"column":75}},"35":{"start":{"line":84,"column":45},"end":{"line":84,"column":74}},"36":{"start":{"line":85,"column":4},"end":{"line":85,"column":20}},"37":{"start":{"line":87,"column":18},"end":{"line":87,"column":106}},"38":{"start":{"line":89,"column":4},"end":{"line":95,"column":5}},"39":{"start":{"line":90,"column":6},"end":{"line":90,"column":45}},"40":{"start":{"line":91,"column":6},"end":{"line":91,"column":31}},"41":{"start":{"line":93,"column":6},"end":{"line":93,"column":74}},"42":{"start":{"line":94,"column":6},"end":{"line":94,"column":18}},"43":{"start":{"line":102,"column":18},"end":{"line":102,"column":62}},"44":{"start":{"line":104,"column":4},"end":{"line":110,"column":5}},"45":{"start":{"line":105,"column":23},"end":{"line":105,"column":76}},"46":{"start":{"line":106,"column":6},"end":{"line":106,"column":37}},"47":{"start":{"line":108,"column":6},"end":{"line":108,"column":74}},"48":{"start":{"line":109,"column":6},"end":{"line":109,"column":18}},"49":{"start":{"line":117,"column":16},"end":{"line":117,"column":65}},"50":{"start":{"line":118,"column":4},"end":{"line":120,"column":5}},"51":{"start":{"line":119,"column":6},"end":{"line":119,"column":39}},"52":{"start":{"line":122,"column":4},"end":{"line":128,"column":5}},"53":{"start":{"line":123,"column":21},"end":{"line":123,"column":82}},"54":{"start":{"line":124,"column":6},"end":{"line":124,"column":37}},"55":{"start":{"line":126,"column":6},"end":{"line":126,"column":75}},"56":{"start":{"line":127,"column":6},"end":{"line":127,"column":18}},"57":{"start":{"line":135,"column":4},"end":{"line":141,"column":5}},"58":{"start":{"line":136,"column":21},"end":{"line":136,"column":80}},"59":{"start":{"line":137,"column":6},"end":{"line":137,"column":25}},"60":{"start":{"line":139,"column":6},"end":{"line":139,"column":53}},"61":{"start":{"line":140,"column":6},"end":{"line":140,"column":18}},"62":{"start":{"line":148,"column":4},"end":{"line":154,"column":5}},"63":{"start":{"line":149,"column":21},"end":{"line":149,"column":80}},"64":{"start":{"line":150,"column":6},"end":{"line":150,"column":53}},"65":{"start":{"line":152,"column":6},"end":{"line":152,"column":53}},"66":{"start":{"line":153,"column":6},"end":{"line":153,"column":18}},"67":{"start":{"line":16,"column":0},"end":{"line":16,"column":22}}},"fnMap":{"0":{"name":"(anonymous_7)","decl":{"start":{"line":20,"column":2},"end":{"line":20,"column":14}},"loc":{"start":{"line":20,"column":31},"end":{"line":23,"column":3}}},"1":{"name":"(anonymous_8)","decl":{"start":{"line":28,"column":8},"end":{"line":28,"column":14}},"loc":{"start":{"line":28,"column":22},"end":{"line":42,"column":null}}},"2":{"name":"(anonymous_10)","decl":{"start":{"line":29,"column":45},"end":{"line":29,"column":48}},"loc":{"start":{"line":29,"column":52},"end":{"line":29,"column":86}}},"3":{"name":"(anonymous_11)","decl":{"start":{"line":30,"column":31},"end":{"line":30,"column":34}},"loc":{"start":{"line":30,"column":38},"end":{"line":30,"column":58}}},"4":{"name":"(anonymous_12)","decl":{"start":{"line":31,"column":37},"end":{"line":31,"column":40}},"loc":{"start":{"line":31,"column":43},"end":{"line":31,"column":46}}},"5":{"name":"(anonymous_13)","decl":{"start":{"line":47,"column":8},"end":{"line":47,"column":16}},"loc":{"start":{"line":47,"column":27},"end":{"line":57,"column":null}}},"6":{"name":"(anonymous_15)","decl":{"start":{"line":62,"column":8},"end":{"line":62,"column":15}},"loc":{"start":{"line":62,"column":15},"end":{"line":72,"column":null}}},"7":{"name":"(anonymous_16)","decl":{"start":{"line":62,"column":16},"end":{"line":62,"column":32}},"loc":{"start":{"line":62,"column":54},"end":{"line":72,"column":3}}},"8":{"name":"(anonymous_17)","decl":{"start":{"line":77,"column":8},"end":{"line":77,"column":14}},"loc":{"start":{"line":77,"column":43},"end":{"line":96,"column":null}}},"9":{"name":"(anonymous_19)","decl":{"start":{"line":78,"column":45},"end":{"line":78,"column":48}},"loc":{"start":{"line":78,"column":52},"end":{"line":78,"column":95}}},"10":{"name":"(anonymous_20)","decl":{"start":{"line":83,"column":34},"end":{"line":83,"column":37}},"loc":{"start":{"line":83,"column":41},"end":{"line":83,"column":53}}},"11":{"name":"(anonymous_21)","decl":{"start":{"line":84,"column":38},"end":{"line":84,"column":41}},"loc":{"start":{"line":84,"column":45},"end":{"line":84,"column":74}}},"12":{"name":"(anonymous_22)","decl":{"start":{"line":101,"column":8},"end":{"line":101,"column":14}},"loc":{"start":{"line":101,"column":25},"end":{"line":111,"column":null}}},"13":{"name":"(anonymous_24)","decl":{"start":{"line":116,"column":8},"end":{"line":116,"column":13}},"loc":{"start":{"line":116,"column":50},"end":{"line":129,"column":null}}},"14":{"name":"(anonymous_26)","decl":{"start":{"line":134,"column":8},"end":{"line":134,"column":13}},"loc":{"start":{"line":134,"column":50},"end":{"line":142,"column":null}}},"15":{"name":"(anonymous_28)","decl":{"start":{"line":147,"column":8},"end":{"line":147,"column":16}},"loc":{"start":{"line":147,"column":53},"end":{"line":155,"column":null}}}},"branchMap":{"0":{"loc":{"start":{"line":52,"column":13},"end":{"line":52,"column":52}},"type":"cond-expr","locations":[{"start":{"line":52,"column":32},"end":{"line":52,"column":45}},{"start":{"line":52,"column":48},"end":{"line":52,"column":52}}]},"1":{"loc":{"start":{"line":62,"column":16},"end":{"line":62,"column":34}},"type":"default-arg","locations":[{"start":{"line":62,"column":32},"end":{"line":62,"column":34}}]},"2":{"loc":{"start":{"line":62,"column":36},"end":{"line":62,"column":54}},"type":"default-arg","locations":[{"start":{"line":62,"column":53},"end":{"line":62,"column":54}}]},"3":{"loc":{"start":{"line":79,"column":4},"end":{"line":81,"column":5}},"type":"if","locations":[{"start":{"line":79,"column":4},"end":{"line":81,"column":5}}]},"4":{"loc":{"start":{"line":118,"column":4},"end":{"line":120,"column":5}},"type":"if","locations":[{"start":{"line":118,"column":4},"end":{"line":120,"column":5}}]},"5":{"loc":{"start":{"line":123,"column":69},"end":{"line":123,"column":81}},"type":"binary-expr","locations":[{"start":{"line":123,"column":69},"end":{"line":123,"column":75}},{"start":{"line":123,"column":79},"end":{"line":123,"column":81}}]},"6":{"loc":{"start":{"line":136,"column":67},"end":{"line":136,"column":79}},"type":"binary-expr","locations":[{"start":{"line":136,"column":67},"end":{"line":136,"column":73}},{"start":{"line":136,"column":77},"end":{"line":136,"column":79}}]},"7":{"loc":{"start":{"line":149,"column":67},"end":{"line":149,"column":79}},"type":"binary-expr","locations":[{"start":{"line":149,"column":67},"end":{"line":149,"column":73}},{"start":{"line":149,"column":77},"end":{"line":149,"column":79}}]},"8":{"loc":{"start":{"line":150,"column":13},"end":{"line":150,"column":52}},"type":"cond-expr","locations":[{"start":{"line":150,"column":32},"end":{"line":150,"column":45}},{"start":{"line":150,"column":48},"end":{"line":150,"column":52}}]}},"s":{"0":1,"1":13,"2":13,"3":0,"4":0,"5":0,"6":0,"7":0,"8":0,"9":0,"10":0,"11":0,"12":0,"13":0,"14":0,"15":0,"16":0,"17":0,"18":0,"19":0,"20":0,"21":0,"22":0,"23":0,"24":0,"25":0,"26":0,"27":0,"28":0,"29":0,"30":0,"31":0,"32":0,"33":0,"34":0,"35":0,"36":0,"37":0,"38":0,"39":0,"40":0,"41":0,"42":0,"43":0,"44":0,"45":0,"46":0,"47":0,"48":0,"49":0,"50":0,"51":0,"52":0,"53":0,"54":0,"55":0,"56":0,"57":0,"58":0,"59":0,"60":0,"61":0,"62":0,"63":0,"64":0,"65":0,"66":0,"67":1},"f":{"0":13,"1":0,"2":0,"3":0,"4":0,"5":0,"6":0,"7":0,"8":0,"9":0,"10":0,"11":0,"12":0,"13":0,"14":0,"15":0},"b":{"0":[0,0],"1":[0],"2":[0],"3":[0],"4":[0],"5":[0,0],"6":[0,0],"7":[0,0],"8":[0,0]}}
,"/Users/danielnoormohamed/Projects/Manasik/service/src/database/repositories/agent.repository.ts": {"path":"/Users/danielnoormohamed/Projects/Manasik/service/src/database/repositories/agent.repository.ts","statementMap":{"0":{"start":{"line":5,"column":0},"end":{"line":5,"column":47}},"1":{"start":{"line":6,"column":0},"end":{"line":6,"column":54}},"2":{"start":{"line":29,"column":4},"end":{"line":29,"column":20}},"3":{"start":{"line":35,"column":22},"end":{"line":40,"column":null}},"4":{"start":{"line":36,"column":18},"end":{"line":36,"column":89}},"5":{"start":{"line":37,"column":20},"end":{"line":37,"column":81}},"6":{"start":{"line":39,"column":4},"end":{"line":39,"column":55}},"7":{"start":{"line":39,"column":30},"end":{"line":39,"column":53}},"8":{"start":{"line":45,"column":21},"end":{"line":50,"column":null}},"9":{"start":{"line":46,"column":18},"end":{"line":46,"column":85}},"10":{"start":{"line":47,"column":20},"end":{"line":47,"column":78}},"11":{"start":{"line":49,"column":4},"end":{"line":49,"column":55}},"12":{"start":{"line":49,"column":30},"end":{"line":49,"column":53}},"13":{"start":{"line":55,"column":26},"end":{"line":60,"column":null}},"14":{"start":{"line":56,"column":18},"end":{"line":56,"column":91}},"15":{"start":{"line":57,"column":20},"end":{"line":57,"column":83}},"16":{"start":{"line":59,"column":4},"end":{"line":59,"column":55}},"17":{"start":{"line":59,"column":30},"end":{"line":59,"column":53}},"18":{"start":{"line":65,"column":19},"end":{"line":70,"column":null}},"19":{"start":{"line":66,"column":18},"end":{"line":66,"column":92}},"20":{"start":{"line":67,"column":20},"end":{"line":67,"column":70}},"21":{"start":{"line":69,"column":4},"end":{"line":69,"column":55}},"22":{"start":{"line":69,"column":30},"end":{"line":69,"column":53}},"23":{"start":{"line":76,"column":18},"end":{"line":76,"column":69}},"24":{"start":{"line":77,"column":19},"end":{"line":77,"column":65}},"25":{"start":{"line":79,"column":4},"end":{"line":79,"column":54}},"26":{"start":{"line":86,"column":4},"end":{"line":86,"column":53}},"27":{"start":{"line":93,"column":4},"end":{"line":93,"column":46}},"28":{"start":{"line":99,"column":24},"end":{"line":104,"column":null}},"29":{"start":{"line":100,"column":18},"end":{"line":100,"column":112}},"30":{"start":{"line":101,"column":20},"end":{"line":101,"column":62}},"31":{"start":{"line":103,"column":4},"end":{"line":103,"column":55}},"32":{"start":{"line":103,"column":30},"end":{"line":103,"column":53}},"33":{"start":{"line":109,"column":25},"end":{"line":114,"column":null}},"34":{"start":{"line":110,"column":18},"end":{"line":110,"column":111}},"35":{"start":{"line":111,"column":20},"end":{"line":111,"column":62}},"36":{"start":{"line":113,"column":4},"end":{"line":113,"column":55}},"37":{"start":{"line":113,"column":30},"end":{"line":113,"column":53}},"38":{"start":{"line":120,"column":4},"end":{"line":129,"column":7}},"39":{"start":{"line":27,"column":0},"end":{"line":27,"column":13}}},"fnMap":{"0":{"name":"(anonymous_7)","decl":{"start":{"line":28,"column":2},"end":{"line":28,"column":null}},"loc":{"start":{"line":28,"column":2},"end":{"line":30,"column":3}}},"1":{"name":"(anonymous_8)","decl":{"start":{"line":35,"column":8},"end":{"line":35,"column":21}},"loc":{"start":{"line":35,"column":21},"end":{"line":40,"column":null}}},"2":{"name":"(anonymous_9)","decl":{"start":{"line":35,"column":22},"end":{"line":35,"column":39}},"loc":{"start":{"line":35,"column":79},"end":{"line":40,"column":3}}},"3":{"name":"(anonymous_10)","decl":{"start":{"line":39,"column":23},"end":{"line":39,"column":26}},"loc":{"start":{"line":39,"column":30},"end":{"line":39,"column":53}}},"4":{"name":"(anonymous_11)","decl":{"start":{"line":45,"column":8},"end":{"line":45,"column":20}},"loc":{"start":{"line":45,"column":20},"end":{"line":50,"column":null}}},"5":{"name":"(anonymous_12)","decl":{"start":{"line":45,"column":21},"end":{"line":45,"column":35}},"loc":{"start":{"line":45,"column":75},"end":{"line":50,"column":3}}},"6":{"name":"(anonymous_13)","decl":{"start":{"line":49,"column":23},"end":{"line":49,"column":26}},"loc":{"start":{"line":49,"column":30},"end":{"line":49,"column":53}}},"7":{"name":"(anonymous_14)","decl":{"start":{"line":55,"column":8},"end":{"line":55,"column":25}},"loc":{"start":{"line":55,"column":25},"end":{"line":60,"column":null}}},"8":{"name":"(anonymous_15)","decl":{"start":{"line":55,"column":26},"end":{"line":55,"column":45}},"loc":{"start":{"line":55,"column":85},"end":{"line":60,"column":3}}},"9":{"name":"(anonymous_16)","decl":{"start":{"line":59,"column":23},"end":{"line":59,"column":26}},"loc":{"start":{"line":59,"column":30},"end":{"line":59,"column":53}}},"10":{"name":"(anonymous_17)","decl":{"start":{"line":65,"column":8},"end":{"line":65,"column":18}},"loc":{"start":{"line":65,"column":18},"end":{"line":70,"column":null}}},"11":{"name":"(anonymous_18)","decl":{"start":{"line":65,"column":19},"end":{"line":65,"column":35}},"loc":{"start":{"line":65,"column":57},"end":{"line":70,"column":3}}},"12":{"name":"(anonymous_19)","decl":{"start":{"line":69,"column":23},"end":{"line":69,"column":26}},"loc":{"start":{"line":69,"column":30},"end":{"line":69,"column":53}}},"13":{"name":"(anonymous_20)","decl":{"start":{"line":75,"column":8},"end":{"line":75,"column":20}},"loc":{"start":{"line":75,"column":35},"end":{"line":80,"column":null}}},"14":{"name":"(anonymous_22)","decl":{"start":{"line":85,"column":8},"end":{"line":85,"column":22}},"loc":{"start":{"line":85,"column":40},"end":{"line":87,"column":null}}},"15":{"name":"(anonymous_24)","decl":{"start":{"line":92,"column":8},"end":{"line":92,"column":21}},"loc":{"start":{"line":92,"column":36},"end":{"line":94,"column":null}}},"16":{"name":"(anonymous_26)","decl":{"start":{"line":99,"column":8},"end":{"line":99,"column":23}},"loc":{"start":{"line":99,"column":23},"end":{"line":104,"column":null}}},"17":{"name":"(anonymous_27)","decl":{"start":{"line":99,"column":24},"end":{"line":99,"column":40}},"loc":{"start":{"line":99,"column":42},"end":{"line":104,"column":3}}},"18":{"name":"(anonymous_28)","decl":{"start":{"line":103,"column":23},"end":{"line":103,"column":26}},"loc":{"start":{"line":103,"column":30},"end":{"line":103,"column":53}}},"19":{"name":"(anonymous_29)","decl":{"start":{"line":109,"column":8},"end":{"line":109,"column":24}},"loc":{"start":{"line":109,"column":24},"end":{"line":114,"column":null}}},"20":{"name":"(anonymous_30)","decl":{"start":{"line":109,"column":25},"end":{"line":109,"column":41}},"loc":{"start":{"line":109,"column":43},"end":{"line":114,"column":3}}},"21":{"name":"(anonymous_31)","decl":{"start":{"line":113,"column":23},"end":{"line":113,"column":26}},"loc":{"start":{"line":113,"column":30},"end":{"line":113,"column":53}}},"22":{"name":"(anonymous_32)","decl":{"start":{"line":119,"column":10},"end":{"line":119,"column":23}},"loc":{"start":{"line":119,"column":37},"end":{"line":130,"column":3}}}},"branchMap":{"0":{"loc":{"start":{"line":35,"column":41},"end":{"line":35,"column":59}},"type":"default-arg","locations":[{"start":{"line":35,"column":57},"end":{"line":35,"column":59}}]},"1":{"loc":{"start":{"line":35,"column":61},"end":{"line":35,"column":79}},"type":"default-arg","locations":[{"start":{"line":35,"column":78},"end":{"line":35,"column":79}}]},"2":{"loc":{"start":{"line":45,"column":37},"end":{"line":45,"column":55}},"type":"default-arg","locations":[{"start":{"line":45,"column":53},"end":{"line":45,"column":55}}]},"3":{"loc":{"start":{"line":45,"column":57},"end":{"line":45,"column":75}},"type":"default-arg","locations":[{"start":{"line":45,"column":74},"end":{"line":45,"column":75}}]},"4":{"loc":{"start":{"line":55,"column":47},"end":{"line":55,"column":65}},"type":"default-arg","locations":[{"start":{"line":55,"column":63},"end":{"line":55,"column":65}}]},"5":{"loc":{"start":{"line":55,"column":67},"end":{"line":55,"column":85}},"type":"default-arg","locations":[{"start":{"line":55,"column":84},"end":{"line":55,"column":85}}]},"6":{"loc":{"start":{"line":65,"column":19},"end":{"line":65,"column":37}},"type":"default-arg","locations":[{"start":{"line":65,"column":35},"end":{"line":65,"column":37}}]},"7":{"loc":{"start":{"line":65,"column":39},"end":{"line":65,"column":57}},"type":"default-arg","locations":[{"start":{"line":65,"column":56},"end":{"line":65,"column":57}}]},"8":{"loc":{"start":{"line":79,"column":11},"end":{"line":79,"column":53}},"type":"cond-expr","locations":[{"start":{"line":79,"column":20},"end":{"line":79,"column":46}},{"start":{"line":79,"column":49},"end":{"line":79,"column":53}}]},"9":{"loc":{"start":{"line":99,"column":24},"end":{"line":99,"column":42}},"type":"default-arg","locations":[{"start":{"line":99,"column":40},"end":{"line":99,"column":42}}]},"10":{"loc":{"start":{"line":109,"column":25},"end":{"line":109,"column":43}},"type":"default-arg","locations":[{"start":{"line":109,"column":41},"end":{"line":109,"column":43}}]}},"s":{"0":1,"1":1,"2":2,"3":0,"4":0,"5":0,"6":0,"7":0,"8":0,"9":0,"10":0,"11":0,"12":0,"13":0,"14":0,"15":0,"16":0,"17":0,"18":0,"19":0,"20":0,"21":0,"22":0,"23":0,"24":0,"25":0,"26":0,"27":0,"28":0,"29":0,"30":0,"31":0,"32":0,"33":0,"34":0,"35":0,"36":0,"37":0,"38":0,"39":1},"f":{"0":2,"1":0,"2":0,"3":0,"4":0,"5":0,"6":0,"7":0,"8":0,"9":0,"10":0,"11":0,"12":0,"13":0,"14":0,"15":0,"16":0,"17":0,"18":0,"19":0,"20":0,"21":0,"22":0},"b":{"0":[0],"1":[0],"2":[0],"3":[0],"4":[0],"5":[0],"6":[0],"7":[0],"8":[0,0],"9":[0],"10":[0]}}
,"/Users/danielnoormohamed/Projects/Manasik/service/src/database/repositories/company-admin.repository.ts": {"path":"/Users/danielnoormohamed/Projects/Manasik/service/src/database/repositories/company-admin.repository.ts","statementMap":{"0":{"start":{"line":5,"column":0},"end":{"line":5,"column":47}},"1":{"start":{"line":6,"column":0},"end":{"line":6,"column":69}},"2":{"start":{"line":24,"column":4},"end":{"line":24,"column":28}},"3":{"start":{"line":30,"column":22},"end":{"line":35,"column":null}},"4":{"start":{"line":31,"column":18},"end":{"line":31,"column":89}},"5":{"start":{"line":32,"column":20},"end":{"line":32,"column":88}},"6":{"start":{"line":34,"column":4},"end":{"line":34,"column":55}},"7":{"start":{"line":34,"column":30},"end":{"line":34,"column":53}},"8":{"start":{"line":40,"column":19},"end":{"line":45,"column":null}},"9":{"start":{"line":41,"column":18},"end":{"line":41,"column":89}},"10":{"start":{"line":42,"column":20},"end":{"line":42,"column":83}},"11":{"start":{"line":44,"column":4},"end":{"line":44,"column":55}},"12":{"start":{"line":44,"column":30},"end":{"line":44,"column":53}},"13":{"start":{"line":50,"column":19},"end":{"line":55,"column":null}},"14":{"start":{"line":51,"column":18},"end":{"line":51,"column":91}},"15":{"start":{"line":52,"column":20},"end":{"line":52,"column":77}},"16":{"start":{"line":54,"column":4},"end":{"line":54,"column":55}},"17":{"start":{"line":54,"column":30},"end":{"line":54,"column":53}},"18":{"start":{"line":61,"column":18},"end":{"line":61,"column":69}},"19":{"start":{"line":62,"column":19},"end":{"line":62,"column":72}},"20":{"start":{"line":64,"column":4},"end":{"line":64,"column":54}},"21":{"start":{"line":71,"column":18},"end":{"line":71,"column":97}},"22":{"start":{"line":72,"column":19},"end":{"line":72,"column":75}},"23":{"start":{"line":74,"column":4},"end":{"line":74,"column":54}},"24":{"start":{"line":81,"column":4},"end":{"line":81,"column":53}},"25":{"start":{"line":88,"column":4},"end":{"line":88,"column":48}},"26":{"start":{"line":95,"column":18},"end":{"line":95,"column":78}},"27":{"start":{"line":96,"column":20},"end":{"line":96,"column":83}},"28":{"start":{"line":98,"column":4},"end":{"line":98,"column":51}},"29":{"start":{"line":98,"column":30},"end":{"line":98,"column":49}},"30":{"start":{"line":105,"column":18},"end":{"line":105,"column":85}},"31":{"start":{"line":107,"column":4},"end":{"line":116,"column":5}},"32":{"start":{"line":108,"column":6},"end":{"line":108,"column":60}},"33":{"start":{"line":109,"column":6},"end":{"line":109,"column":18}},"34":{"start":{"line":112,"column":6},"end":{"line":114,"column":7}},"35":{"start":{"line":113,"column":8},"end":{"line":113,"column":20}},"36":{"start":{"line":115,"column":6},"end":{"line":115,"column":18}},"37":{"start":{"line":123,"column":18},"end":{"line":123,"column":86}},"38":{"start":{"line":124,"column":21},"end":{"line":124,"column":74}},"39":{"start":{"line":126,"column":4},"end":{"line":126,"column":44}},"40":{"start":{"line":133,"column":4},"end":{"line":141,"column":7}},"41":{"start":{"line":22,"column":0},"end":{"line":22,"column":13}}},"fnMap":{"0":{"name":"(anonymous_7)","decl":{"start":{"line":23,"column":2},"end":{"line":23,"column":null}},"loc":{"start":{"line":23,"column":2},"end":{"line":25,"column":3}}},"1":{"name":"(anonymous_8)","decl":{"start":{"line":30,"column":8},"end":{"line":30,"column":21}},"loc":{"start":{"line":30,"column":21},"end":{"line":35,"column":null}}},"2":{"name":"(anonymous_9)","decl":{"start":{"line":30,"column":22},"end":{"line":30,"column":39}},"loc":{"start":{"line":30,"column":79},"end":{"line":35,"column":3}}},"3":{"name":"(anonymous_10)","decl":{"start":{"line":34,"column":23},"end":{"line":34,"column":26}},"loc":{"start":{"line":34,"column":30},"end":{"line":34,"column":53}}},"4":{"name":"(anonymous_11)","decl":{"start":{"line":40,"column":8},"end":{"line":40,"column":18}},"loc":{"start":{"line":40,"column":18},"end":{"line":45,"column":null}}},"5":{"name":"(anonymous_12)","decl":{"start":{"line":40,"column":19},"end":{"line":40,"column":31}},"loc":{"start":{"line":40,"column":71},"end":{"line":45,"column":3}}},"6":{"name":"(anonymous_13)","decl":{"start":{"line":44,"column":23},"end":{"line":44,"column":26}},"loc":{"start":{"line":44,"column":30},"end":{"line":44,"column":53}}},"7":{"name":"(anonymous_14)","decl":{"start":{"line":50,"column":8},"end":{"line":50,"column":18}},"loc":{"start":{"line":50,"column":18},"end":{"line":55,"column":null}}},"8":{"name":"(anonymous_15)","decl":{"start":{"line":50,"column":19},"end":{"line":50,"column":35}},"loc":{"start":{"line":50,"column":57},"end":{"line":55,"column":3}}},"9":{"name":"(anonymous_16)","decl":{"start":{"line":54,"column":23},"end":{"line":54,"column":26}},"loc":{"start":{"line":54,"column":30},"end":{"line":54,"column":53}}},"10":{"name":"(anonymous_17)","decl":{"start":{"line":60,"column":8},"end":{"line":60,"column":20}},"loc":{"start":{"line":60,"column":35},"end":{"line":65,"column":null}}},"11":{"name":"(anonymous_19)","decl":{"start":{"line":70,"column":8},"end":{"line":70,"column":17}},"loc":{"start":{"line":70,"column":35},"end":{"line":75,"column":null}}},"12":{"name":"(anonymous_21)","decl":{"start":{"line":80,"column":8},"end":{"line":80,"column":22}},"loc":{"start":{"line":80,"column":40},"end":{"line":82,"column":null}}},"13":{"name":"(anonymous_23)","decl":{"start":{"line":87,"column":8},"end":{"line":87,"column":19}},"loc":{"start":{"line":87,"column":32},"end":{"line":89,"column":null}}},"14":{"name":"(anonymous_25)","decl":{"start":{"line":94,"column":8},"end":{"line":94,"column":22}},"loc":{"start":{"line":94,"column":38},"end":{"line":99,"column":null}}},"15":{"name":"(anonymous_27)","decl":{"start":{"line":98,"column":23},"end":{"line":98,"column":26}},"loc":{"start":{"line":98,"column":30},"end":{"line":98,"column":49}}},"16":{"name":"(anonymous_28)","decl":{"start":{"line":104,"column":8},"end":{"line":104,"column":21}},"loc":{"start":{"line":104,"column":57},"end":{"line":117,"column":null}}},"17":{"name":"(anonymous_30)","decl":{"start":{"line":122,"column":8},"end":{"line":122,"column":24}},"loc":{"start":{"line":122,"column":60},"end":{"line":127,"column":null}}},"18":{"name":"(anonymous_32)","decl":{"start":{"line":132,"column":10},"end":{"line":132,"column":23}},"loc":{"start":{"line":132,"column":44},"end":{"line":142,"column":3}}}},"branchMap":{"0":{"loc":{"start":{"line":30,"column":41},"end":{"line":30,"column":59}},"type":"default-arg","locations":[{"start":{"line":30,"column":57},"end":{"line":30,"column":59}}]},"1":{"loc":{"start":{"line":30,"column":61},"end":{"line":30,"column":79}},"type":"default-arg","locations":[{"start":{"line":30,"column":78},"end":{"line":30,"column":79}}]},"2":{"loc":{"start":{"line":40,"column":33},"end":{"line":40,"column":51}},"type":"default-arg","locations":[{"start":{"line":40,"column":49},"end":{"line":40,"column":51}}]},"3":{"loc":{"start":{"line":40,"column":53},"end":{"line":40,"column":71}},"type":"default-arg","locations":[{"start":{"line":40,"column":70},"end":{"line":40,"column":71}}]},"4":{"loc":{"start":{"line":50,"column":19},"end":{"line":50,"column":37}},"type":"default-arg","locations":[{"start":{"line":50,"column":35},"end":{"line":50,"column":37}}]},"5":{"loc":{"start":{"line":50,"column":39},"end":{"line":50,"column":57}},"type":"default-arg","locations":[{"start":{"line":50,"column":56},"end":{"line":50,"column":57}}]},"6":{"loc":{"start":{"line":64,"column":11},"end":{"line":64,"column":53}},"type":"cond-expr","locations":[{"start":{"line":64,"column":20},"end":{"line":64,"column":46}},{"start":{"line":64,"column":49},"end":{"line":64,"column":53}}]},"7":{"loc":{"start":{"line":74,"column":11},"end":{"line":74,"column":53}},"type":"cond-expr","locations":[{"start":{"line":74,"column":20},"end":{"line":74,"column":46}},{"start":{"line":74,"column":49},"end":{"line":74,"column":53}}]},"8":{"loc":{"start":{"line":112,"column":6},"end":{"line":114,"column":7}},"type":"if","locations":[{"start":{"line":112,"column":6},"end":{"line":114,"column":7}}]}},"s":{"0":0,"1":0,"2":0,"3":0,"4":0,"5":0,"6":0,"7":0,"8":0,"9":0,"10":0,"11":0,"12":0,"13":0,"14":0,"15":0,"16":0,"17":0,"18":0,"19":0,"20":0,"21":0,"22":0,"23":0,"24":0,"25":0,"26":0,"27":0,"28":0,"29":0,"30":0,"31":0,"32":0,"33":0,"34":0,"35":0,"36":0,"37":0,"38":0,"39":0,"40":0,"41":0},"f":{"0":0,"1":0,"2":0,"3":0,"4":0,"5":0,"6":0,"7":0,"8":0,"9":0,"10":0,"11":0,"12":0,"13":0,"14":0,"15":0,"16":0,"17":0,"18":0},"b":{"0":[0],"1":[0],"2":[0],"3":[0],"4":[0],"5":[0],"6":[0,0],"7":[0,0],"8":[0]}}
,"/Users/danielnoormohamed/Projects/Manasik/service/src/database/repositories/company.repository.ts": {"path":"/Users/danielnoormohamed/Projects/Manasik/service/src/database/repositories/company.repository.ts","statementMap":{"0":{"start":{"line":5,"column":0},"end":{"line":5,"column":47}},"1":{"start":{"line":6,"column":0},"end":{"line":6,"column":47}},"2":{"start":{"line":29,"column":4},"end":{"line":29,"column":23}},"3":{"start":{"line":35,"column":26},"end":{"line":40,"column":null}},"4":{"start":{"line":36,"column":18},"end":{"line":36,"column":91}},"5":{"start":{"line":37,"column":20},"end":{"line":37,"column":85}},"6":{"start":{"line":39,"column":4},"end":{"line":39,"column":57}},"7":{"start":{"line":39,"column":30},"end":{"line":39,"column":55}},"8":{"start":{"line":45,"column":19},"end":{"line":50,"column":null}},"9":{"start":{"line":46,"column":18},"end":{"line":46,"column":83}},"10":{"start":{"line":47,"column":20},"end":{"line":47,"column":78}},"11":{"start":{"line":49,"column":4},"end":{"line":49,"column":57}},"12":{"start":{"line":49,"column":30},"end":{"line":49,"column":55}},"13":{"start":{"line":55,"column":21},"end":{"line":60,"column":null}},"14":{"start":{"line":56,"column":18},"end":{"line":56,"column":114}},"15":{"start":{"line":57,"column":20},"end":{"line":57,"column":72}},"16":{"start":{"line":59,"column":4},"end":{"line":59,"column":57}},"17":{"start":{"line":59,"column":30},"end":{"line":59,"column":55}},"18":{"start":{"line":65,"column":19},"end":{"line":70,"column":null}},"19":{"start":{"line":66,"column":18},"end":{"line":66,"column":91}},"20":{"start":{"line":67,"column":20},"end":{"line":67,"column":72}},"21":{"start":{"line":69,"column":4},"end":{"line":69,"column":57}},"22":{"start":{"line":69,"column":30},"end":{"line":69,"column":55}},"23":{"start":{"line":76,"column":4},"end":{"line":76,"column":57}},"24":{"start":{"line":83,"column":4},"end":{"line":83,"column":65}},"25":{"start":{"line":89,"column":21},"end":{"line":94,"column":null}},"26":{"start":{"line":90,"column":18},"end":{"line":90,"column":86}},"27":{"start":{"line":91,"column":20},"end":{"line":91,"column":85}},"28":{"start":{"line":93,"column":4},"end":{"line":93,"column":57}},"29":{"start":{"line":93,"column":30},"end":{"line":93,"column":55}},"30":{"start":{"line":100,"column":4},"end":{"line":112,"column":7}},"31":{"start":{"line":27,"column":0},"end":{"line":27,"column":13}}},"fnMap":{"0":{"name":"(anonymous_7)","decl":{"start":{"line":28,"column":2},"end":{"line":28,"column":null}},"loc":{"start":{"line":28,"column":2},"end":{"line":30,"column":3}}},"1":{"name":"(anonymous_8)","decl":{"start":{"line":35,"column":8},"end":{"line":35,"column":25}},"loc":{"start":{"line":35,"column":25},"end":{"line":40,"column":null}}},"2":{"name":"(anonymous_9)","decl":{"start":{"line":35,"column":26},"end":{"line":35,"column":45}},"loc":{"start":{"line":35,"column":85},"end":{"line":40,"column":3}}},"3":{"name":"(anonymous_10)","decl":{"start":{"line":39,"column":23},"end":{"line":39,"column":26}},"loc":{"start":{"line":39,"column":30},"end":{"line":39,"column":55}}},"4":{"name":"(anonymous_11)","decl":{"start":{"line":45,"column":8},"end":{"line":45,"column":18}},"loc":{"start":{"line":45,"column":18},"end":{"line":50,"column":null}}},"5":{"name":"(anonymous_12)","decl":{"start":{"line":45,"column":19},"end":{"line":45,"column":31}},"loc":{"start":{"line":45,"column":71},"end":{"line":50,"column":3}}},"6":{"name":"(anonymous_13)","decl":{"start":{"line":49,"column":23},"end":{"line":49,"column":26}},"loc":{"start":{"line":49,"column":30},"end":{"line":49,"column":55}}},"7":{"name":"(anonymous_14)","decl":{"start":{"line":55,"column":8},"end":{"line":55,"column":20}},"loc":{"start":{"line":55,"column":20},"end":{"line":60,"column":null}}},"8":{"name":"(anonymous_15)","decl":{"start":{"line":55,"column":21},"end":{"line":55,"column":37}},"loc":{"start":{"line":55,"column":59},"end":{"line":60,"column":3}}},"9":{"name":"(anonymous_16)","decl":{"start":{"line":59,"column":23},"end":{"line":59,"column":26}},"loc":{"start":{"line":59,"column":30},"end":{"line":59,"column":55}}},"10":{"name":"(anonymous_17)","decl":{"start":{"line":65,"column":8},"end":{"line":65,"column":18}},"loc":{"start":{"line":65,"column":18},"end":{"line":70,"column":null}}},"11":{"name":"(anonymous_18)","decl":{"start":{"line":65,"column":19},"end":{"line":65,"column":35}},"loc":{"start":{"line":65,"column":57},"end":{"line":70,"column":3}}},"12":{"name":"(anonymous_19)","decl":{"start":{"line":69,"column":23},"end":{"line":69,"column":26}},"loc":{"start":{"line":69,"column":30},"end":{"line":69,"column":55}}},"13":{"name":"(anonymous_20)","decl":{"start":{"line":75,"column":8},"end":{"line":75,"column":26}},"loc":{"start":{"line":75,"column":46},"end":{"line":77,"column":null}}},"14":{"name":"(anonymous_22)","decl":{"start":{"line":82,"column":8},"end":{"line":82,"column":21}},"loc":{"start":{"line":82,"column":21},"end":{"line":84,"column":null}}},"15":{"name":"(anonymous_24)","decl":{"start":{"line":89,"column":8},"end":{"line":89,"column":20}},"loc":{"start":{"line":89,"column":20},"end":{"line":94,"column":null}}},"16":{"name":"(anonymous_25)","decl":{"start":{"line":89,"column":21},"end":{"line":89,"column":33}},"loc":{"start":{"line":89,"column":73},"end":{"line":94,"column":3}}},"17":{"name":"(anonymous_26)","decl":{"start":{"line":93,"column":23},"end":{"line":93,"column":26}},"loc":{"start":{"line":93,"column":30},"end":{"line":93,"column":55}}},"18":{"name":"(anonymous_27)","decl":{"start":{"line":99,"column":10},"end":{"line":99,"column":25}},"loc":{"start":{"line":99,"column":41},"end":{"line":113,"column":3}}}},"branchMap":{"0":{"loc":{"start":{"line":35,"column":47},"end":{"line":35,"column":65}},"type":"default-arg","locations":[{"start":{"line":35,"column":63},"end":{"line":35,"column":65}}]},"1":{"loc":{"start":{"line":35,"column":67},"end":{"line":35,"column":85}},"type":"default-arg","locations":[{"start":{"line":35,"column":84},"end":{"line":35,"column":85}}]},"2":{"loc":{"start":{"line":45,"column":33},"end":{"line":45,"column":51}},"type":"default-arg","locations":[{"start":{"line":45,"column":49},"end":{"line":45,"column":51}}]},"3":{"loc":{"start":{"line":45,"column":53},"end":{"line":45,"column":71}},"type":"default-arg","locations":[{"start":{"line":45,"column":70},"end":{"line":45,"column":71}}]},"4":{"loc":{"start":{"line":55,"column":21},"end":{"line":55,"column":39}},"type":"default-arg","locations":[{"start":{"line":55,"column":37},"end":{"line":55,"column":39}}]},"5":{"loc":{"start":{"line":55,"column":41},"end":{"line":55,"column":59}},"type":"default-arg","locations":[{"start":{"line":55,"column":58},"end":{"line":55,"column":59}}]},"6":{"loc":{"start":{"line":65,"column":19},"end":{"line":65,"column":37}},"type":"default-arg","locations":[{"start":{"line":65,"column":35},"end":{"line":65,"column":37}}]},"7":{"loc":{"start":{"line":65,"column":39},"end":{"line":65,"column":57}},"type":"default-arg","locations":[{"start":{"line":65,"column":56},"end":{"line":65,"column":57}}]},"8":{"loc":{"start":{"line":89,"column":35},"end":{"line":89,"column":53}},"type":"default-arg","locations":[{"start":{"line":89,"column":51},"end":{"line":89,"column":53}}]},"9":{"loc":{"start":{"line":89,"column":55},"end":{"line":89,"column":73}},"type":"default-arg","locations":[{"start":{"line":89,"column":72},"end":{"line":89,"column":73}}]}},"s":{"0":1,"1":1,"2":3,"3":0,"4":0,"5":0,"6":0,"7":0,"8":0,"9":0,"10":0,"11":0,"12":0,"13":0,"14":0,"15":0,"16":0,"17":0,"18":0,"19":0,"20":0,"21":0,"22":0,"23":0,"24":0,"25":0,"26":0,"27":0,"28":0,"29":0,"30":0,"31":1},"f":{"0":3,"1":0,"2":0,"3":0,"4":0,"5":0,"6":0,"7":0,"8":0,"9":0,"10":0,"11":0,"12":0,"13":0,"14":0,"15":0,"16":0,"17":0,"18":0},"b":{"0":[0],"1":[0],"2":[0],"3":[0],"4":[0],"5":[0],"6":[0],"7":[0],"8":[0],"9":[0]}}
,"/Users/danielnoormohamed/Projects/Manasik/service/src/database/repositories/index.ts": {"path":"/Users/danielnoormohamed/Projects/Manasik/service/src/database/repositories/index.ts","statementMap":{"0":{"start":{"line":28,"column":0},"end":{"line":28,"column":16}},"1":{"start":{"line":35,"column":0},"end":{"line":35,"column":16}},"2":{"start":{"line":42,"column":0},"end":{"line":42,"column":16}},"3":{"start":{"line":49,"column":0},"end":{"line":49,"column":16}},"4":{"start":{"line":56,"column":0},"end":{"line":56,"column":16}},"5":{"start":{"line":63,"column":0},"end":{"line":63,"column":16}},"6":{"start":{"line":5,"column":0},"end":{"line":5,"column":51}},"7":{"start":{"line":6,"column":0},"end":{"line":6,"column":57}},"8":{"start":{"line":7,"column":0},"end":{"line":7,"column":53}},"9":{"start":{"line":8,"column":0},"end":{"line":8,"column":68}},"10":{"start":{"line":9,"column":0},"end":{"line":9,"column":51}},"11":{"start":{"line":10,"column":0},"end":{"line":10,"column":63}},"12":{"start":{"line":12,"column":0},"end":{"line":12,"column":9}},"13":{"start":{"line":12,"column":9},"end":{"line":12,"column":47}},"14":{"start":{"line":13,"column":0},"end":{"line":13,"column":9}},"15":{"start":{"line":13,"column":9},"end":{"line":13,"column":51}},"16":{"start":{"line":14,"column":0},"end":{"line":14,"column":9}},"17":{"start":{"line":14,"column":9},"end":{"line":14,"column":57}},"18":{"start":{"line":15,"column":0},"end":{"line":15,"column":9}},"19":{"start":{"line":15,"column":9},"end":{"line":15,"column":53}},"20":{"start":{"line":16,"column":0},"end":{"line":16,"column":9}},"21":{"start":{"line":16,"column":9},"end":{"line":16,"column":68}},"22":{"start":{"line":17,"column":0},"end":{"line":17,"column":9}},"23":{"start":{"line":17,"column":9},"end":{"line":17,"column":51}},"24":{"start":{"line":18,"column":0},"end":{"line":18,"column":9}},"25":{"start":{"line":18,"column":9},"end":{"line":18,"column":63}},"26":{"start":{"line":21,"column":44},"end":{"line":21,"column":48}},"27":{"start":{"line":22,"column":50},"end":{"line":22,"column":54}},"28":{"start":{"line":23,"column":46},"end":{"line":23,"column":50}},"29":{"start":{"line":24,"column":60},"end":{"line":24,"column":64}},"30":{"start":{"line":25,"column":44},"end":{"line":25,"column":48}},"31":{"start":{"line":26,"column":56},"end":{"line":26,"column":60}},"32":{"start":{"line":29,"column":2},"end":{"line":31,"column":3}},"33":{"start":{"line":30,"column":4},"end":{"line":30,"column":42}},"34":{"start":{"line":32,"column":2},"end":{"line":32,"column":24}},"35":{"start":{"line":36,"column":2},"end":{"line":38,"column":3}},"36":{"start":{"line":37,"column":4},"end":{"line":37,"column":48}},"37":{"start":{"line":39,"column":2},"end":{"line":39,"column":27}},"38":{"start":{"line":43,"column":2},"end":{"line":45,"column":3}},"39":{"start":{"line":44,"column":4},"end":{"line":44,"column":44}},"40":{"start":{"line":46,"column":2},"end":{"line":46,"column":25}},"41":{"start":{"line":50,"column":2},"end":{"line":52,"column":3}},"42":{"start":{"line":51,"column":4},"end":{"line":51,"column":58}},"43":{"start":{"line":53,"column":2},"end":{"line":53,"column":32}},"44":{"start":{"line":57,"column":2},"end":{"line":59,"column":3}},"45":{"start":{"line":58,"column":4},"end":{"line":58,"column":42}},"46":{"start":{"line":60,"column":2},"end":{"line":60,"column":24}},"47":{"start":{"line":64,"column":2},"end":{"line":66,"column":3}},"48":{"start":{"line":65,"column":4},"end":{"line":65,"column":54}},"49":{"start":{"line":67,"column":2},"end":{"line":67,"column":30}}},"fnMap":{"0":{"name":"(anonymous_0)","decl":{"start":{"line":12,"column":9},"end":{"line":12,"column":23}},"loc":{"start":{"line":12,"column":9},"end":{"line":12,"column":47}}},"1":{"name":"(anonymous_1)","decl":{"start":{"line":13,"column":9},"end":{"line":13,"column":23}},"loc":{"start":{"line":13,"column":9},"end":{"line":13,"column":51}}},"2":{"name":"(anonymous_2)","decl":{"start":{"line":14,"column":9},"end":{"line":14,"column":26}},"loc":{"start":{"line":14,"column":9},"end":{"line":14,"column":57}}},"3":{"name":"(anonymous_3)","decl":{"start":{"line":15,"column":9},"end":{"line":15,"column":24}},"loc":{"start":{"line":15,"column":9},"end":{"line":15,"column":53}}},"4":{"name":"(anonymous_4)","decl":{"start":{"line":16,"column":9},"end":{"line":16,"column":31}},"loc":{"start":{"line":16,"column":9},"end":{"line":16,"column":68}}},"5":{"name":"(anonymous_5)","decl":{"start":{"line":17,"column":9},"end":{"line":17,"column":23}},"loc":{"start":{"line":17,"column":9},"end":{"line":17,"column":51}}},"6":{"name":"(anonymous_6)","decl":{"start":{"line":18,"column":9},"end":{"line":18,"column":29}},"loc":{"start":{"line":18,"column":9},"end":{"line":18,"column":63}}},"7":{"name":"getUserRepository","decl":{"start":{"line":28,"column":16},"end":{"line":28,"column":33}},"loc":{"start":{"line":28,"column":33},"end":{"line":33,"column":1}}},"8":{"name":"getCompanyRepository","decl":{"start":{"line":35,"column":16},"end":{"line":35,"column":36}},"loc":{"start":{"line":35,"column":36},"end":{"line":40,"column":1}}},"9":{"name":"getAgentRepository","decl":{"start":{"line":42,"column":16},"end":{"line":42,"column":34}},"loc":{"start":{"line":42,"column":34},"end":{"line":47,"column":1}}},"10":{"name":"getCompanyAdminRepository","decl":{"start":{"line":49,"column":16},"end":{"line":49,"column":41}},"loc":{"start":{"line":49,"column":41},"end":{"line":54,"column":1}}},"11":{"name":"getRoleRepository","decl":{"start":{"line":56,"column":16},"end":{"line":56,"column":33}},"loc":{"start":{"line":56,"column":33},"end":{"line":61,"column":1}}},"12":{"name":"getPermissionRepository","decl":{"start":{"line":63,"column":16},"end":{"line":63,"column":39}},"loc":{"start":{"line":63,"column":39},"end":{"line":68,"column":1}}}},"branchMap":{"0":{"loc":{"start":{"line":29,"column":2},"end":{"line":31,"column":3}},"type":"if","locations":[{"start":{"line":29,"column":2},"end":{"line":31,"column":3}}]},"1":{"loc":{"start":{"line":36,"column":2},"end":{"line":38,"column":3}},"type":"if","locations":[{"start":{"line":36,"column":2},"end":{"line":38,"column":3}}]},"2":{"loc":{"start":{"line":43,"column":2},"end":{"line":45,"column":3}},"type":"if","locations":[{"start":{"line":43,"column":2},"end":{"line":45,"column":3}}]},"3":{"loc":{"start":{"line":50,"column":2},"end":{"line":52,"column":3}},"type":"if","locations":[{"start":{"line":50,"column":2},"end":{"line":52,"column":3}}]},"4":{"loc":{"start":{"line":57,"column":2},"end":{"line":59,"column":3}},"type":"if","locations":[{"start":{"line":57,"column":2},"end":{"line":59,"column":3}}]},"5":{"loc":{"start":{"line":64,"column":2},"end":{"line":66,"column":3}},"type":"if","locations":[{"start":{"line":64,"column":2},"end":{"line":66,"column":3}}]}},"s":{"0":0,"1":0,"2":0,"3":0,"4":0,"5":0,"6":0,"7":0,"8":0,"9":0,"10":0,"11":0,"12":0,"13":0,"14":0,"15":0,"16":0,"17":0,"18":0,"19":0,"20":0,"21":0,"22":0,"23":0,"24":0,"25":0,"26":0,"27":0,"28":0,"29":0,"30":0,"31":0,"32":0,"33":0,"34":0,"35":0,"36":0,"37":0,"38":0,"39":0,"40":0,"41":0,"42":0,"43":0,"44":0,"45":0,"46":0,"47":0,"48":0,"49":0},"f":{"0":0,"1":0,"2":0,"3":0,"4":0,"5":0,"6":0,"7":0,"8":0,"9":0,"10":0,"11":0,"12":0},"b":{"0":[0],"1":[0],"2":[0],"3":[0],"4":[0],"5":[0]}}
,"/Users/danielnoormohamed/Projects/Manasik/service/src/database/repositories/permission.repository.ts": {"path":"/Users/danielnoormohamed/Projects/Manasik/service/src/database/repositories/permission.repository.ts","statementMap":{"0":{"start":{"line":5,"column":0},"end":{"line":5,"column":47}},"1":{"start":{"line":28,"column":4},"end":{"line":28,"column":25}},"2":{"start":{"line":35,"column":18},"end":{"line":35,"column":66}},"3":{"start":{"line":36,"column":19},"end":{"line":36,"column":68}},"4":{"start":{"line":38,"column":4},"end":{"line":38,"column":59}},"5":{"start":{"line":45,"column":18},"end":{"line":45,"column":51}},"6":{"start":{"line":46,"column":20},"end":{"line":46,"column":58}},"7":{"start":{"line":48,"column":4},"end":{"line":48,"column":60}},"8":{"start":{"line":48,"column":30},"end":{"line":48,"column":58}},"9":{"start":{"line":55,"column":18},"end":{"line":55,"column":85}},"10":{"start":{"line":56,"column":19},"end":{"line":56,"column":80}},"11":{"start":{"line":58,"column":4},"end":{"line":58,"column":59}},"12":{"start":{"line":65,"column":18},"end":{"line":75,"column":6}},"13":{"start":{"line":76,"column":20},"end":{"line":76,"column":76}},"14":{"start":{"line":78,"column":4},"end":{"line":78,"column":60}},"15":{"start":{"line":78,"column":30},"end":{"line":78,"column":58}},"16":{"start":{"line":85,"column":18},"end":{"line":85,"column":87}},"17":{"start":{"line":87,"column":4},"end":{"line":95,"column":5}},"18":{"start":{"line":88,"column":6},"end":{"line":88,"column":61}},"19":{"start":{"line":89,"column":6},"end":{"line":89,"column":18}},"20":{"start":{"line":91,"column":6},"end":{"line":93,"column":7}},"21":{"start":{"line":92,"column":8},"end":{"line":92,"column":20}},"22":{"start":{"line":94,"column":6},"end":{"line":94,"column":18}},"23":{"start":{"line":102,"column":18},"end":{"line":102,"column":88}},"24":{"start":{"line":103,"column":21},"end":{"line":103,"column":75}},"25":{"start":{"line":105,"column":4},"end":{"line":105,"column":44}},"26":{"start":{"line":112,"column":4},"end":{"line":119,"column":6}},"27":{"start":{"line":26,"column":0},"end":{"line":26,"column":13}}},"fnMap":{"0":{"name":"(anonymous_7)","decl":{"start":{"line":27,"column":2},"end":{"line":27,"column":null}},"loc":{"start":{"line":27,"column":2},"end":{"line":29,"column":3}}},"1":{"name":"(anonymous_8)","decl":{"start":{"line":34,"column":8},"end":{"line":34,"column":18}},"loc":{"start":{"line":34,"column":31},"end":{"line":39,"column":null}}},"2":{"name":"(anonymous_10)","decl":{"start":{"line":44,"column":8},"end":{"line":44,"column":15}},"loc":{"start":{"line":44,"column":15},"end":{"line":49,"column":null}}},"3":{"name":"(anonymous_12)","decl":{"start":{"line":48,"column":23},"end":{"line":48,"column":26}},"loc":{"start":{"line":48,"column":30},"end":{"line":48,"column":58}}},"4":{"name":"(anonymous_13)","decl":{"start":{"line":54,"column":8},"end":{"line":54,"column":28}},"loc":{"start":{"line":54,"column":61},"end":{"line":59,"column":null}}},"5":{"name":"(anonymous_15)","decl":{"start":{"line":64,"column":8},"end":{"line":64,"column":26}},"loc":{"start":{"line":64,"column":41},"end":{"line":79,"column":null}}},"6":{"name":"(anonymous_17)","decl":{"start":{"line":78,"column":23},"end":{"line":78,"column":26}},"loc":{"start":{"line":78,"column":30},"end":{"line":78,"column":58}}},"7":{"name":"(anonymous_18)","decl":{"start":{"line":84,"column":8},"end":{"line":84,"column":27}},"loc":{"start":{"line":84,"column":64},"end":{"line":96,"column":null}}},"8":{"name":"(anonymous_20)","decl":{"start":{"line":101,"column":8},"end":{"line":101,"column":32}},"loc":{"start":{"line":101,"column":69},"end":{"line":106,"column":null}}},"9":{"name":"(anonymous_22)","decl":{"start":{"line":111,"column":10},"end":{"line":111,"column":28}},"loc":{"start":{"line":111,"column":47},"end":{"line":120,"column":3}}}},"branchMap":{"0":{"loc":{"start":{"line":38,"column":11},"end":{"line":38,"column":58}},"type":"cond-expr","locations":[{"start":{"line":38,"column":20},"end":{"line":38,"column":51}},{"start":{"line":38,"column":54},"end":{"line":38,"column":58}}]},"1":{"loc":{"start":{"line":58,"column":11},"end":{"line":58,"column":58}},"type":"cond-expr","locations":[{"start":{"line":58,"column":20},"end":{"line":58,"column":51}},{"start":{"line":58,"column":54},"end":{"line":58,"column":58}}]},"2":{"loc":{"start":{"line":91,"column":6},"end":{"line":93,"column":7}},"type":"if","locations":[{"start":{"line":91,"column":6},"end":{"line":93,"column":7}}]}},"s":{"0":1,"1":2,"2":0,"3":0,"4":0,"5":0,"6":0,"7":0,"8":0,"9":0,"10":0,"11":0,"12":0,"13":0,"14":0,"15":0,"16":0,"17":0,"18":0,"19":0,"20":0,"21":0,"22":0,"23":0,"24":0,"25":0,"26":0,"27":1},"f":{"0":2,"1":0,"2":0,"3":0,"4":0,"5":0,"6":0,"7":0,"8":0,"9":0},"b":{"0":[0,0],"1":[0,0],"2":[0]}}
,"/Users/danielnoormohamed/Projects/Manasik/service/src/database/repositories/role.repository.ts": {"path":"/Users/danielnoormohamed/Projects/Manasik/service/src/database/repositories/role.repository.ts","statementMap":{"0":{"start":{"line":5,"column":0},"end":{"line":5,"column":47}},"1":{"start":{"line":28,"column":4},"end":{"line":28,"column":19}},"2":{"start":{"line":35,"column":18},"end":{"line":35,"column":66}},"3":{"start":{"line":36,"column":19},"end":{"line":36,"column":62}},"4":{"start":{"line":38,"column":4},"end":{"line":38,"column":53}},"5":{"start":{"line":45,"column":18},"end":{"line":45,"column":74}},"6":{"start":{"line":46,"column":20},"end":{"line":46,"column":52}},"7":{"start":{"line":48,"column":4},"end":{"line":48,"column":54}},"8":{"start":{"line":48,"column":30},"end":{"line":48,"column":52}},"9":{"start":{"line":55,"column":22},"end":{"line":55,"column":68}},"10":{"start":{"line":56,"column":17},"end":{"line":56,"column":66}},"11":{"start":{"line":58,"column":4},"end":{"line":58,"column":27}},"12":{"start":{"line":58,"column":15},"end":{"line":58,"column":27}},"13":{"start":{"line":60,"column":29},"end":{"line":64,"column":6}},"14":{"start":{"line":65,"column":24},"end":{"line":65,"column":73}},"15":{"start":{"line":67,"column":4},"end":{"line":69,"column":null}},"16":{"start":{"line":77,"column":18},"end":{"line":77,"column":87}},"17":{"start":{"line":79,"column":4},"end":{"line":87,"column":5}},"18":{"start":{"line":80,"column":6},"end":{"line":80,"column":61}},"19":{"start":{"line":81,"column":6},"end":{"line":81,"column":18}},"20":{"start":{"line":83,"column":6},"end":{"line":85,"column":7}},"21":{"start":{"line":84,"column":8},"end":{"line":84,"column":20}},"22":{"start":{"line":86,"column":6},"end":{"line":86,"column":18}},"23":{"start":{"line":94,"column":18},"end":{"line":94,"column":88}},"24":{"start":{"line":95,"column":21},"end":{"line":95,"column":75}},"25":{"start":{"line":97,"column":4},"end":{"line":97,"column":44}},"26":{"start":{"line":104,"column":4},"end":{"line":111,"column":6}},"27":{"start":{"line":26,"column":0},"end":{"line":26,"column":13}}},"fnMap":{"0":{"name":"(anonymous_7)","decl":{"start":{"line":27,"column":2},"end":{"line":27,"column":null}},"loc":{"start":{"line":27,"column":2},"end":{"line":29,"column":3}}},"1":{"name":"(anonymous_8)","decl":{"start":{"line":34,"column":8},"end":{"line":34,"column":18}},"loc":{"start":{"line":34,"column":31},"end":{"line":39,"column":null}}},"2":{"name":"(anonymous_10)","decl":{"start":{"line":44,"column":8},"end":{"line":44,"column":23}},"loc":{"start":{"line":44,"column":23},"end":{"line":49,"column":null}}},"3":{"name":"(anonymous_12)","decl":{"start":{"line":48,"column":23},"end":{"line":48,"column":26}},"loc":{"start":{"line":48,"column":30},"end":{"line":48,"column":52}}},"4":{"name":"(anonymous_13)","decl":{"start":{"line":54,"column":8},"end":{"line":54,"column":30}},"loc":{"start":{"line":54,"column":45},"end":{"line":71,"column":null}}},"5":{"name":"(anonymous_15)","decl":{"start":{"line":76,"column":8},"end":{"line":76,"column":27}},"loc":{"start":{"line":76,"column":64},"end":{"line":88,"column":null}}},"6":{"name":"(anonymous_17)","decl":{"start":{"line":93,"column":8},"end":{"line":93,"column":32}},"loc":{"start":{"line":93,"column":69},"end":{"line":98,"column":null}}},"7":{"name":"(anonymous_19)","decl":{"start":{"line":103,"column":10},"end":{"line":103,"column":22}},"loc":{"start":{"line":103,"column":35},"end":{"line":112,"column":3}}}},"branchMap":{"0":{"loc":{"start":{"line":38,"column":11},"end":{"line":38,"column":52}},"type":"cond-expr","locations":[{"start":{"line":38,"column":20},"end":{"line":38,"column":45}},{"start":{"line":38,"column":48},"end":{"line":38,"column":52}}]},"1":{"loc":{"start":{"line":58,"column":4},"end":{"line":58,"column":27}},"type":"if","locations":[{"start":{"line":58,"column":4},"end":{"line":58,"column":27}}]},"2":{"loc":{"start":{"line":83,"column":6},"end":{"line":85,"column":7}},"type":"if","locations":[{"start":{"line":83,"column":6},"end":{"line":85,"column":7}}]}},"s":{"0":1,"1":3,"2":0,"3":0,"4":0,"5":0,"6":0,"7":0,"8":0,"9":0,"10":0,"11":0,"12":0,"13":0,"14":0,"15":0,"16":0,"17":0,"18":0,"19":0,"20":0,"21":0,"22":0,"23":0,"24":0,"25":0,"26":0,"27":1},"f":{"0":3,"1":0,"2":0,"3":0,"4":0,"5":0,"6":0,"7":0},"b":{"0":[0,0],"1":[0],"2":[0]}}
,"/Users/danielnoormohamed/Projects/Manasik/service/src/database/repositories/user.repository.ts": {"path":"/Users/danielnoormohamed/Projects/Manasik/service/src/database/repositories/user.repository.ts","statementMap":{"0":{"start":{"line":5,"column":0},"end":{"line":5,"column":47}},"1":{"start":{"line":6,"column":0},"end":{"line":6,"column":41}},"2":{"start":{"line":25,"column":4},"end":{"line":25,"column":19}},"3":{"start":{"line":32,"column":18},"end":{"line":32,"column":67}},"4":{"start":{"line":33,"column":19},"end":{"line":33,"column":63}},"5":{"start":{"line":35,"column":4},"end":{"line":35,"column":29}},"6":{"start":{"line":35,"column":17},"end":{"line":35,"column":29}},"7":{"start":{"line":37,"column":4},"end":{"line":37,"column":37}},"8":{"start":{"line":43,"column":22},"end":{"line":48,"column":null}},"9":{"start":{"line":44,"column":18},"end":{"line":44,"column":89}},"10":{"start":{"line":45,"column":20},"end":{"line":45,"column":80}},"11":{"start":{"line":47,"column":4},"end":{"line":47,"column":54}},"12":{"start":{"line":47,"column":30},"end":{"line":47,"column":52}},"13":{"start":{"line":53,"column":19},"end":{"line":58,"column":null}},"14":{"start":{"line":54,"column":18},"end":{"line":54,"column":83}},"15":{"start":{"line":55,"column":20},"end":{"line":55,"column":75}},"16":{"start":{"line":57,"column":4},"end":{"line":57,"column":54}},"17":{"start":{"line":57,"column":30},"end":{"line":57,"column":52}},"18":{"start":{"line":63,"column":19},"end":{"line":68,"column":null}},"19":{"start":{"line":64,"column":18},"end":{"line":64,"column":91}},"20":{"start":{"line":65,"column":20},"end":{"line":65,"column":69}},"21":{"start":{"line":67,"column":4},"end":{"line":67,"column":54}},"22":{"start":{"line":67,"column":30},"end":{"line":67,"column":52}},"23":{"start":{"line":74,"column":4},"end":{"line":74,"column":42}},"24":{"start":{"line":81,"column":4},"end":{"line":81,"column":53}},"25":{"start":{"line":88,"column":18},"end":{"line":88,"column":56}},"26":{"start":{"line":89,"column":4},"end":{"line":89,"column":21}},"27":{"start":{"line":96,"column":17},"end":{"line":96,"column":33}},"28":{"start":{"line":97,"column":4},"end":{"line":97,"column":37}},"29":{"start":{"line":98,"column":4},"end":{"line":98,"column":35}},"30":{"start":{"line":99,"column":4},"end":{"line":99,"column":27}},"31":{"start":{"line":100,"column":4},"end":{"line":100,"column":26}},"32":{"start":{"line":101,"column":4},"end":{"line":101,"column":32}},"33":{"start":{"line":102,"column":4},"end":{"line":102,"column":36}},"34":{"start":{"line":103,"column":4},"end":{"line":103,"column":47}},"35":{"start":{"line":104,"column":4},"end":{"line":104,"column":34}},"36":{"start":{"line":105,"column":4},"end":{"line":105,"column":36}},"37":{"start":{"line":106,"column":4},"end":{"line":106,"column":36}},"38":{"start":{"line":107,"column":4},"end":{"line":107,"column":16}},"39":{"start":{"line":23,"column":0},"end":{"line":23,"column":13}}},"fnMap":{"0":{"name":"(anonymous_7)","decl":{"start":{"line":24,"column":2},"end":{"line":24,"column":null}},"loc":{"start":{"line":24,"column":2},"end":{"line":26,"column":3}}},"1":{"name":"(anonymous_8)","decl":{"start":{"line":31,"column":8},"end":{"line":31,"column":19}},"loc":{"start":{"line":31,"column":33},"end":{"line":38,"column":null}}},"2":{"name":"(anonymous_10)","decl":{"start":{"line":43,"column":8},"end":{"line":43,"column":21}},"loc":{"start":{"line":43,"column":21},"end":{"line":48,"column":null}}},"3":{"name":"(anonymous_11)","decl":{"start":{"line":43,"column":22},"end":{"line":43,"column":39}},"loc":{"start":{"line":43,"column":79},"end":{"line":48,"column":3}}},"4":{"name":"(anonymous_12)","decl":{"start":{"line":47,"column":23},"end":{"line":47,"column":26}},"loc":{"start":{"line":47,"column":30},"end":{"line":47,"column":52}}},"5":{"name":"(anonymous_13)","decl":{"start":{"line":53,"column":8},"end":{"line":53,"column":18}},"loc":{"start":{"line":53,"column":18},"end":{"line":58,"column":null}}},"6":{"name":"(anonymous_14)","decl":{"start":{"line":53,"column":19},"end":{"line":53,"column":31}},"loc":{"start":{"line":53,"column":71},"end":{"line":58,"column":3}}},"7":{"name":"(anonymous_15)","decl":{"start":{"line":57,"column":23},"end":{"line":57,"column":26}},"loc":{"start":{"line":57,"column":30},"end":{"line":57,"column":52}}},"8":{"name":"(anonymous_16)","decl":{"start":{"line":63,"column":8},"end":{"line":63,"column":18}},"loc":{"start":{"line":63,"column":18},"end":{"line":68,"column":null}}},"9":{"name":"(anonymous_17)","decl":{"start":{"line":63,"column":19},"end":{"line":63,"column":35}},"loc":{"start":{"line":63,"column":57},"end":{"line":68,"column":3}}},"10":{"name":"(anonymous_18)","decl":{"start":{"line":67,"column":23},"end":{"line":67,"column":26}},"loc":{"start":{"line":67,"column":30},"end":{"line":67,"column":52}}},"11":{"name":"(anonymous_19)","decl":{"start":{"line":73,"column":8},"end":{"line":73,"column":19}},"loc":{"start":{"line":73,"column":32},"end":{"line":75,"column":null}}},"12":{"name":"(anonymous_21)","decl":{"start":{"line":80,"column":8},"end":{"line":80,"column":22}},"loc":{"start":{"line":80,"column":40},"end":{"line":82,"column":null}}},"13":{"name":"(anonymous_23)","decl":{"start":{"line":87,"column":8},"end":{"line":87,"column":19}},"loc":{"start":{"line":87,"column":33},"end":{"line":90,"column":null}}},"14":{"name":"(anonymous_25)","decl":{"start":{"line":95,"column":10},"end":{"line":95,"column":22}},"loc":{"start":{"line":95,"column":35},"end":{"line":108,"column":3}}}},"branchMap":{"0":{"loc":{"start":{"line":35,"column":4},"end":{"line":35,"column":29}},"type":"if","locations":[{"start":{"line":35,"column":4},"end":{"line":35,"column":29}}]},"1":{"loc":{"start":{"line":43,"column":41},"end":{"line":43,"column":59}},"type":"default-arg","locations":[{"start":{"line":43,"column":57},"end":{"line":43,"column":59}}]},"2":{"loc":{"start":{"line":43,"column":61},"end":{"line":43,"column":79}},"type":"default-arg","locations":[{"start":{"line":43,"column":78},"end":{"line":43,"column":79}}]},"3":{"loc":{"start":{"line":53,"column":33},"end":{"line":53,"column":51}},"type":"default-arg","locations":[{"start":{"line":53,"column":49},"end":{"line":53,"column":51}}]},"4":{"loc":{"start":{"line":53,"column":53},"end":{"line":53,"column":71}},"type":"default-arg","locations":[{"start":{"line":53,"column":70},"end":{"line":53,"column":71}}]},"5":{"loc":{"start":{"line":63,"column":19},"end":{"line":63,"column":37}},"type":"default-arg","locations":[{"start":{"line":63,"column":35},"end":{"line":63,"column":37}}]},"6":{"loc":{"start":{"line":63,"column":39},"end":{"line":63,"column":57}},"type":"default-arg","locations":[{"start":{"line":63,"column":56},"end":{"line":63,"column":57}}]}},"s":{"0":1,"1":1,"2":3,"3":0,"4":0,"5":0,"6":0,"7":0,"8":0,"9":0,"10":0,"11":0,"12":0,"13":0,"14":0,"15":0,"16":0,"17":0,"18":0,"19":0,"20":0,"21":0,"22":0,"23":0,"24":0,"25":0,"26":0,"27":0,"28":0,"29":0,"30":0,"31":0,"32":0,"33":0,"34":0,"35":0,"36":0,"37":0,"38":0,"39":1},"f":{"0":3,"1":0,"2":0,"3":0,"4":0,"5":0,"6":0,"7":0,"8":0,"9":0,"10":0,"11":0,"12":0,"13":0,"14":0},"b":{"0":[0],"1":[0],"2":[0],"3":[0],"4":[0],"5":[0],"6":[0]}}
,"/Users/danielnoormohamed/Projects/Manasik/service/src/features/checkout/models/checkout-session.ts": {"path":"/Users/danielnoormohamed/Projects/Manasik/service/src/features/checkout/models/checkout-session.ts","statementMap":{"0":{"start":{"line":36,"column":4},"end":{"line":36,"column":24}},"1":{"start":{"line":37,"column":4},"end":{"line":37,"column":38}},"2":{"start":{"line":38,"column":4},"end":{"line":38,"column":40}},"3":{"start":{"line":39,"column":4},"end":{"line":39,"column":30}},"4":{"start":{"line":40,"column":4},"end":{"line":40,"column":50}},"5":{"start":{"line":41,"column":4},"end":{"line":41,"column":46}},"6":{"start":{"line":42,"column":4},"end":{"line":42,"column":84}},"7":{"start":{"line":42,"column":60},"end":{"line":42,"column":79}},"8":{"start":{"line":43,"column":4},"end":{"line":43,"column":79}},"9":{"start":{"line":43,"column":60},"end":{"line":43,"column":74}},"10":{"start":{"line":44,"column":4},"end":{"line":44,"column":28}},"11":{"start":{"line":45,"column":4},"end":{"line":45,"column":52}},"12":{"start":{"line":46,"column":4},"end":{"line":46,"column":45}},"13":{"start":{"line":47,"column":4},"end":{"line":47,"column":27}},"14":{"start":{"line":48,"column":4},"end":{"line":48,"column":42}},"15":{"start":{"line":49,"column":4},"end":{"line":49,"column":32}},"16":{"start":{"line":50,"column":4},"end":{"line":50,"column":44}},"17":{"start":{"line":51,"column":4},"end":{"line":51,"column":32}},"18":{"start":{"line":58,"column":21},"end":{"line":58,"column":71}},"19":{"start":{"line":58,"column":54},"end":{"line":58,"column":70}},"20":{"start":{"line":59,"column":4},"end":{"line":63,"column":5}},"21":{"start":{"line":60,"column":6},"end":{"line":60,"column":54}},"22":{"start":{"line":62,"column":6},"end":{"line":62,"column":35}},"23":{"start":{"line":64,"column":4},"end":{"line":64,"column":29}},"24":{"start":{"line":71,"column":4},"end":{"line":71,"column":80}},"25":{"start":{"line":71,"column":57},"end":{"line":71,"column":78}},"26":{"start":{"line":72,"column":4},"end":{"line":72,"column":29}},"27":{"start":{"line":79,"column":17},"end":{"line":79,"column":64}},"28":{"start":{"line":79,"column":45},"end":{"line":79,"column":63}},"29":{"start":{"line":80,"column":4},"end":{"line":80,"column":22}},"30":{"start":{"line":80,"column":15},"end":{"line":80,"column":22}},"31":{"start":{"line":82,"column":26},"end":{"line":82,"column":53}},"32":{"start":{"line":83,"column":4},"end":{"line":83,"column":32}},"33":{"start":{"line":84,"column":4},"end":{"line":84,"column":52}},"34":{"start":{"line":85,"column":4},"end":{"line":85,"column":40}},"35":{"start":{"line":86,"column":4},"end":{"line":86,"column":42}},"36":{"start":{"line":88,"column":4},"end":{"line":88,"column":29}},"37":{"start":{"line":95,"column":4},"end":{"line":95,"column":37}},"38":{"start":{"line":96,"column":4},"end":{"line":96,"column":41}},"39":{"start":{"line":97,"column":4},"end":{"line":97,"column":29}},"40":{"start":{"line":104,"column":4},"end":{"line":104,"column":34}},"41":{"start":{"line":105,"column":4},"end":{"line":105,"column":28}},"42":{"start":{"line":106,"column":4},"end":{"line":106,"column":29}},"43":{"start":{"line":113,"column":4},"end":{"line":113,"column":46}},"44":{"start":{"line":114,"column":4},"end":{"line":114,"column":84}},"45":{"start":{"line":114,"column":60},"end":{"line":114,"column":79}},"46":{"start":{"line":115,"column":4},"end":{"line":115,"column":79}},"47":{"start":{"line":115,"column":60},"end":{"line":115,"column":74}},"48":{"start":{"line":116,"column":4},"end":{"line":116,"column":74}},"49":{"start":{"line":117,"column":4},"end":{"line":117,"column":32}},"50":{"start":{"line":124,"column":19},"end":{"line":124,"column":29}},"51":{"start":{"line":125,"column":4},"end":{"line":125,"column":48}},"52":{"start":{"line":126,"column":4},"end":{"line":126,"column":18}},"53":{"start":{"line":133,"column":4},"end":{"line":133,"column":39}},"54":{"start":{"line":140,"column":4},"end":{"line":140,"column":30}},"55":{"start":{"line":141,"column":4},"end":{"line":141,"column":32}},"56":{"start":{"line":148,"column":4},"end":{"line":148,"column":30}},"57":{"start":{"line":149,"column":4},"end":{"line":149,"column":32}},"58":{"start":{"line":8,"column":0},"end":{"line":8,"column":13}}},"fnMap":{"0":{"name":"(anonymous_0)","decl":{"start":{"line":27,"column":2},"end":{"line":27,"column":14}},"loc":{"start":{"line":35,"column":3},"end":{"line":52,"column":3}}},"1":{"name":"(anonymous_1)","decl":{"start":{"line":42,"column":45},"end":{"line":42,"column":46}},"loc":{"start":{"line":42,"column":60},"end":{"line":42,"column":79}}},"2":{"name":"(anonymous_2)","decl":{"start":{"line":43,"column":45},"end":{"line":43,"column":46}},"loc":{"start":{"line":43,"column":60},"end":{"line":43,"column":74}}},"3":{"name":"(anonymous_3)","decl":{"start":{"line":57,"column":2},"end":{"line":57,"column":9}},"loc":{"start":{"line":57,"column":27},"end":{"line":65,"column":3}}},"4":{"name":"(anonymous_4)","decl":{"start":{"line":58,"column":49},"end":{"line":58,"column":50}},"loc":{"start":{"line":58,"column":54},"end":{"line":58,"column":70}}},"5":{"name":"(anonymous_5)","decl":{"start":{"line":70,"column":2},"end":{"line":70,"column":12}},"loc":{"start":{"line":70,"column":30},"end":{"line":73,"column":3}}},"6":{"name":"(anonymous_6)","decl":{"start":{"line":71,"column":49},"end":{"line":71,"column":53}},"loc":{"start":{"line":71,"column":57},"end":{"line":71,"column":78}}},"7":{"name":"(anonymous_7)","decl":{"start":{"line":78,"column":2},"end":{"line":78,"column":20}},"loc":{"start":{"line":78,"column":59},"end":{"line":89,"column":3}}},"8":{"name":"(anonymous_8)","decl":{"start":{"line":79,"column":40},"end":{"line":79,"column":41}},"loc":{"start":{"line":79,"column":45},"end":{"line":79,"column":63}}},"9":{"name":"(anonymous_9)","decl":{"start":{"line":94,"column":2},"end":{"line":94,"column":15}},"loc":{"start":{"line":94,"column":60},"end":{"line":98,"column":3}}},"10":{"name":"(anonymous_10)","decl":{"start":{"line":103,"column":2},"end":{"line":103,"column":15}},"loc":{"start":{"line":103,"column":15},"end":{"line":107,"column":3}}},"11":{"name":"(anonymous_11)","decl":{"start":{"line":112,"column":10},"end":{"line":112,"column":27}},"loc":{"start":{"line":112,"column":27},"end":{"line":118,"column":3}}},"12":{"name":"(anonymous_12)","decl":{"start":{"line":114,"column":45},"end":{"line":114,"column":46}},"loc":{"start":{"line":114,"column":60},"end":{"line":114,"column":79}}},"13":{"name":"(anonymous_13)","decl":{"start":{"line":115,"column":45},"end":{"line":115,"column":46}},"loc":{"start":{"line":115,"column":60},"end":{"line":115,"column":74}}},"14":{"name":"(anonymous_14)","decl":{"start":{"line":123,"column":10},"end":{"line":123,"column":25}},"loc":{"start":{"line":123,"column":25},"end":{"line":127,"column":3}}},"15":{"name":"(anonymous_15)","decl":{"start":{"line":132,"column":2},"end":{"line":132,"column":11}},"loc":{"start":{"line":132,"column":11},"end":{"line":134,"column":3}}},"16":{"name":"(anonymous_16)","decl":{"start":{"line":139,"column":2},"end":{"line":139,"column":10}},"loc":{"start":{"line":139,"column":10},"end":{"line":142,"column":3}}},"17":{"name":"(anonymous_17)","decl":{"start":{"line":147,"column":2},"end":{"line":147,"column":9}},"loc":{"start":{"line":147,"column":9},"end":{"line":150,"column":3}}}},"branchMap":{"0":{"loc":{"start":{"line":40,"column":24},"end":{"line":40,"column":49}},"type":"binary-expr","locations":[{"start":{"line":40,"column":24},"end":{"line":40,"column":43}},{"start":{"line":40,"column":47},"end":{"line":40,"column":49}}]},"1":{"loc":{"start":{"line":46,"column":20},"end":{"line":46,"column":44}},"type":"binary-expr","locations":[{"start":{"line":46,"column":20},"end":{"line":46,"column":35}},{"start":{"line":46,"column":39},"end":{"line":46,"column":44}}]},"2":{"loc":{"start":{"line":48,"column":19},"end":{"line":48,"column":41}},"type":"cond-expr","locations":[{"start":{"line":48,"column":33},"end":{"line":48,"column":37}},{"start":{"line":48,"column":37},"end":{"line":48,"column":41}}]},"3":{"loc":{"start":{"line":48,"column":19},"end":{"line":48,"column":37}},"type":"binary-expr","locations":[{"start":{"line":48,"column":19},"end":{"line":48,"column":37}},{"start":{"line":48,"column":33},"end":{"line":48,"column":37}}]},"4":{"loc":{"start":{"line":59,"column":4},"end":{"line":63,"column":5}},"type":"if","locations":[{"start":{"line":59,"column":4},"end":{"line":63,"column":5}},{"start":{"line":61,"column":11},"end":{"line":63,"column":5}}]},"5":{"loc":{"start":{"line":80,"column":4},"end":{"line":80,"column":22}},"type":"if","locations":[{"start":{"line":80,"column":4},"end":{"line":80,"column":22}}]}},"s":{"0":0,"1":0,"2":0,"3":0,"4":0,"5":0,"6":0,"7":0,"8":0,"9":0,"10":0,"11":0,"12":0,"13":0,"14":0,"15":0,"16":0,"17":0,"18":0,"19":0,"20":0,"21":0,"22":0,"23":0,"24":0,"25":0,"26":0,"27":0,"28":0,"29":0,"30":0,"31":0,"32":0,"33":0,"34":0,"35":0,"36":0,"37":0,"38":0,"39":0,"40":0,"41":0,"42":0,"43":0,"44":0,"45":0,"46":0,"47":0,"48":0,"49":0,"50":0,"51":0,"52":0,"53":0,"54":0,"55":0,"56":0,"57":0,"58":0},"f":{"0":0,"1":0,"2":0,"3":0,"4":0,"5":0,"6":0,"7":0,"8":0,"9":0,"10":0,"11":0,"12":0,"13":0,"14":0,"15":0,"16":0,"17":0},"b":{"0":[0,0],"1":[0,0],"2":[0,0],"3":[0,0],"4":[0,0],"5":[0]}}
,"/Users/danielnoormohamed/Projects/Manasik/service/src/features/hotel/index.ts": {"path":"/Users/danielnoormohamed/Projects/Manasik/service/src/features/hotel/index.ts","statementMap":{"0":{"start":{"line":7,"column":0},"end":{"line":7,"column":25}},"1":{"start":{"line":10,"column":0},"end":{"line":10,"column":27}},"2":{"start":{"line":13,"column":0},"end":{"line":13,"column":27}},"3":{"start":{"line":16,"column":0},"end":{"line":16,"column":24}}},"fnMap":{},"branchMap":{},"s":{"0":0,"1":0,"2":0,"3":0},"f":{},"b":{}}
,"/Users/danielnoormohamed/Projects/Manasik/service/src/features/hotel/handlers/hotel-booking.handler.ts": {"path":"/Users/danielnoormohamed/Projects/Manasik/service/src/features/hotel/handlers/hotel-booking.handler.ts","statementMap":{"0":{"start":{"line":5,"column":0},"end":{"line":5,"column":41}},"1":{"start":{"line":23,"column":20},"end":{"line":23,"column":47}},"2":{"start":{"line":25,"column":4},"end":{"line":25,"column":19}},"3":{"start":{"line":33,"column":4},"end":{"line":33,"column":16}},"4":{"start":{"line":50,"column":4},"end":{"line":50,"column":38}},"5":{"start":{"line":57,"column":20},"end":{"line":57,"column":52}},"6":{"start":{"line":58,"column":4},"end":{"line":58,"column":55}},"7":{"start":{"line":58,"column":18},"end":{"line":58,"column":55}},"8":{"start":{"line":60,"column":4},"end":{"line":60,"column":30}},"9":{"start":{"line":62,"column":4},"end":{"line":62,"column":19}},"10":{"start":{"line":69,"column":4},"end":{"line":69,"column":60}},"11":{"start":{"line":76,"column":20},"end":{"line":76,"column":74}},"12":{"start":{"line":82,"column":4},"end":{"line":82,"column":19}},"13":{"start":{"line":94,"column":4},"end":{"line":94,"column":14}},"14":{"start":{"line":107,"column":4},"end":{"line":107,"column":16}},"15":{"start":{"line":9,"column":0},"end":{"line":9,"column":13}}},"fnMap":{"0":{"name":"(anonymous_7)","decl":{"start":{"line":13,"column":8},"end":{"line":13,"column":21}},"loc":{"start":{"line":22,"column":3},"end":{"line":26,"column":null}}},"1":{"name":"(anonymous_9)","decl":{"start":{"line":31,"column":8},"end":{"line":31,"column":18}},"loc":{"start":{"line":31,"column":36},"end":{"line":34,"column":null}}},"2":{"name":"(anonymous_11)","decl":{"start":{"line":39,"column":8},"end":{"line":39,"column":20}},"loc":{"start":{"line":48,"column":3},"end":{"line":51,"column":null}}},"3":{"name":"(anonymous_13)","decl":{"start":{"line":56,"column":8},"end":{"line":56,"column":27}},"loc":{"start":{"line":56,"column":68},"end":{"line":63,"column":null}}},"4":{"name":"(anonymous_15)","decl":{"start":{"line":68,"column":8},"end":{"line":68,"column":22}},"loc":{"start":{"line":68,"column":40},"end":{"line":70,"column":null}}},"5":{"name":"(anonymous_17)","decl":{"start":{"line":75,"column":8},"end":{"line":75,"column":21}},"loc":{"start":{"line":75,"column":39},"end":{"line":83,"column":null}}},"6":{"name":"(anonymous_19)","decl":{"start":{"line":88,"column":8},"end":{"line":88,"column":30}},"loc":{"start":{"line":91,"column":19},"end":{"line":95,"column":null}}},"7":{"name":"(anonymous_21)","decl":{"start":{"line":100,"column":8},"end":{"line":100,"column":25}},"loc":{"start":{"line":104,"column":21},"end":{"line":108,"column":null}}}},"branchMap":{"0":{"loc":{"start":{"line":58,"column":4},"end":{"line":58,"column":55}},"type":"if","locations":[{"start":{"line":58,"column":4},"end":{"line":58,"column":55}}]}},"s":{"0":0,"1":0,"2":0,"3":0,"4":0,"5":0,"6":0,"7":0,"8":0,"9":0,"10":0,"11":0,"12":0,"13":0,"14":0,"15":0},"f":{"0":0,"1":0,"2":0,"3":0,"4":0,"5":0,"6":0,"7":0},"b":{"0":[0]}}
,"/Users/danielnoormohamed/Projects/Manasik/service/src/features/hotel/handlers/hotel-review.handler.ts": {"path":"/Users/danielnoormohamed/Projects/Manasik/service/src/features/hotel/handlers/hotel-review.handler.ts","statementMap":{"0":{"start":{"line":5,"column":0},"end":{"line":5,"column":40}},"1":{"start":{"line":23,"column":19},"end":{"line":23,"column":45}},"2":{"start":{"line":25,"column":4},"end":{"line":25,"column":18}},"3":{"start":{"line":33,"column":4},"end":{"line":33,"column":16}},"4":{"start":{"line":50,"column":4},"end":{"line":50,"column":37}},"5":{"start":{"line":57,"column":19},"end":{"line":57,"column":49}},"6":{"start":{"line":58,"column":4},"end":{"line":58,"column":53}},"7":{"start":{"line":58,"column":17},"end":{"line":58,"column":53}},"8":{"start":{"line":60,"column":4},"end":{"line":60,"column":29}},"9":{"start":{"line":62,"column":4},"end":{"line":62,"column":18}},"10":{"start":{"line":69,"column":19},"end":{"line":69,"column":70}},"11":{"start":{"line":70,"column":4},"end":{"line":70,"column":29}},"12":{"start":{"line":72,"column":4},"end":{"line":72,"column":18}},"13":{"start":{"line":79,"column":4},"end":{"line":79,"column":57}},"14":{"start":{"line":86,"column":4},"end":{"line":86,"column":56}},"15":{"start":{"line":98,"column":4},"end":{"line":98,"column":37}},"16":{"start":{"line":106,"column":4},"end":{"line":106,"column":13}},"17":{"start":{"line":113,"column":19},"end":{"line":113,"column":49}},"18":{"start":{"line":114,"column":4},"end":{"line":114,"column":53}},"19":{"start":{"line":114,"column":17},"end":{"line":114,"column":53}},"20":{"start":{"line":116,"column":4},"end":{"line":116,"column":30}},"21":{"start":{"line":118,"column":4},"end":{"line":118,"column":18}},"22":{"start":{"line":129,"column":4},"end":{"line":129,"column":37}},"23":{"start":{"line":9,"column":0},"end":{"line":9,"column":13}}},"fnMap":{"0":{"name":"(anonymous_7)","decl":{"start":{"line":13,"column":8},"end":{"line":13,"column":20}},"loc":{"start":{"line":22,"column":3},"end":{"line":26,"column":null}}},"1":{"name":"(anonymous_9)","decl":{"start":{"line":31,"column":8},"end":{"line":31,"column":17}},"loc":{"start":{"line":31,"column":34},"end":{"line":34,"column":null}}},"2":{"name":"(anonymous_11)","decl":{"start":{"line":39,"column":8},"end":{"line":39,"column":19}},"loc":{"start":{"line":48,"column":3},"end":{"line":51,"column":null}}},"3":{"name":"(anonymous_13)","decl":{"start":{"line":56,"column":8},"end":{"line":56,"column":26}},"loc":{"start":{"line":56,"column":65},"end":{"line":63,"column":null}}},"4":{"name":"(anonymous_15)","decl":{"start":{"line":68,"column":8},"end":{"line":68,"column":21}},"loc":{"start":{"line":68,"column":38},"end":{"line":73,"column":null}}},"5":{"name":"(anonymous_17)","decl":{"start":{"line":78,"column":8},"end":{"line":78,"column":20}},"loc":{"start":{"line":78,"column":37},"end":{"line":80,"column":null}}},"6":{"name":"(anonymous_19)","decl":{"start":{"line":85,"column":8},"end":{"line":85,"column":18}},"loc":{"start":{"line":85,"column":35},"end"
[...]
mn":18},"end":{"line":86,"column":32}},"27":{"start":{"line":88,"column":4},"end":{"line":96,"column":6}},"28":{"start":{"line":103,"column":4},"end":{"line":103,"column":30}},"29":{"start":{"line":110,"column":18},"end":{"line":110,"column":73}},"30":{"start":{"line":110,"column":47},"end":{"line":110,"column":72}},"31":{"start":{"line":112,"column":4},"end":{"line":116,"column":5}},"32":{"start":{"line":113,"column":6},"end":{"line":113,"column":62}},"33":{"start":{"line":115,"column":6},"end":{"line":115,"column":59}},"34":{"start":{"line":123,"column":18},"end":{"line":123,"column":73}},"35":{"start":{"line":123,"column":47},"end":{"line":123,"column":72}},"36":{"start":{"line":124,"column":4},"end":{"line":127,"column":5}},"37":{"start":{"line":125,"column":6},"end":{"line":125,"column":37}},"38":{"start":{"line":126,"column":6},"end":{"line":126,"column":18}},"39":{"start":{"line":128,"column":4},"end":{"line":128,"column":17}},"40":{"start":{"line":8,"column":0},"end":{"line":8,"column":13}},"41":{"start":{"line":132,"column":13},"end":{"line":132,"column":43}}},"fnMap":{"0":{"name":"(anonymous_0)","decl":{"start":{"line":11,"column":2},"end":{"line":11,"column":14}},"loc":{"start":{"line":11,"column":40},"end":{"line":13,"column":3}}},"1":{"name":"(anonymous_1)","decl":{"start":{"line":19,"column":2},"end":{"line":19,"column":12}},"loc":{"start":{"line":19,"column":30},"end":{"line":32,"column":3}}},"2":{"name":"(anonymous_2)","decl":{"start":{"line":23,"column":42},"end":{"line":23,"column":43}},"loc":{"start":{"line":23,"column":47},"end":{"line":23,"column":72}}},"3":{"name":"(anonymous_3)","decl":{"start":{"line":28,"column":44},"end":{"line":28,"column":45}},"loc":{"start":{"line":28,"column":49},"end":{"line":28,"column":76}}},"4":{"name":"(anonymous_4)","decl":{"start":{"line":38,"column":2},"end":{"line":38,"column":14}},"loc":{"start":{"line":38,"column":50},"end":{"line":45,"column":3}}},"5":{"name":"(anonymous_5)","decl":{"start":{"line":51,"column":2},"end":{"line":51,"column":16}},"loc":{"start":{"line":51,"column":52},"end":{"line":54,"column":3}}},"6":{"name":"(anonymous_6)","decl":{"start":{"line":62,"column":2},"end":{"line":62,"column":23}},"loc":{"start":{"line":67,"column":3},"end":{"line":97,"column":3}}},"7":{"name":"(anonymous_7)","decl":{"start":{"line":102,"column":2},"end":{"line":102,"column":16}},"loc":{"start":{"line":102,"column":16},"end":{"line":104,"column":3}}},"8":{"name":"(anonymous_8)","decl":{"start":{"line":109,"column":2},"end":{"line":109,"column":12}},"loc":{"start":{"line":109,"column":66},"end":{"line":117,"column":3}}},"9":{"name":"(anonymous_9)","decl":{"start":{"line":110,"column":42},"end":{"line":110,"column":43}},"loc":{"start":{"line":110,"column":47},"end":{"line":110,"column":72}}},"10":{"name":"(anonymous_10)","decl":{"start":{"line":122,"column":2},"end":{"line":122,"column":15}},"loc":{"start":{"line":122,"column":33},"end":{"line":129,"column":3}}},"11":{"name":"(anonymous_11)","decl":{"start":{"line":123,"column":42},"end":{"line":123,"column":43}},"loc":{"start":{"line":123,"column":47},"end":{"line":123,"column":72}}}},"branchMap":{"0":{"loc":{"start":{"line":12,"column":20},"end":{"line":12,"column":55}},"type":"binary-expr","locations":[{"start":{"line":12,"column":20},"end":{"line":12,"column":34}},{"start":{"line":12,"column":38},"end":{"line":12,"column":55}}]},"1":{"loc":{"start":{"line":20,"column":4},"end":{"line":20,"column":32}},"type":"if","locations":[{"start":{"line":20,"column":4},"end":{"line":20,"column":32}}]},"2":{"loc":{"start":{"line":24,"column":4},"end":{"line":24,"column":38}},"type":"if","locations":[{"start":{"line":24,"column":4},"end":{"line":24,"column":38}}]},"3":{"loc":{"start":{"line":29,"column":4},"end":{"line":29,"column":42}},"type":"if","locations":[{"start":{"line":29,"column":4},"end":{"line":29,"column":42}}]},"4":{"loc":{"start":{"line":40,"column":4},"end":{"line":42,"column":5}},"type":"if","locations":[{"start":{"line":40,"column":4},"end":{"line":42,"column":5}}]},"5":{"loc":{"start":{"line":81,"column":4},"end":{"line":83,"column":5}},"type":"if","locations":[{"start":{"line":81,"column":4},"end":{"line":83,"column":5}}]},"6":{"loc":{"start":{"line":112,"column":4},"end":{"line":116,"column":5}},"type":"if","locations":[{"start":{"line":112,"column":4},"end":{"line":116,"column":5}},{"start":{"line":114,"column":11},"end":{"line":116,"column":5}}]},"7":{"loc":{"start":{"line":124,"column":4},"end":{"line":127,"column":5}},"type":"if","locations":[{"start":{"line":124,"column":4},"end":{"line":127,"column":5}}]}},"s":{"0":3,"1":35,"2":44,"3":0,"4":44,"5":211,"6":44,"7":39,"8":5,"9":5,"10":54,"11":5,"12":1,"13":4,"14":21,"15":21,"16":1,"17":20,"18":4,"19":4,"20":7,"21":7,"22":7,"23":7,"24":1,"25":6,"26":6,"27":6,"28":1,"29":3,"30":26,"31":3,"32":1,"33":2,"34":2,"35":27,"36":2,"37":1,"38":1,"39":1,"40":3,"41":3},"f":{"0":35,"1":44,"2":211,"3":54,"4":21,"5":4,"6":7,"7":1,"8":3,"9":26,"10":2,"11":27},"b":{"0":[35,33],"1":[0],"2":[39],"3":[1],"4":[1],"5":[1],"6":[1,2],"7":[1]}}
,"/Users/danielnoormohamed/Projects/Manasik/service/src/services/payments/stripe/stripeInvoices.ts": {"path":"/Users/danielnoormohamed/Projects/Manasik/service/src/services/payments/stripe/stripeInvoices.ts","statementMap":{"0":{"start":{"line":1,"column":0},"end":{"line":1,"column":44}},"1":{"start":{"line":2,"column":0},"end":{"line":2,"column":38}},"2":{"start":{"line":3,"column":0},"end":{"line":3,"column":38}},"3":{"start":{"line":22,"column":8},"end":{"line":22,"column":16}},"4":{"start":{"line":24,"column":8},"end":{"line":24,"column":25}},"5":{"start":{"line":25,"column":8},"end":{"line":25,"column":37}},"6":{"start":{"line":29,"column":19},"end":{"line":29,"column":46}},"7":{"start":{"line":30,"column":8},"end":{"line":30,"column":55}},"8":{"start":{"line":35,"column":8},"end":{"line":37,"column":9}},"9":{"start":{"line":36,"column":12},"end":{"line":36,"column":58}},"10":{"start":{"line":39,"column":22},"end":{"line":39,"column":67}},"11":{"start":{"line":41,"column":8},"end":{"line":50,"column":10}},"12":{"start":{"line":54,"column":8},"end":{"line":54,"column":42}},"13":{"start":{"line":55,"column":8},"end":{"line":55,"column":25}},"14":{"start":{"line":60,"column":8},"end":{"line":60,"column":46}},"15":{"start":{"line":62,"column":8},"end":{"line":64,"column":9}},"16":{"start":{"line":63,"column":12},"end":{"line":63,"column":58}},"17":{"start":{"line":66,"column":8},"end":{"line":66,"column":67}},"18":{"start":{"line":70,"column":24},"end":{"line":70,"column":57}},"19":{"start":{"line":72,"column":8},"end":{"line":74,"column":9}},"20":{"start":{"line":73,"column":12},"end":{"line":73,"column":52}},"21":{"start":{"line":75,"column":8},"end":{"line":75,"column":32}},"22":{"start":{"line":76,"column":8},"end":{"line":76,"column":null}},"23":{"start":{"line":78,"column":8},"end":{"line":78,"column":23}},"24":{"start":{"line":85,"column":8},"end":{"line":85,"column":46}},"25":{"start":{"line":89,"column":8},"end":{"line":89,"column":78}},"26":{"start":{"line":93,"column":8},"end":{"line":93,"column":76}},"27":{"start":{"line":97,"column":8},"end":{"line":97,"column":79}},"28":{"start":{"line":101,"column":8},"end":{"line":101,"column":78}},"29":{"start":{"line":105,"column":8},"end":{"line":105,"column":76}},"30":{"start":{"line":16,"column":0},"end":{"line":16,"column":21}}},"fnMap":{"0":{"name":"(anonymous_8)","decl":{"start":{"line":21,"column":4},"end":{"line":21,"column":16}},"loc":{"start":{"line":21,"column":38},"end":{"line":26,"column":5}}},"1":{"name":"(anonymous_9)","decl":{"start":{"line":28,"column":10},"end":{"line":28,"column":13}},"loc":{"start":{"line":28,"column":26},"end":{"line":31,"column":null}}},"2":{"name":"(anonymous_11)","decl":{"start":{"line":33,"column":10},"end":{"line":33,"column":21}},"loc":{"start":{"line":33,"column":39},"end":{"line":51,"column":null}}},"3":{"name":"(anonymous_13)","decl":{"start":{"line":53,"column":10},"end":{"line":53,"column":23}},"loc":{"start":{"line":53,"column":23},"end":{"line":56,"column":null}}},"4":{"name":"(anonymous_15)","decl":{"start":{"line":58,"column":10},"end":{"line":58,"column":21}},"loc":{"start":{"line":58,"column":44},"end":{"line":67,"column":null}}},"5":{"name":"(anonymous_17)","decl":{"start":{"line":69,"column":10},"end":{"line":69,"column":30}},"loc":{"start":{"line":69,"column":61},"end":{"line":79,"column":null}}},"6":{"name":"(anonymous_19)","decl":{"start":{"line":81,"column":10},"end":{"line":81,"column":21}},"loc":{"start":{"line":81,"column":21},"end":{"line":86,"column":null}}},"7":{"name":"(anonymous_21)","decl":{"start":{"line":88,"column":10},"end":{"line":88,"column":30}},"loc":{"start":{"line":88,"column":30},"end":{"line":90,"column":null}}},"8":{"name":"(anonymous_23)","decl":{"start":{"line":92,"column":10},"end":{"line":92,"column":33}},"loc":{"start":{"line":92,"column":33},"end":{"line":94,"column":null}}},"9":{"name":"(anonymous_25)","decl":{"start":{"line":96,"column":10},"end":{"line":96,"column":24}},"loc":{"start":{"line":96,"column":24},"end":{"line":98,"column":null}}},"10":{"name":"(anonymous_27)","decl":{"start":{"line":100,"column":10},"end":{"line":100,"column":23}},"loc":{"start":{"line":100,"column":23},"end":{"line":102,"column":null}}},"11":{"name":"(anonymous_29)","decl":{"start":{"line":104,"column":10},"end":{"line":104,"column":21}},"loc":{"start":{"line":104,"column":21},"end":{"line":106,"column":null}}}},"branchMap":{"0":{"loc":{"start":{"line":35,"column":8},"end":{"line":37,"column":9}},"type":"if","locations":[{"start":{"line":35,"column":8},"end":{"line":37,"column":9}}]},"1":{"loc":{"start":{"line":62,"column":8},"end":{"line":64,"column":9}},"type":"if","locations":[{"start":{"line":62,"column":8},"end":{"line":64,"column":9}}]},"2":{"loc":{"start":{"line":72,"column":8},"end":{"line":74,"column":9}},"type":"if","locations":[{"start":{"line":72,"column":8},"end":{"line":74,"column":9}}]}},"s":{"0":0,"1":0,"2":0,"3":0,"4":0,"5":0,"6":0,"7":0,"8":0,"9":0,"10":0,"11":0,"12":0,"13":0,"14":0,"15":0,"16":0,"17":0,"18":0,"19":0,"20":0,"21":0,"22":0,"23":0,"24":0,"25":0,"26":0,"27":0,"28":0,"29":0,"30":0},"f":{"0":0,"1":0,"2":0,"3":0,"4":0,"5":0,"6":0,"7":0,"8":0,"9":0,"10":0,"11":0},"b":{"0":[0],"1":[0],"2":[0]}}
,"/Users/danielnoormohamed/Projects/Manasik/service/src/services/payments/stripe/stripeWebhook.ts": {"path":"/Users/danielnoormohamed/Projects/Manasik/service/src/services/payments/stripe/stripeWebhook.ts","statementMap":{"0":{"start":{"line":3,"column":4},"end":{"line":3,"column":81}},"1":{"start":{"line":4,"column":4},"end":{"line":4,"column":60}},"2":{"start":{"line":1,"column":0},"end":{"line":1,"column":21}}},"fnMap":{"0":{"name":"(anonymous_0)","decl":{"start":{"line":7,"column":4},"end":{"line":7,"column":null}},"loc":{"start":{"line":7,"column":4},"end":{"line":9,"column":5}}}},"branchMap":{"0":{"loc":{"start":{"line":3,"column":22},"end":{"line":3,"column":80}},"type":"binary-expr","locations":[{"start":{"line":3,"column":22},"end":{"line":3,"column":49}},{"start":{"line":3,"column":53},"end":{"line":3,"column":80}}]},"1":{"loc":{"start":{"line":4,"column":24},"end":{"line":4,"column":59}},"type":"binary-expr","locations":[{"start":{"line":4,"column":24},"end":{"line":4,"column":53}},{"start":{"line":4,"column":57},"end":{"line":4,"column":59}}]}},"s":{"0":0,"1":0,"2":0},"f":{"0":0},"b":{"0":[0,0],"1":[0,0]}}
,"/Users/danielnoormohamed/Projects/Manasik/service/src/typing/schema.zod.ts": {"path":"/Users/danielnoormohamed/Projects/Manasik/service/src/typing/schema.zod.ts","statementMap":{"0":{"start":{"line":1,"column":0},"end":{"line":1,"column":22}},"1":{"start":{"line":3,"column":13},"end":{"line":7,"column":17}},"2":{"start":{"line":9,"column":13},"end":{"line":11,"column":17}},"3":{"start":{"line":13,"column":13},"end":{"line":16,"column":17}}},"fnMap":{},"branchMap":{},"s":{"0":0,"1":0,"2":0,"3":0},"f":{},"b":{}}
,"/Users/danielnoormohamed/Projects/Manasik/service/src/utils/cryptography.ts": {"path":"/Users/danielnoormohamed/Projects/Manasik/service/src/utils/cryptography.ts","statementMap":{"0":{"start":{"line":1,"column":0},"end":{"line":1,"column":28}},"1":{"start":{"line":11,"column":8},"end":{"line":11,"column":68}},"2":{"start":{"line":16,"column":8},"end":{"line":16,"column":38}},"3":{"start":{"line":25,"column":19},"end":{"line":25,"column":36}},"4":{"start":{"line":26,"column":23},"end":{"line":26,"column":80}},"5":{"start":{"line":28,"column":26},"end":{"line":28,"column":86}},"6":{"start":{"line":29,"column":24},"end":{"line":29,"column":43}},"7":{"start":{"line":32,"column":8},"end":{"line":32,"column":74}},"8":{"start":{"line":41,"column":23},"end":{"line":41,"column":50}},"9":{"start":{"line":43,"column":19},"end":{"line":43,"column":41}},"10":{"start":{"line":44,"column":24},"end":{"line":44,"column":47}},"11":{"start":{"line":45,"column":30},"end":{"line":45,"column":49}},"12":{"start":{"line":47,"column":25},"end":{"line":47,"column":84}},"13":{"start":{"line":48,"column":8},"end":{"line":48,"column":37}},"14":{"start":{"line":50,"column":26},"end":{"line":53,"column":10}},"15":{"start":{"line":55,"column":8},"end":{"line":55,"column":42}},"16":{"start":{"line":3,"column":0},"end":{"line":3,"column":13}},"17":{"start":{"line":5,"column":28},"end":{"line":8,"column":18}}},"fnMap":{"0":{"name":"(anonymous_1)","decl":{"start":{"line":10,"column":11},"end":{"line":10,"column":17}},"loc":{"start":{"line":10,"column":35},"end":{"line":12,"column":5}}},"1":{"name":"(anonymous_2)","decl":{"start":{"line":15,"column":12},"end":{"line":15,"column":18}},"loc":{"start":{"line":15,"column":29},"end":{"line":17,"column":5}}},"2":{"name":"(anonymous_3)","decl":{"start":{"line":24,"column":11},"end":{"line":24,"column":17}},"loc":{"start":{"line":24,"column":38},"end":{"line":33,"column":5}}},"3":{"name":"(anonymous_4)","decl":{"start":{"line":40,"column":11},"end":{"line":40,"column":17}},"loc":{"start":{"line":40,"column":38},"end":{"line":56,"column":5}}}},"branchMap":{},"s":{"0":0,"1":0,"2":0,"3":0,"4":0,"5":0,"6":0,"7":0,"8":0,"9":0,"10":0,"11":0,"12":0,"13":0,"14":0,"15":0,"16":0,"17":0},"f":{"0":0,"1":0,"2":0,"3":0},"b":{}}
,"/Users/danielnoormohamed/Projects/Manasik/service/src/utils/feature-flags.ts": {"path":"/Users/danielnoormohamed/Projects/Manasik/service/src/utils/feature-flags.ts","statementMap":{"0":{"start":{"line":37,"column":4},"end":{"line":37,"column":34}},"1":{"start":{"line":41,"column":4},"end":{"line":66,"column":6}},"2":{"start":{"line":70,"column":18},"end":{"line":70,"column":34}},"3":{"start":{"line":71,"column":4},"end":{"line":71,"column":49}},"4":{"start":{"line":71,"column":29},"end":{"line":71,"column":49}},"5":{"start":{"line":72,"column":4},"end":{"line":72,"column":42}},"6":{"start":{"line":79,"column":4},"end":{"line":79,"column":31}},"7":{"start":{"line":86,"column":4},"end":{"line":86,"column":29}},"8":{"start":{"line":93,"column":18},"end":{"line":93,"column":31}},"9":{"start":{"line":94,"column":4},"end":{"line":97,"column":38}},"10":{"start":{"line":95,"column":6},"end":{"line":95,"column":23}},"11":{"start":{"line":96,"column":6},"end":{"line":96,"column":17}},"12":{"start":{"line":101,"column":13},"end":{"line":101,"column":54}}},"fnMap":{"0":{"name":"(anonymous_0)","decl":{"start":{"line":36,"column":2},"end":{"line":36,"column":null}},"loc":{"start":{"line":36,"column":2},"end":{"line":38,"column":3}}},"1":{"name":"(anonymous_1)","decl":{"start":{"line":40,"column":10},"end":{"line":40,"column":19}},"loc":{"start":{"line":40,"column":19},"end":{"line":67,"column":3}}},"2":{"name":"(anonymous_2)","decl":{"start":{"line":69,"column":10},"end":{"line":69,"column":18}},"loc":{"start":{"line":69,"column":53},"end":{"line":73,"column":3}}},"3":{"name":"(anonymous_3)","decl":{"start":{"line":78,"column":2},"end":{"line":78,"column":11}},"loc":{"start":{"line":78,"column":39},"end":{"line":80,"column":3}}},"4":{"name":"(anonymous_4)","decl":{"start":{"line":85,"column":2},"end":{"line":85,"column":8}},"loc":{"start":{"line":85,"column":8},"end":{"line":87,"column":3}}},"5":{"name":"(anonymous_5)","decl":{"start":{"line":92,"column":2},"end":{"line":92,"column":11}},"loc":{"start":{"line":92,"column":11},"end":{"line":98,"column":3}}},"6":{"name":"(anonymous_6)","decl":{"start":{"line":94,"column":40},"end":{"line":94,"column":41}},"loc":{"start":{"line":94,"column":62},"end":{"line":97,"column":5}}}},"branchMap":{"0":{"loc":{"start":{"line":71,"column":4},"end":{"line":71,"column":49}},"type":"if","locations":[{"start":{"line":71,"column":4},"end":{"line":71,"column":49}}]}},"s":{"0":0,"1":0,"2":0,"3":0,"4":0,"5":0,"6":0,"7":0,"8":0,"9":0,"10":0,"11":0,"12":0},"f":{"0":0,"1":0,"2":0,"3":0,"4":0,"5":0,"6":0},"b":{"0":[0]}}
,"/Users/danielnoormohamed/Projects/Manasik/service/src/utils/hostname.ts": {"path":"/Users/danielnoormohamed/Projects/Manasik/service/src/utils/hostname.ts","statementMap":{"0":{"start":{"line":3,"column":0},"end":{"line":3,"column":16}},"1":{"start":{"line":7,"column":0},"end":{"line":7,"column":16}},"2":{"start":{"line":4,"column":4},"end":{"line":4,"column":75}},"3":{"start":{"line":8,"column":19},"end":{"line":8,"column":36}},"4":{"start":{"line":9,"column":4},"end":{"line":9,"column":28}}},"fnMap":{"0":{"name":"hostname","decl":{"start":{"line":3,"column":16},"end":{"line":3,"column":24}},"loc":{"start":{"line":3,"column":39},"end":{"line":5,"column":1}}},"1":{"name":"urlDomain","decl":{"start":{"line":7,"column":16},"end":{"line":7,"column":25}},"loc":{"start":{"line":7,"column":38},"end":{"line":10,"column":1}}}},"branchMap":{},"s":{"0":0,"1":0,"2":0,"3":0,"4":0},"f":{"0":0,"1":0},"b":{}}
,"/Users/danielnoormohamed/Projects/Manasik/service/src/utils/response.ts": {"path":"/Users/danielnoormohamed/Projects/Manasik/service/src/utils/response.ts","statementMap":{"0":{"start":{"line":1,"column":0},"end":{"line":1,"column":16}},"1":{"start":{"line":2,"column":4},"end":{"line":13,"column":5}},"2":{"start":{"line":3,"column":22},"end":{"line":3,"column":78}},"3":{"start":{"line":5,"column":8},"end":{"line":7,"column":9}},"4":{"start":{"line":6,"column":12},"end":{"line":6,"column":27}},"5":{"start":{"line":9,"column":8},"end":{"line":9,"column":35}},"6":{"start":{"line":11,"column":8},"end":{"line":11,"column":52}},"7":{"start":{"line":12,"column":8},"end":{"line":12,"column":20}}},"fnMap":{"0":{"name":"cleanAndParseJson","decl":{"start":{"line":1,"column":16},"end":{"line":1,"column":33}},"loc":{"start":{"line":1,"column":47},"end":{"line":14,"column":1}}}},"branchMap":{"0":{"loc":{"start":{"line":5,"column":8},"end":{"line":7,"column":9}},"type":"if","locations":[{"start":{"line":5,"column":8},"end":{"line":7,"column":9}}]},"1":{"loc":{"start":{"line":5,"column":12},"end":{"line":5,"column":64}},"type":"binary-expr","locations":[{"start":{"line":5,"column":12},"end":{"line":5,"column":36}},{"start":{"line":5,"column":40},"end":{"line":5,"column":64}}]}},"s":{"0":0,"1":0,"2":0,"3":0,"4":0,"5":0,"6":0,"7":0},"f":{"0":0},"b":{"0":[0],"1":[0,0]}}
,"/Users/danielnoormohamed/Projects/Manasik/service/src/utils/utils.ts": {"path":"/Users/danielnoormohamed/Projects/Manasik/service/src/utils/utils.ts","statementMap":{"0":{"start":{"line":1,"column":0},"end":{"line":1,"column":16}},"1":{"start":{"line":2,"column":4},"end":{"line":6,"column":5}},"2":{"start":{"line":3,"column":8},"end":{"line":5,"column":9}},"3":{"start":{"line":4,"column":12},"end":{"line":4,"column":25}},"4":{"start":{"line":7,"column":4},"end":{"line":7,"column":16}}},"fnMap":{"0":{"name":"isEmpty","decl":{"start":{"line":1,"column":16},"end":{"line":1,"column":23}},"loc":{"start":{"line":1,"column":35},"end":{"line":8,"column":1}}}},"branchMap":{"0":{"loc":{"start":{"line":3,"column":8},"end":{"line":5,"column":9}},"type":"if","locations":[{"start":{"line":3,"column":8},"end":{"line":5,"column":9}}]}},"s":{"0":0,"1":0,"2":0,"3":0,"4":0},"f":{"0":0},"b":{"0":[0]}}
}
