TN:
SF:src/database/connection.ts
FN:10,initializeDatabase
FN:41,getPool
FN:48,closeDatabase
FNF:3
FNH:0
FNDA:0,initializeDatabase
FNDA:0,getPool
FNDA:0,closeDatabase
DA:5,0
DA:8,0
DA:10,0
DA:11,0
DA:12,0
DA:15,0
DA:29,0
DA:30,0
DA:31,0
DA:32,0
DA:34,0
DA:35,0
DA:38,0
DA:41,0
DA:42,0
DA:43,0
DA:45,0
DA:48,0
DA:49,0
DA:50,0
DA:51,0
DA:52,0
LF:22
LH:0
BRDA:11,0,0,0
BRDA:16,1,0,0
BRDA:16,1,1,0
BRDA:17,2,0,0
BRDA:17,2,1,0
BRDA:18,3,0,0
BRDA:18,3,1,0
BRDA:19,4,0,0
BRDA:19,4,1,0
BRDA:20,5,0,0
BRDA:20,5,1,0
BRDA:42,6,0,0
BRDA:49,7,0,0
BRF:13
BRH:0
end_of_record
TN:
SF:src/database/repository.ts
FN:20,(anonymous_7)
FN:28,(anonymous_8)
FN:29,(anonymous_10)
FN:30,(anonymous_11)
FN:31,(anonymous_12)
FN:47,(anonymous_13)
FN:62,(anonymous_15)
FN:62,(anonymous_16)
FN:77,(anonymous_17)
FN:78,(anonymous_19)
FN:83,(anonymous_20)
FN:84,(anonymous_21)
FN:101,(anonymous_22)
FN:116,(anonymous_24)
FN:134,(anonymous_26)
FN:147,(anonymous_28)
FNF:16
FNH:1
FNDA:13,(anonymous_7)
FNDA:0,(anonymous_8)
FNDA:0,(anonymous_10)
FNDA:0,(anonymous_11)
FNDA:0,(anonymous_12)
FNDA:0,(anonymous_13)
FNDA:0,(anonymous_15)
FNDA:0,(anonymous_16)
FNDA:0,(anonymous_17)
FNDA:0,(anonymous_19)
FNDA:0,(anonymous_20)
FNDA:0,(anonymous_21)
FNDA:0,(anonymous_22)
FNDA:0,(anonymous_24)
FNDA:0,(anonymous_26)
FNDA:0,(anonymous_28)
DA:6,1
DA:16,1
DA:21,13
DA:22,13
DA:29,0
DA:30,0
DA:31,0
DA:33,0
DA:35,0
DA:36,0
DA:37,0
DA:39,0
DA:40,0
DA:48,0
DA:50,0
DA:51,0
DA:52,0
DA:54,0
DA:55,0
DA:62,0
DA:63,0
DA:65,0
DA:66,0
DA:67,0
DA:69,0
DA:70,0
DA:78,0
DA:79,0
DA:80,0
DA:83,0
DA:84,0
DA:85,0
DA:87,0
DA:89,0
DA:90,0
DA:91,0
DA:93,0
DA:94,0
DA:102,0
DA:104,0
DA:105,0
DA:106,0
DA:108,0
DA:109,0
DA:117,0
DA:118,0
DA:119,0
DA:122,0
DA:123,0
DA:124,0
DA:126,0
DA:127,0
DA:135,0
DA:136,0
DA:137,0
DA:139,0
DA:140,0
DA:148,0
DA:149,0
DA:150,0
DA:152,0
DA:153,0
LF:62
LH:4
BRDA:52,0,0,0
BRDA:52,0,1,0
BRDA:62,1,0,0
BRDA:62,2,0,0
BRDA:79,3,0,0
BRDA:118,4,0,0
BRDA:123,5,0,0
BRDA:123,5,1,0
BRDA:136,6,0,0
BRDA:136,6,1,0
BRDA:149,7,0,0
BRDA:149,7,1,0
BRDA:150,8,0,0
BRDA:150,8,1,0
BRF:14
BRH:0
end_of_record
TN:
SF:src/database/repositories/agent.repository.ts
FN:28,(anonymous_7)
FN:35,(anonymous_8)
FN:35,(anonymous_9)
FN:39,(anonymous_10)
FN:45,(anonymous_11)
FN:45,(anonymous_12)
FN:49,(anonymous_13)
FN:55,(anonymous_14)
FN:55,(anonymous_15)
FN:59,(anonymous_16)
FN:65,(anonymous_17)
FN:65,(anonymous_18)
FN:69,(anonymous_19)
FN:75,(anonymous_20)
FN:85,(anonymous_22)
FN:92,(anonymous_24)
FN:99,(anonymous_26)
FN:99,(anonymous_27)
FN:103,(anonymous_28)
FN:109,(anonymous_29)
FN:109,(anonymous_30)
FN:113,(anonymous_31)
FN:119,(anonymous_32)
FNF:23
FNH:1
FNDA:2,(anonymous_7)
FNDA:0,(anonymous_8)
FNDA:0,(anonymous_9)
FNDA:0,(anonymous_10)
FNDA:0,(anonymous_11)
FNDA:0,(anonymous_12)
FNDA:0,(anonymous_13)
FNDA:0,(anonymous_14)
FNDA:0,(anonymous_15)
FNDA:0,(anonymous_16)
FNDA:0,(anonymous_17)
FNDA:0,(anonymous_18)
FNDA:0,(anonymous_19)
FNDA:0,(anonymous_20)
FNDA:0,(anonymous_22)
FNDA:0,(anonymous_24)
FNDA:0,(anonymous_26)
FNDA:0,(anonymous_27)
FNDA:0,(anonymous_28)
FNDA:0,(anonymous_29)
FNDA:0,(anonymous_30)
FNDA:0,(anonymous_31)
FNDA:0,(anonymous_32)
DA:5,1
DA:6,1
DA:27,1
DA:29,2
DA:35,0
DA:36,0
DA:37,0
DA:39,0
DA:45,0
DA:46,0
DA:47,0
DA:49,0
DA:55,0
DA:56,0
DA:57,0
DA:59,0
DA:65,0
DA:66,0
DA:67,0
DA:69,0
DA:76,0
DA:77,0
DA:79,0
DA:86,0
DA:93,0
DA:99,0
DA:100,0
DA:101,0
DA:103,0
DA:109,0
DA:110,0
DA:111,0
DA:113,0
DA:120,0
LF:34
LH:4
BRDA:35,0,0,0
BRDA:35,1,0,0
BRDA:45,2,0,0
BRDA:45,3,0,0
BRDA:55,4,0,0
BRDA:55,5,0,0
BRDA:65,6,0,0
BRDA:65,7,0,0
BRDA:79,8,0,0
BRDA:79,8,1,0
BRDA:99,9,0,0
BRDA:109,10,0,0
BRF:12
BRH:0
end_of_record
TN:
SF:src/database/repositories/company-admin.repository.ts
FN:23,(anonymous_7)
FN:30,(anonymous_8)
FN:30,(anonymous_9)
FN:34,(anonymous_10)
FN:40,(anonymous_11)
FN:40,(anonymous_12)
FN:44,(anonymous_13)
FN:50,(anonymous_14)
FN:50,(anonymous_15)
FN:54,(anonymous_16)
FN:60,(anonymous_17)
FN:70,(anonymous_19)
FN:80,(anonymous_21)
FN:87,(anonymous_23)
FN:94,(anonymous_25)
FN:98,(anonymous_27)
FN:104,(anonymous_28)
FN:122,(anonymous_30)
FN:132,(anonymous_32)
FNF:19
FNH:0
FNDA:0,(anonymous_7)
FNDA:0,(anonymous_8)
FNDA:0,(anonymous_9)
FNDA:0,(anonymous_10)
FNDA:0,(anonymous_11)
FNDA:0,(anonymous_12)
FNDA:0,(anonymous_13)
FNDA:0,(anonymous_14)
FNDA:0,(anonymous_15)
FNDA:0,(anonymous_16)
FNDA:0,(anonymous_17)
FNDA:0,(anonymous_19)
FNDA:0,(anonymous_21)
FNDA:0,(anonymous_23)
FNDA:0,(anonymous_25)
FNDA:0,(anonymous_27)
FNDA:0,(anonymous_28)
FNDA:0,(anonymous_30)
FNDA:0,(anonymous_32)
DA:5,0
DA:6,0
DA:22,0
DA:24,0
DA:30,0
DA:31,0
DA:32,0
DA:34,0
DA:40,0
DA:41,0
DA:42,0
DA:44,0
DA:50,0
DA:51,0
DA:52,0
DA:54,0
DA:61,0
DA:62,0
DA:64,0
DA:71,0
DA:72,0
DA:74,0
DA:81,0
DA:88,0
DA:95,0
DA:96,0
DA:98,0
DA:105,0
DA:107,0
DA:108,0
DA:109,0
DA:112,0
DA:113,0
DA:115,0
DA:123,0
DA:124,0
DA:126,0
DA:133,0
LF:38
LH:0
BRDA:30,0,0,0
BRDA:30,1,0,0
BRDA:40,2,0,0
BRDA:40,3,0,0
BRDA:50,4,0,0
BRDA:50,5,0,0
BRDA:64,6,0,0
BRDA:64,6,1,0
BRDA:74,7,0,0
BRDA:74,7,1,0
BRDA:112,8,0,0
BRF:11
BRH:0
end_of_record
TN:
SF:src/database/repositories/company.repository.ts
FN:28,(anonymous_7)
FN:35,(anonymous_8)
FN:35,(anonymous_9)
FN:39,(anonymous_10)
FN:45,(anonymous_11)
FN:45,(anonymous_12)
FN:49,(anonymous_13)
FN:55,(anonymous_14)
FN:55,(anonymous_15)
FN:59,(anonymous_16)
FN:65,(anonymous_17)
FN:65,(anonymous_18)
FN:69,(anonymous_19)
FN:75,(anonymous_20)
FN:82,(anonymous_22)
FN:89,(anonymous_24)
FN:89,(anonymous_25)
FN:93,(anonymous_26)
FN:99,(anonymous_27)
FNF:19
FNH:1
FNDA:3,(anonymous_7)
FNDA:0,(anonymous_8)
FNDA:0,(anonymous_9)
FNDA:0,(anonymous_10)
FNDA:0,(anonymous_11)
FNDA:0,(anonymous_12)
FNDA:0,(anonymous_13)
FNDA:0,(anonymous_14)
FNDA:0,(anonymous_15)
FNDA:0,(anonymous_16)
FNDA:0,(anonymous_17)
FNDA:0,(anonymous_18)
FNDA:0,(anonymous_19)
FNDA:0,(anonymous_20)
FNDA:0,(anonymous_22)
FNDA:0,(anonymous_24)
FNDA:0,(anonymous_25)
FNDA:0,(anonymous_26)
FNDA:0,(anonymous_27)
DA:5,1
DA:6,1
DA:27,1
DA:29,3
DA:35,0
DA:36,0
DA:37,0
DA:39,0
DA:45,0
DA:46,0
DA:47,0
DA:49,0
DA:55,0
DA:56,0
DA:57,0
DA:59,0
DA:65,0
DA:66,0
DA:67,0
DA:69,0
DA:76,0
DA:83,0
DA:89,0
DA:90,0
DA:91,0
DA:93,0
DA:100,0
LF:27
LH:4
BRDA:35,0,0,0
BRDA:35,1,0,0
BRDA:45,2,0,0
BRDA:45,3,0,0
BRDA:55,4,0,0
BRDA:55,5,0,0
BRDA:65,6,0,0
BRDA:65,7,0,0
BRDA:89,8,0,0
BRDA:89,9,0,0
BRF:10
BRH:0
end_of_record
TN:
SF:src/database/repositories/index.ts
FN:12,(anonymous_0)
FN:13,(anonymous_1)
FN:14,(anonymous_2)
FN:15,(anonymous_3)
FN:16,(anonymous_4)
FN:17,(anonymous_5)
FN:18,(anonymous_6)
FN:28,getUserRepository
FN:35,getCompanyRepository
FN:42,getAgentRepository
FN:49,getCompanyAdminRepository
FN:56,getRoleRepository
FN:63,getPermissionRepository
FNF:13
FNH:0
FNDA:0,(anonymous_0)
FNDA:0,(anonymous_1)
FNDA:0,(anonymous_2)
FNDA:0,(anonymous_3)
FNDA:0,(anonymous_4)
FNDA:0,(anonymous_5)
FNDA:0,(anonymous_6)
FNDA:0,getUserRepository
FNDA:0,getCompanyRepository
FNDA:0,getAgentRepository
FNDA:0,getCompanyAdminRepository
FNDA:0,getRoleRepository
FNDA:0,getPermissionRepository
DA:5,0
DA:6,0
DA:7,0
DA:8,0
DA:9,0
DA:10,0
DA:12,0
DA:13,0
DA:14,0
DA:15,0
DA:16,0
DA:17,0
DA:18,0
DA:21,0
DA:22,0
DA:23,0
DA:24,0
DA:25,0
DA:26,0
DA:28,0
DA:29,0
DA:30,0
DA:32,0
DA:35,0
DA:36,0
DA:37,0
DA:39,0
DA:42,0
DA:43,0
DA:44,0
DA:46,0
DA:49,0
DA:50,0
DA:51,0
DA:53,0
DA:56,0
DA:57,0
DA:58,0
DA:60,0
DA:63,0
DA:64,0
DA:65,0
DA:67,0
LF:43
LH:0
BRDA:29,0,0,0
BRDA:36,1,0,0
BRDA:43,2,0,0
BRDA:50,3,0,0
BRDA:57,4,0,0
BRDA:64,5,0,0
BRF:6
BRH:0
end_of_record
TN:
SF:src/database/repositories/permission.repository.ts
FN:27,(anonymous_7)
FN:34,(anonymous_8)
FN:44,(anonymous_10)
FN:48,(anonymous_12)
FN:54,(anonymous_13)
FN:64,(anonymous_15)
FN:78,(anonymous_17)
FN:84,(anonymous_18)
FN:101,(anonymous_20)
FN:111,(anonymous_22)
FNF:10
FNH:1
FNDA:2,(anonymous_7)
FNDA:0,(anonymous_8)
FNDA:0,(anonymous_10)
FNDA:0,(anonymous_12)
FNDA:0,(anonymous_13)
FNDA:0,(anonymous_15)
FNDA:0,(anonymous_17)
FNDA:0,(anonymous_18)
FNDA:0,(anonymous_20)
FNDA:0,(anonymous_22)
DA:5,1
DA:26,1
DA:28,2
DA:35,0
DA:36,0
DA:38,0
DA:45,0
DA:46,0
DA:48,0
DA:55,0
DA:56,0
DA:58,0
DA:65,0
DA:76,0
DA:78,0
DA:85,0
DA:87,0
DA:88,0
DA:89,0
DA:91,0
DA:92,0
DA:94,0
DA:102,0
DA:103,0
DA:105,0
DA:112,0
LF:26
LH:3
BRDA:38,0,0,0
BRDA:38,0,1,0
BRDA:58,1,0,0
BRDA:58,1,1,0
BRDA:91,2,0,0
BRF:5
BRH:0
end_of_record
TN:
SF:src/database/repositories/role.repository.ts
FN:27,(anonymous_7)
FN:34,(anonymous_8)
FN:44,(anonymous_10)
FN:48,(anonymous_12)
FN:54,(anonymous_13)
FN:76,(anonymous_15)
FN:93,(anonymous_17)
FN:103,(anonymous_19)
FNF:8
FNH:1
FNDA:3,(anonymous_7)
FNDA:0,(anonymous_8)
FNDA:0,(anonymous_10)
FNDA:0,(anonymous_12)
FNDA:0,(anonymous_13)
FNDA:0,(anonymous_15)
FNDA:0,(anonymous_17)
FNDA:0,(anonymous_19)
DA:5,1
DA:26,1
DA:28,3
DA:35,0
DA:36,0
DA:38,0
DA:45,0
DA:46,0
DA:48,0
DA:55,0
DA:56,0
DA:58,0
DA:60,0
DA:65,0
DA:67,0
DA:77,0
DA:79,0
DA:80,0
DA:81,0
DA:83,0
DA:84,0
DA:86,0
DA:94,0
DA:95,0
DA:97,0
DA:104,0
LF:26
LH:3
BRDA:38,0,0,0
BRDA:38,0,1,0
BRDA:58,1,0,0
BRDA:83,2,0,0
BRF:4
BRH:0
end_of_record
TN:
SF:src/database/repositories/user.repository.ts
FN:24,(anonymous_7)
FN:31,(anonymous_8)
FN:43,(anonymous_10)
FN:43,(anonymous_11)
FN:47,(anonymous_12)
FN:53,(anonymous_13)
FN:53,(anonymous_14)
FN:57,(anonymous_15)
FN:63,(anonymous_16)
FN:63,(anonymous_17)
FN:67,(anonymous_18)
FN:73,(anonymous_19)
FN:80,(anonymous_21)
FN:87,(anonymous_23)
FN:95,(anonymous_25)
FNF:15
FNH:1
FNDA:3,(anonymous_7)
FNDA:0,(anonymous_8)
FNDA:0,(anonymous_10)
FNDA:0,(anonymous_11)
FNDA:0,(anonymous_12)
FNDA:0,(anonymous_13)
FNDA:0,(anonymous_14)
FNDA:0,(anonymous_15)
FNDA:0,(anonymous_16)
FNDA:0,(anonymous_17)
FNDA:0,(anonymous_18)
FNDA:0,(anonymous_19)
FNDA:0,(anonymous_21)
FNDA:0,(anonymous_23)
FNDA:0,(anonymous_25)
DA:5,1
DA:6,1
DA:23,1
DA:25,3
DA:32,0
DA:33,0
DA:35,0
DA:37,0
DA:43,0
DA:44,0
DA:45,0
DA:47,0
DA:53,0
DA:54,0
DA:55,0
DA:57,0
DA:63,0
DA:64,0
DA:65,0
DA:67,0
DA:74,0
DA:81,0
DA:88,0
DA:89,0
DA:96,0
DA:97,0
DA:98,0
DA:99,0
DA:100,0
DA:101,0
DA:102,0
DA:103,0
DA:104,0
DA:105,0
DA:106,0
DA:107,0
LF:36
LH:4
BRDA:35,0,0,0
BRDA:43,1,0,0
BRDA:43,2,0,0
BRDA:53,3,0,0
BRDA:53,4,0,0
BRDA:63,5,0,0
BRDA:63,6,0,0
BRF:7
BRH:0
end_of_record
TN:
SF:src/features/checkout/models/checkout-session.ts
FN:27,(anonymous_0)
FN:42,(anonymous_1)
FN:43,(anonymous_2)
FN:57,(anonymous_3)
FN:58,(anonymous_4)
FN:70,(anonymous_5)
FN:71,(anonymous_6)
FN:78,(anonymous_7)
FN:79,(anonymous_8)
FN:94,(anonymous_9)
FN:103,(anonymous_10)
FN:112,(anonymous_11)
FN:114,(anonymous_12)
FN:115,(anonymous_13)
FN:123,(anonymous_14)
FN:132,(anonymous_15)
FN:139,(anonymous_16)
FN:147,(anonymous_17)
FNF:18
FNH:0
FNDA:0,(anonymous_0)
FNDA:0,(anonymous_1)
FNDA:0,(anonymous_2)
FNDA:0,(anonymous_3)
FNDA:0,(anonymous_4)
FNDA:0,(anonymous_5)
FNDA:0,(anonymous_6)
FNDA:0,(anonymous_7)
FNDA:0,(anonymous_8)
FNDA:0,(anonymous_9)
FNDA:0,(anonymous_10)
FNDA:0,(anonymous_11)
FNDA:0,(anonymous_12)
FNDA:0,(anonymous_13)
FNDA:0,(anonymous_14)
FNDA:0,(anonymous_15)
FNDA:0,(anonymous_16)
FNDA:0,(anonymous_17)
DA:8,0
DA:36,0
DA:37,0
DA:38,0
DA:39,0
DA:40,0
DA:41,0
DA:42,0
DA:43,0
DA:44,0
DA:45,0
DA:46,0
DA:47,0
DA:48,0
DA:49,0
DA:50,0
DA:51,0
DA:58,0
DA:59,0
DA:60,0
DA:62,0
DA:64,0
DA:71,0
DA:72,0
DA:79,0
DA:80,0
DA:82,0
DA:83,0
DA:84,0
DA:85,0
DA:86,0
DA:88,0
DA:95,0
DA:96,0
DA:97,0
DA:104,0
DA:105,0
DA:106,0
DA:113,0
DA:114,0
DA:115,0
DA:116,0
DA:117,0
DA:124,0
DA:125,0
DA:126,0
DA:133,0
DA:140,0
DA:141,0
DA:148,0
DA:149,0
LF:51
LH:0
BRDA:40,0,0,0
BRDA:40,0,1,0
BRDA:46,1,0,0
BRDA:46,1,1,0
BRDA:48,2,0,0
BRDA:48,2,1,0
BRDA:48,3,0,0
BRDA:48,3,1,0
BRDA:59,4,0,0
BRDA:59,4,1,0
BRDA:80,5,0,0
BRF:11
BRH:0
end_of_record
TN:
SF:src/features/hotel/index.ts
FNF:0
FNH:0
DA:7,0
DA:10,0
DA:13,0
DA:16,0
LF:4
LH:0
BRF:0
BRH:0
end_of_record
TN:
SF:src/features/hotel/handlers/hotel-booking.handler.ts
FN:13,(anonymous_7)
FN:31,(anonymous_9)
FN:39,(anonymous_11)
FN:56,(anonymous_13)
FN:68,(anonymous_15)
FN:75,(anonymous_17)
FN:88,(anonymous_19)
FN:100,(anonymous_21)
FNF:8
FNH:0
FNDA:0,(anonymous_7)
FNDA:0,(anonymous_9)
FNDA:0,(anonymous_11)
FNDA:0,(anonymous_13)
FNDA:0,(anonymous_15)
FNDA:0,(anonymous_17)
FNDA:0,(anonymous_19)
FNDA:0,(anonymous_21)
DA:5,0
DA:9,0
DA:23,0
DA:25,0
DA:33,0
DA:50,0
DA:57,0
DA:58,0
DA:60,0
DA:62,0
DA:69,0
DA:76,0
DA:82,0
DA:94,0
DA:107,0
LF:15
LH:0
BRDA:58,0,0,0
BRF:1
BRH:0
end_of_record
TN:
SF:src/features/hotel/handlers/hotel-review.handler.ts
FN:13,(anonymous_7)
FN:31,(anonymous_9)
FN:39,(anonymous_11)
FN:56,(anonymous_13)
FN:68,(anonymous_15)
FN:78,(anonymous_17)
FN:85,(anonymous_19)
FN:92,(anonymous_21)
FN:104,(anonymous_23)
FN:112,(anonymous_25)
FN:124,(anonymous_27)
FNF:11
FNH:0
FNDA:0,(anonymous_7)
FNDA:0,(anonymous_9)
FNDA:0,(anonymous_11)
FNDA:0,(anonymous_13)
FNDA:0,(anonymous_15)
FNDA:0,(anonymous_17)
FNDA:0,(anonymous_19)
FNDA:0,(anonymous_21)
FNDA:0,(anonymous_23)
FNDA:0,(anonymous_25)
FNDA:0,(anonymous_27)
DA:5,0
DA:9,0
DA:23,0
DA:25,0
DA:33,0
DA:50,0
DA:57,0
DA:58,0
DA:60,0
DA:62,0
DA:69,0
DA:70,0
DA:72,0
DA:79,0
DA:86,0
DA:98,0
DA:106,0
DA:113,0
DA:114,0
DA:116,0
DA:118,0
DA:129,0
LF:22
LH:0
BRDA:58,0,0,0
BRDA:114,1,0,0
BRF:2
BRH:0
end_of_record
TN:
SF:src/features/hotel/handlers/hotel.handler.ts
FN:12,(anonymous_7)
FN:28,(anonymous_9)
FN:36,(anonymous_11)
FN:47,(anonymous_13)
FN:62,(anonymous_15)
FN:70,(anonymous_17)
FNF:6
FNH:0
FNDA:0,(anonymous_7)
FNDA:0,(anonymous_9)
FNDA:0,(anonymous_11)
FNDA:0,(anonymous_13)
FNDA:0,(anonymous_15)
FNDA:0,(anonymous_17)
DA:5,0
DA:8,0
DA:20,0
DA:22,0
DA:30,0
DA:37,0
DA:38,0
DA:41,0
DA:56,0
DA:64,0
DA:71,0
DA:72,0
DA:74,0
DA:76,0
LF:14
LH:0
BRDA:38,0,0,0
BRDA:72,1,0,0
BRF:2
BRH:0
end_of_record
TN:
SF:src/features/hotel/handlers/index.ts
FN:5,(anonymous_0)
FN:6,(anonymous_1)
FN:7,(anonymous_2)
FN:8,(anonymous_3)
FNF:4
FNH:0
FNDA:0,(anonymous_0)
FNDA:0,(anonymous_1)
FNDA:0,(anonymous_2)
FNDA:0,(anonymous_3)
DA:5,0
DA:6,0
DA:7,0
DA:8,0
LF:4
LH:0
BRF:0
BRH:0
end_of_record
TN:
SF:src/features/hotel/handlers/room-type.handler.ts
FN:12,(anonymous_7)
FN:31,(anonymous_9)
FN:39,(anonymous_11)
FN:50,(anonymous_13)
FN:62,(anonymous_15)
FN:70,(anonymous_17)
FN:82,(anonymous_19)
FN:96,(anonymous_21)
FNF:8
FNH:0
FNDA:0,(anonymous_7)
FNDA:0,(anonymous_9)
FNDA:0,(anonymous_11)
FNDA:0,(anonymous_13)
FNDA:0,(anonymous_15)
FNDA:0,(anonymous_17)
FNDA:0,(anonymous_19)
FNDA:0,(anonymous_21)
DA:5,0
DA:8,0
DA:23,0
DA:25,0
DA:33,0
DA:40,0
DA:41,0
DA:44,0
DA:56,0
DA:64,0
DA:71,0
DA:72,0
DA:74,0
DA:76,0
DA:83,0
DA:84,0
DA:86,0
DA:87,0
DA:90,0
DA:97,0
DA:98,0
DA:100,0
DA:102,0
LF:23
LH:0
BRDA:41,0,0,0
BRDA:72,1,0,0
BRDA:84,2,0,0
BRDA:87,3,0,0
BRDA:98,4,0,0
BRF:5
BRH:0
end_of_record
TN:
SF:src/features/hotel/models/hotel-booking.ts
FN:19,(anonymous_0)
FN:81,(anonymous_1)
FN:92,(anonymous_2)
FN:118,(anonymous_3)
FN:122,(anonymous_4)
FN:153,(anonymous_5)
FN:189,(anonymous_6)
FNF:7
FNH:3
FNDA:5,(anonymous_0)
FNDA:2,(anonymous_1)
FNDA:0,(anonymous_2)
FNDA:0,(anonymous_3)
FNDA:5,(anonymous_4)
FNDA:0,(anonymous_5)
FNDA:0,(anonymous_6)
DA:1,1
DA:3,1
DA:16,1
DA:20,5
DA:22,5
DA:23,0
DA:26,5
DA:27,0
DA:30,5
DA:31,0
DA:34,5
DA:35,0
DA:38,5
DA:39,5
DA:41,5
DA:42,0
DA:45,5
DA:46,0
DA:49,5
DA:50,0
DA:55,5
DA:56,0
DA:59,5
DA:60,5
DA:61,1
DA:66,4
DA:67,1
DA:70,3
DA:71,0
DA:74,3
DA:75,0
DA:78,3
DA:82,2
DA:83,2
DA:84,2
DA:85,2
DA:102,0
DA:103,0
DA:104,0
DA:106,0
DA:119,0
DA:132,5
DA:133,5
DA:134,5
DA:135,5
DA:136,5
DA:137,5
DA:138,5
DA:139,5
DA:140,5
DA:141,5
DA:142,5
DA:143,5
DA:144,5
DA:146,5
DA:147,3
DA:164,0
DA:171,0
DA:177,0
DA:190,0
LF:60
LH:41
BRDA:22,0,0,0
BRDA:22,1,0,5
BRDA:22,1,1,5
BRDA:26,2,0,0
BRDA:26,3,0,5
BRDA:26,3,1,5
BRDA:30,4,0,0
BRDA:34,5,0,0
BRDA:41,6,0,0
BRDA:45,7,0,0
BRDA:49,8,0,0
BRDA:55,9,0,0
BRDA:55,10,0,5
BRDA:55,10,1,5
BRDA:60,11,0,1
BRDA:66,12,0,1
BRDA:70,13,0,0
BRDA:70,14,0,3
BRDA:70,14,1,3
BRDA:74,15,0,0
BRDA:74,16,0,3
BRDA:74,16,1,3
BRF:22
BRH:12
end_of_record
TN:
SF:src/features/hotel/models/hotel.ts
FN:7,(anonymous_0)
FN:27,(anonymous_1)
FN:28,(anonymous_2)
FN:29,(anonymous_3)
FN:30,(anonymous_4)
FN:31,(anonymous_5)
FN:32,(anonymous_6)
FN:33,(anonymous_7)
FN:34,(anonymous_8)
FN:35,(anonymous_9)
FN:36,(anonymous_10)
FN:37,(anonymous_11)
FN:38,(anonymous_12)
FN:39,(anonymous_13)
FN:40,(anonymous_14)
FN:41,(anonymous_15)
FN:42,(anonymous_16)
FN:43,(anonymous_17)
FN:44,(anonymous_18)
FN:46,(anonymous_19)
FN:52,(anonymous_20)
FN:57,(anonymous_21)
FN:62,(anonymous_22)
FN:67,(anonymous_23)
FN:75,(anonymous_24)
FN:81,(anonymous_25)
FN:86,(anonymous_26)
FN:91,(anonymous_27)
FN:92,(anonymous_28)
FN:96,(anonymous_29)
FN:102,(anonymous_30)
FN:108,(anonymous_31)
FN:113,(anonymous_32)
FN:119,(anonymous_33)
FN:124,(anonymous_34)
FNF:35
FNH:4
FNDA:10,(anonymous_0)
FNDA:1,(anonymous_1)
FNDA:0,(anonymous_2)
FNDA:0,(anonymous_3)
FNDA:1,(anonymous_4)
FNDA:0,(anonymous_5)
FNDA:0,(anonymous_6)
FNDA:0,(anonymous_7)
FNDA:0,(anonymous_8)
FNDA:0,(anonymous_9)
FNDA:0,(anonymous_10)
FNDA:0,(anonymous_11)
FNDA:0,(anonymous_12)
FNDA:0,(anonymous_13)
FNDA:0,(anonymous_14)
FNDA:0,(anonymous_15)
FNDA:0,(anonymous_16)
FNDA:0,(anonymous_17)
FNDA:0,(anonymous_18)
FNDA:0,(anonymous_19)
FNDA:0,(anonymous_20)
FNDA:0,(anonymous_21)
FNDA:0,(anonymous_22)
FNDA:0,(anonymous_23)
FNDA:0,(anonymous_24)
FNDA:0,(anonymous_25)
FNDA:0,(anonymous_26)
FNDA:0,(anonymous_27)
FNDA:0,(anonymous_28)
FNDA:0,(anonymous_29)
FNDA:0,(anonymous_30)
FNDA:0,(anonymous_31)
FNDA:0,(anonymous_32)
FNDA:0,(anonymous_33)
FNDA:10,(anonymous_34)
DA:7,1
DA:15,10
DA:16,10
DA:18,10
DA:19,10
DA:20,10
DA:22,10
DA:23,10
DA:24,10
DA:25,10
DA:27,1
DA:28,0
DA:29,0
DA:30,1
DA:31,0
DA:32,0
DA:33,0
DA:34,0
DA:35,0
DA:36,0
DA:37,0
DA:38,0
DA:39,0
DA:40,0
DA:41,0
DA:42,0
DA:43,0
DA:44,0
DA:47,0
DA:48,0
DA:49,0
DA:53,0
DA:54,0
DA:58,0
DA:59,0
DA:63,0
DA:64,0
DA:68,0
DA:69,0
DA:71,0
DA:72,0
DA:76,0
DA:77,0
DA:78,0
DA:82,0
DA:83,0
DA:87,0
DA:88,0
DA:92,0
DA:93,0
DA:97,0
DA:98,0
DA:99,0
DA:103,0
DA:104,0
DA:105,0
DA:109,0
DA:110,0
DA:114,0
DA:115,0
DA:116,0
DA:120,0
DA:121,0
DA:133,10
DA:134,10
DA:135,10
DA:136,10
DA:137,10
DA:138,10
DA:139,10
DA:140,10
DA:141,10
DA:142,10
DA:143,10
DA:144,10
LF:75
LH:24
BRDA:47,0,0,0
BRDA:47,1,0,0
BRDA:47,1,1,0
BRDA:68,2,0,0
BRDA:68,3,0,0
BRDA:68,3,1,0
BRDA:68,3,2,0
BRDA:76,4,0,0
BRDA:76,5,0,0
BRDA:76,5,1,0
BRDA:97,6,0,0
BRDA:103,7,0,0
BRDA:140,8,0,0
BRDA:140,8,1,10
BRDA:140,9,0,10
BRDA:140,9,1,10
BRF:16
BRH:3
end_of_record
TN:
SF:src/features/hotel/models/index.ts
FN:5,(anonymous_0)
FN:6,(anonymous_1)
FN:7,(anonymous_2)
FN:8,(anonymous_3)
FNF:4
FNH:0
FNDA:0,(anonymous_0)
FNDA:0,(anonymous_1)
FNDA:0,(anonymous_2)
FNDA:0,(anonymous_3)
DA:5,0
DA:6,0
DA:7,0
DA:8,0
LF:4
LH:0
BRF:0
BRH:0
end_of_record
TN:
SF:src/features/hotel/models/room-type.ts
FN:6,(anonymous_0)
FN:22,(anonymous_1)
FN:23,(anonymous_2)
FN:24,(anonymous_3)
FN:25,(anonymous_4)
FN:26,(anonymous_5)
FN:27,(anonymous_6)
FN:28,(anonymous_7)
FN:29,(anonymous_8)
FN:30,(anonymous_9)
FN:31,(anonymous_10)
FN:32,(anonymous_11)
FN:33,(anonymous_12)
FN:34,(anonymous_13)
FN:35,(anonymous_14)
FN:37,(anonymous_15)
FN:43,(anonymous_16)
FN:48,(anonymous_17)
FN:54,(anonymous_18)
FN:61,(anonymous_19)
FN:69,(anonymous_20)
FN:75,(anonymous_21)
FN:80,(anonymous_22)
FN:85,(anonymous_23)
FN:86,(anonymous_24)
FN:90,(anonymous_25)
FN:95,(anonymous_26)
FN:102,(anonymous_27)
FN:107,(anonymous_28)
FN:112,(anonymous_29)
FNF:30
FNH:8
FNDA:10,(anonymous_0)
FNDA:1,(anonymous_1)
FNDA:0,(anonymous_2)
FNDA:1,(anonymous_3)
FNDA:0,(anonymous_4)
FNDA:0,(anonymous_5)
FNDA:0,(anonymous_6)
FNDA:4,(anonymous_7)
FNDA:0,(anonymous_8)
FNDA:0,(anonymous_9)
FNDA:0,(anonymous_10)
FNDA:0,(anonymous_11)
FNDA:0,(anonymous_12)
FNDA:0,(anonymous_13)
FNDA:0,(anonymous_14)
FNDA:0,(anonymous_15)
FNDA:0,(anonymous_16)
FNDA:0,(anonymous_17)
FNDA:0,(anonymous_18)
FNDA:0,(anonymous_19)
FNDA:0,(anonymous_20)
FNDA:0,(anonymous_21)
FNDA:0,(anonymous_22)
FNDA:0,(anonymous_23)
FNDA:0,(anonymous_24)
FNDA:0,(anonymous_25)
FNDA:4,(anonymous_26)
FNDA:1,(anonymous_27)
FNDA:4,(anonymous_28)
FNDA:10,(anonymous_29)
DA:6,1
DA:11,10
DA:12,10
DA:13,10
DA:15,10
DA:17,10
DA:19,10
DA:20,10
DA:22,1
DA:23,0
DA:24,1
DA:25,0
DA:26,0
DA:27,0
DA:28,4
DA:29,0
DA:30,0
DA:31,0
DA:32,0
DA:33,0
DA:34,0
DA:35,0
DA:38,0
DA:39,0
DA:40,0
DA:44,0
DA:45,0
DA:49,0
DA:50,0
DA:51,0
DA:55,0
DA:56,0
DA:57,0
DA:58,0
DA:62,0
DA:63,0
DA:65,0
DA:66,0
DA:70,0
DA:71,0
DA:72,0
DA:76,0
DA:77,0
DA:81,0
DA:82,0
DA:86,0
DA:87,0
DA:91,0
DA:92,0
DA:96,4
DA:97,3
DA:98,3
DA:99,3
DA:103,1
DA:104,1
DA:108,4
DA:109,4
DA:123,10
DA:124,10
DA:125,10
DA:126,10
DA:127,10
DA:128,10
DA:129,10
DA:130,10
DA:131,10
DA:132,10
DA:133,10
DA:134,10
DA:135,10
DA:136,10
DA:137,10
LF:72
LH:34
BRDA:38,0,0,0
BRDA:38,1,0,0
BRDA:38,1,1,0
BRDA:49,2,0,0
BRDA:49,3,0,0
BRDA:49,3,1,0
BRDA:55,4,0,0
BRDA:55,5,0,0
BRDA:55,5,1,0
BRDA:62,6,0,0
BRDA:62,7,0,0
BRDA:62,7,1,0
BRDA:62,7,2,0
BRDA:70,8,0,0
BRDA:70,9,0,0
BRDA:70,9,1,0
BRDA:96,10,0,1
BRDA:132,11,0,10
BRDA:132,11,1,0
BRDA:132,12,0,10
BRDA:132,12,1,10
BRDA:133,13,0,10
BRDA:133,13,1,0
BRDA:133,14,0,10
BRDA:133,14,1,10
BRF:25
BRH:7
end_of_record
TN:
SF:src/features/hotel/repositories/hotel.repository.ts
FN:35,(anonymous_7)
FN:42,(anonymous_8)
FN:42,(anonymous_9)
FN:46,(anonymous_10)
FN:52,(anonymous_11)
FN:52,(anonymous_12)
FN:56,(anonymous_13)
FN:62,(anonymous_14)
FN:62,(anonymous_15)
FN:66,(anonymous_16)
FN:72,(anonymous_17)
FN:72,(anonymous_18)
FN:76,(anonymous_19)
FN:82,(anonymous_20)
FN:82,(anonymous_21)
FN:86,(anonymous_22)
FN:92,(anonymous_23)
FN:92,(anonymous_24)
FN:96,(anonymous_25)
FN:102,(anonymous_26)
FN:102,(anonymous_27)
FN:106,(anonymous_28)
FN:112,(anonymous_29)
FN:112,(anonymous_30)
FN:116,(anonymous_31)
FN:122,(anonymous_32)
FN:129,(anonymous_34)
FN:136,(anonymous_36)
FN:148,(anonymous_38)
FN:149,(anonymous_39)
FN:156,(anonymous_40)
FNF:31
FNH:0
FNDA:0,(anonymous_7)
FNDA:0,(anonymous_8)
FNDA:0,(anonymous_9)
FNDA:0,(anonymous_10)
FNDA:0,(anonymous_11)
FNDA:0,(anonymous_12)
FNDA:0,(anonymous_13)
FNDA:0,(anonymous_14)
FNDA:0,(anonymous_15)
FNDA:0,(anonymous_16)
FNDA:0,(anonymous_17)
FNDA:0,(anonymous_18)
FNDA:0,(anonymous_19)
FNDA:0,(anonymous_20)
FNDA:0,(anonymous_21)
FNDA:0,(anonymous_22)
FNDA:0,(anonymous_23)
FNDA:0,(anonymous_24)
FNDA:0,(anonymous_25)
FNDA:0,(anonymous_26)
FNDA:0,(anonymous_27)
FNDA:0,(anonymous_28)
FNDA:0,(anonymous_29)
FNDA:0,(anonymous_30)
FNDA:0,(anonymous_31)
FNDA:0,(anonymous_32)
FNDA:0,(anonymous_34)
FNDA:0,(anonymous_36)
FNDA:0,(anonymous_38)
FNDA:0,(anonymous_39)
FNDA:0,(anonymous_40)
DA:5,0
DA:6,0
DA:34,0
DA:36,0
DA:42,0
DA:43,0
DA:44,0
DA:46,0
DA:52,0
DA:53,0
DA:54,0
DA:56,0
DA:62,0
DA:63,0
DA:64,0
DA:66,0
DA:72,0
DA:73,0
DA:74,0
DA:76,0
DA:82,0
DA:83,0
DA:84,0
DA:86,0
DA:92,0
DA:93,0
DA:94,0
DA:96,0
DA:102,0
DA:103,0
DA:104,0
DA:106,0
DA:112,0
DA:113,0
DA:114,0
DA:116,0
DA:123,0
DA:130,0
DA:137,0
DA:138,0
DA:140,0
DA:141,0
DA:143,0
DA:144,0
DA:146,0
DA:148,0
DA:149,0
DA:157,0
LF:48
LH:0
BRDA:42,0,0,0
BRDA:42,1,0,0
BRDA:52,2,0,0
BRDA:52,3,0,0
BRDA:62,4,0,0
BRDA:62,5,0,0
BRDA:72,6,0,0
BRDA:72,7,0,0
BRDA:82,8,0,0
BRDA:82,9,0,0
BRDA:92,10,0,0
BRDA:92,11,0,0
BRDA:102,12,0,0
BRDA:102,13,0,0
BRDA:112,14,0,0
BRDA:138,15,0,0
BRF:16
BRH:0
end_of_record
TN:
SF:src/features/hotel/repositories/room-type.repository.ts
FN:25,(anonymous_7)
FN:32,(anonymous_8)
FN:32,(anonymous_9)
FN:36,(anonymous_10)
FN:42,(anonymous_11)
FN:42,(anonymous_12)
FN:46,(anonymous_13)
FN:52,(anonymous_14)
FN:52,(anonymous_15)
FN:56,(anonymous_16)
FN:62,(anonymous_17)
FN:62,(anonymous_18)
FN:66,(anonymous_19)
FN:72,(anonymous_20)
FN:72,(anonymous_21)
FN:76,(anonymous_22)
FN:82,(anonymous_23)
FN:89,(anonymous_25)
FN:99,(anonymous_27)
FN:111,(anonymous_29)
FN:112,(anonymous_30)
FN:119,(anonymous_31)
FN:129,(anonymous_33)
FN:139,(anonymous_35)
FN:149,(anonymous_37)
FNF:25
FNH:0
FNDA:0,(anonymous_7)
FNDA:0,(anonymous_8)
FNDA:0,(anonymous_9)
FNDA:0,(anonymous_10)
FNDA:0,(anonymous_11)
FNDA:0,(anonymous_12)
FNDA:0,(anonymous_13)
FNDA:0,(anonymous_14)
FNDA:0,(anonymous_15)
FNDA:0,(anonymous_16)
FNDA:0,(anonymous_17)
FNDA:0,(anonymous_18)
FNDA:0,(anonymous_19)
FNDA:0,(anonymous_20)
FNDA:0,(anonymous_21)
FNDA:0,(anonymous_22)
FNDA:0,(anonymous_23)
FNDA:0,(anonymous_25)
FNDA:0,(anonymous_27)
FNDA:0,(anonymous_29)
FNDA:0,(anonymous_30)
FNDA:0,(anonymous_31)
FNDA:0,(anonymous_33)
FNDA:0,(anonymous_35)
FNDA:0,(anonymous_37)
DA:5,0
DA:6,0
DA:24,0
DA:26,0
DA:32,0
DA:33,0
DA:34,0
DA:36,0
DA:42,0
DA:43,0
DA:44,0
DA:46,0
DA:52,0
DA:53,0
DA:54,0
DA:56,0
DA:62,0
DA:63,0
DA:64,0
DA:66,0
DA:72,0
DA:73,0
DA:74,0
DA:76,0
DA:83,0
DA:90,0
DA:91,0
DA:93,0
DA:100,0
DA:101,0
DA:103,0
DA:104,0
DA:106,0
DA:107,0
DA:109,0
DA:111,0
DA:112,0
DA:120,0
DA:121,0
DA:123,0
DA:130,0
DA:131,0
DA:133,0
DA:140,0
DA:141,0
DA:143,0
DA:150,0
LF:47
LH:0
BRDA:32,0,0,0
BRDA:32,1,0,0
BRDA:42,2,0,0
BRDA:42,3,0,0
BRDA:52,4,0,0
BRDA:52,5,0,0
BRDA:62,6,0,0
BRDA:62,7,0,0
BRDA:72,8,0,0
BRDA:72,9,0,0
BRDA:93,10,0,0
BRDA:93,10,1,0
BRDA:93,11,0,0
BRDA:93,11,1,0
BRDA:93,12,0,0
BRDA:93,12,1,0
BRDA:101,13,0,0
BRF:17
BRH:0
end_of_record
TN:
SF:src/features/hotel/services/index.ts
FN:5,(anonymous_0)
FNF:1
FNH:0
FNDA:0,(anonymous_0)
DA:5,0
LF:1
LH:0
BRF:0
BRH:0
end_of_record
TN:
SF:src/features/hotel/services/payment.service.ts
FN:51,(anonymous_7)
FN:92,(anonymous_8)
FN:153,(anonymous_9)
FN:226,(anonymous_10)
FN:267,(anonymous_12)
FN:307,(anonymous_14)
FNF:6
FNH:0
FNDA:0,(anonymous_7)
FNDA:0,(anonymous_8)
FNDA:0,(anonymous_9)
FNDA:0,(anonymous_10)
FNDA:0,(anonymous_12)
FNDA:0,(anonymous_14)
DA:15,0
DA:46,0
DA:60,0
DA:63,0
DA:70,0
DA:71,0
DA:73,0
DA:97,0
DA:100,0
DA:101,0
DA:108,0
DA:109,0
DA:117,0
DA:122,0
DA:135,0
DA:137,0
DA:162,0
DA:164,0
DA:166,0
DA:173,0
DA:180,0
DA:188,0
DA:190,0
DA:195,0
DA:197,0
DA:204,0
DA:212,0
DA:234,0
DA:237,0
DA:254,0
DA:273,0
DA:276,0
DA:294,0
DA:327,0
DA:330,0
DA:358,0
DA:367,0
LF:37
LH:0
BRDA:60,0,0,0
BRDA:100,1,0,0
BRDA:117,2,0,0
BRDA:118,3,0,0
BRDA:118,3,1,0
BRDA:118,3,2,0
BRDA:162,4,0,0
BRDA:164,5,0,0
BRDA:164,5,1,0
BRDA:164,5,2,0
BRDA:164,5,3,0
BRDA:164,5,4,0
BRDA:188,6,0,0
BRDA:188,6,1,0
BRDA:195,7,0,0
BRDA:195,7,1,0
BRDA:349,8,0,0
BRDA:349,8,1,0
BRDA:349,9,0,0
BRDA:349,9,1,0
BRDA:349,10,0,0
BRDA:349,10,1,0
BRF:22
BRH:0
end_of_record
TN:
SF:src/features/hotel/types/index.ts
FNF:0
FNH:0
DA:37,3
LF:1
LH:1
BRF:0
BRH:0
end_of_record
TN:
SF:src/middleware/adminOnly.ts
FN:4,adminOnly
FNF:1
FNH:0
FNDA:0,adminOnly
DA:4,0
DA:6,0
DA:7,0
DA:10,0
LF:4
LH:0
BRDA:6,0,0,0
BRF:1
BRH:0
end_of_record
TN:
SF:src/middleware/debug.ts
FN:4,debugHandler
FNF:1
FNH:0
FNDA:0,debugHandler
DA:4,0
DA:5,0
DA:7,0
DA:9,0
DA:11,0
DA:12,0
DA:14,0
DA:15,0
DA:16,0
DA:17,0
DA:21,0
DA:23,0
DA:25,0
DA:27,0
LF:14
LH:0
BRDA:7,0,0,0
BRDA:7,0,1,0
BRDA:9,1,0,0
BRDA:9,1,1,0
BRDA:14,2,0,0
BRDA:16,3,0,0
BRDA:16,3,1,0
BRDA:17,4,0,0
BRDA:17,4,1,0
BRF:9
BRH:0
end_of_record
TN:
SF:src/middleware/error.ts
FN:5,errorHandler
FNF:1
FNH:0
FNDA:0,errorHandler
DA:3,0
DA:5,0
DA:6,0
DA:7,0
DA:12,0
DA:14,0
DA:21,0
DA:22,0
DA:23,0
LF:9
LH:0
BRDA:16,0,0,0
BRDA:16,0,1,0
BRDA:17,1,0,0
BRDA:17,1,1,0
BRDA:22,2,0,0
BRDA:22,2,1,0
BRF:6
BRH:0
end_of_record
TN:
SF:src/middleware/feature-flag.ts
FN:12,(anonymous_7)
FN:13,(anonymous_8)
FN:13,(anonymous_9)
FN:30,(anonymous_10)
FN:30,(anonymous_11)
FN:34,(anonymous_12)
FNF:6
FNH:0
FNDA:0,(anonymous_7)
FNDA:0,(anonymous_8)
FNDA:0,(anonymous_9)
FNDA:0,(anonymous_10)
FNDA:0,(anonymous_11)
FNDA:0,(anonymous_12)
DA:7,0
DA:12,0
DA:13,0
DA:14,0
DA:15,0
DA:16,0
DA:20,0
DA:23,0
DA:30,0
DA:31,0
DA:32,0
DA:33,0
DA:34,0
DA:35,0
DA:36,0
DA:39,0
LF:16
LH:0
BRDA:14,0,0,0
BRDA:31,1,0,0
BRDA:35,2,0,0
BRDA:35,2,1,0
BRF:4
BRH:0
end_of_record
TN:
SF:src/middleware/hmac.ts
FN:13,verifyHMAC
FNF:1
FNH:0
FNDA:0,verifyHMAC
DA:3,0
DA:4,0
DA:6,0
DA:8,0
DA:9,0
DA:10,0
DA:13,0
DA:15,0
DA:17,0
DA:18,0
DA:19,0
DA:29,0
DA:30,0
DA:31,0
DA:34,0
LF:15
LH:0
BRDA:9,0,0,0
BRDA:17,1,0,0
BRDA:17,2,0,0
BRDA:17,2,1,0
BRDA:29,3,0,0
BRF:5
BRH:0
end_of_record
TN:
SF:src/middleware/session.ts
FN:19,sessionMiddleware
FN:55,getSessionIdentifier
FN:62,hashEmail
FN:69,getUserIdentifier
FN:91,isGuestUserId
FN:98,clearGuestUserCookie
FNF:6
FNH:0
FNDA:0,sessionMiddleware
FNDA:0,getSessionIdentifier
FNDA:0,hashEmail
FNDA:0,getUserIdentifier
FNDA:0,isGuestUserId
FNDA:0,clearGuestUserCookie
DA:7,0
DA:8,0
DA:10,0
DA:11,0
DA:12,0
DA:19,0
DA:21,0
DA:22,0
DA:23,0
DA:24,0
DA:25,0
DA:28,0
DA:30,0
DA:32,0
DA:33,0
DA:41,0
DA:42,0
DA:43,0
DA:44,0
DA:47,0
DA:55,0
DA:56,0
DA:62,0
DA:63,0
DA:69,0
DA:74,0
DA:75,0
DA:82,0
DA:91,0
DA:92,0
DA:98,0
DA:99,0
LF:32
LH:0
BRDA:21,0,0,0
BRDA:21,0,1,0
BRDA:21,1,0,0
BRDA:21,1,1,0
BRDA:30,2,0,0
BRDA:74,3,0,0
BRF:6
BRH:0
end_of_record
TN:
SF:src/middleware/token.ts
FN:16,getClientIp
FN:42,verifyToken
FNF:2
FNH:0
FNDA:0,getClientIp
FNDA:0,verifyToken
DA:2,0
DA:3,0
DA:4,0
DA:6,0
DA:8,0
DA:9,0
DA:10,0
DA:14,0
DA:16,0
DA:17,0
DA:20,0
DA:22,0
DA:23,0
DA:27,0
DA:28,0
DA:29,0
DA:32,0
DA:33,0
DA:35,0
DA:39,0
DA:42,0
DA:43,0
DA:45,0
DA:46,0
DA:47,0
DA:48,0
DA:51,0
DA:52,0
DA:54,0
DA:55,0
DA:58,0
DA:61,0
DA:64,0
DA:65,0
DA:66,0
DA:69,0
DA:70,0
DA:71,0
DA:75,0
DA:80,0
DA:83,0
DA:84,0
DA:87,0
LF:43
LH:0
BRDA:9,0,0,0
BRDA:22,1,0,0
BRDA:22,2,0,0
BRDA:22,2,1,0
BRDA:28,3,0,0
BRDA:28,4,0,0
BRDA:28,4,1,0
BRDA:33,5,0,0
BRDA:33,6,0,0
BRDA:33,6,1,0
BRDA:46,7,0,0
BRDA:54,8,0,0
BRDA:54,8,1,0
BRDA:54,9,0,0
BRDA:54,9,1,0
BRDA:64,10,0,0
BRDA:70,11,0,0
BRF:17
BRH:0
end_of_record
TN:
SF:src/middleware/token.ws.ts
FN:13,getClientIp
FN:40,verifyToken
FNF:2
FNH:0
FNDA:0,getClientIp
FNDA:0,verifyToken
DA:2,0
DA:3,0
DA:4,0
DA:6,0
DA:8,0
DA:9,0
DA:10,0
DA:13,0
DA:16,0
DA:18,0
DA:19,0
DA:23,0
DA:24,0
DA:25,0
DA:28,0
DA:29,0
DA:31,0
DA:35,0
DA:38,0
DA:40,0
DA:41,0
DA:43,0
DA:44,0
DA:45,0
DA:46,0
DA:49,0
DA:50,0
DA:52,0
DA:53,0
DA:56,0
DA:59,0
DA:62,0
DA:63,0
DA:64,0
DA:67,0
DA:68,0
DA:69,0
DA:73,0
DA:78,0
DA:81,0
DA:82,0
DA:85,0
LF:42
LH:0
BRDA:9,0,0,0
BRDA:18,1,0,0
BRDA:18,2,0,0
BRDA:18,2,1,0
BRDA:24,3,0,0
BRDA:24,4,0,0
BRDA:24,4,1,0
BRDA:29,5,0,0
BRDA:29,6,0,0
BRDA:29,6,1,0
BRDA:44,7,0,0
BRDA:52,8,0,0
BRDA:52,8,1,0
BRDA:52,9,0,0
BRDA:52,9,1,0
BRDA:62,10,0,0
BRDA:68,11,0,0
BRF:17
BRH:0
end_of_record
TN:
SF:src/models/base.ts
FN:2,(anonymous_0)
FN:3,(anonymous_1)
FN:9,(anonymous_2)
FNF:3
FNH:0
FNDA:0,(anonymous_0)
FNDA:0,(anonymous_1)
FNDA:0,(anonymous_2)
DA:1,0
DA:3,0
DA:4,0
DA:5,0
DA:11,0
DA:13,0
DA:17,0
DA:20,0
DA:21,0
DA:23,0
DA:24,0
DA:27,0
DA:30,0
DA:31,0
DA:33,0
DA:34,0
LF:16
LH:0
BRDA:4,0,0,0
BRDA:4,0,1,0
BRDA:4,1,0,0
BRDA:4,1,1,0
BRDA:11,2,0,0
BRDA:11,3,0,0
BRDA:11,3,1,0
BRDA:23,4,0,0
BRDA:23,5,0,0
BRDA:23,5,1,0
BRDA:23,5,2,0
BRF:11
BRH:0
end_of_record
TN:
SF:src/models/company.ts
FN:7,(anonymous_0)
FN:25,(anonymous_1)
FN:26,(anonymous_2)
FN:27,(anonymous_3)
FN:28,(anonymous_4)
FN:29,(anonymous_5)
FN:30,(anonymous_6)
FN:31,(anonymous_7)
FN:32,(anonymous_8)
FN:33,(anonymous_9)
FN:34,(anonymous_10)
FN:35,(anonymous_11)
FN:36,(anonymous_12)
FN:37,(anonymous_13)
FN:38,(anonymous_14)
FN:39,(anonymous_15)
FN:42,(anonymous_16)
FN:47,(anonymous_17)
FN:52,(anonymous_18)
FN:57,(anonymous_19)
FN:62,(anonymous_20)
FN:67,(anonymous_21)
FN:74,(anonymous_22)
FN:79,(anonymous_23)
FN:84,(anonymous_24)
FN:89,(anonymous_25)
FNF:26
FNH:0
FNDA:0,(anonymous_0)
FNDA:0,(anonymous_1)
FNDA:0,(anonymous_2)
FNDA:0,(anonymous_3)
FNDA:0,(anonymous_4)
FNDA:0,(anonymous_5)
FNDA:0,(anonymous_6)
FNDA:0,(anonymous_7)
FNDA:0,(anonymous_8)
FNDA:0,(anonymous_9)
FNDA:0,(anonymous_10)
FNDA:0,(anonymous_11)
FNDA:0,(anonymous_12)
FNDA:0,(anonymous_13)
FNDA:0,(anonymous_14)
FNDA:0,(anonymous_15)
FNDA:0,(anonymous_16)
FNDA:0,(anonymous_17)
FNDA:0,(anonymous_18)
FNDA:0,(anonymous_19)
FNDA:0,(anonymous_20)
FNDA:0,(anonymous_21)
FNDA:0,(anonymous_22)
FNDA:0,(anonymous_23)
FNDA:0,(anonymous_24)
FNDA:0,(anonymous_25)
DA:7,1
DA:19,0
DA:20,0
DA:21,0
DA:22,0
DA:25,0
DA:26,0
DA:27,0
DA:28,0
DA:29,0
DA:30,0
DA:31,0
DA:32,0
DA:33,0
DA:34,0
DA:35,0
DA:36,0
DA:37,0
DA:38,0
DA:39,0
DA:43,0
DA:44,0
DA:48,0
DA:49,0
DA:53,0
DA:54,0
DA:58,0
DA:59,0
DA:63,0
DA:64,0
DA:68,0
DA:69,0
DA:70,0
DA:71,0
DA:75,0
DA:76,0
DA:80,0
DA:81,0
DA:85,0
DA:86,0
DA:102,0
DA:103,0
DA:104,0
DA:105,0
DA:106,0
DA:107,0
DA:108,0
DA:109,0
DA:110,0
DA:111,0
DA:112,0
DA:113,0
DA:114,0
DA:115,0
DA:116,0
LF:55
LH:1
BRF:0
BRH:0
end_of_record
TN:
SF:src/models/user.ts
FN:18,(anonymous_0)
FN:23,(anonymous_1)
FN:27,(anonymous_2)
FN:34,(anonymous_3)
FN:42,(anonymous_4)
FN:49,(anonymous_5)
FN:56,(anonymous_6)
FN:63,(anonymous_7)
FNF:8
FNH:1
FNDA:31,(anonymous_0)
FNDA:0,(anonymous_1)
FNDA:0,(anonymous_2)
FNDA:0,(anonymous_3)
FNDA:0,(anonymous_4)
FNDA:0,(anonymous_5)
FNDA:0,(anonymous_6)
FNDA:0,(anonymous_7)
DA:3,4
DA:14,31
DA:15,31
DA:16,31
DA:19,31
DA:20,31
DA:36,0
DA:43,0
DA:50,0
DA:57,0
DA:64,0
LF:11
LH:6
BRF:0
BRH:0
end_of_record
TN:
SF:src/models/booking/base-booking.ts
FN:27,(anonymous_0)
FN:28,(anonymous_1)
FN:29,(anonymous_2)
FN:30,(anonymous_3)
FN:31,(anonymous_4)
FN:32,(anonymous_5)
FN:33,(anonymous_6)
FN:34,(anonymous_7)
FN:35,(anonymous_8)
FN:36,(anonymous_9)
FN:37,(anonymous_10)
FN:38,(anonymous_11)
FN:41,(anonymous_12)
FN:46,(anonymous_13)
FN:56,(anonymous_14)
FN:61,(anonymous_15)
FN:74,(anonymous_16)
FN:94,(anonymous_17)
FNF:18
FNH:4
FNDA:1,(anonymous_0)
FNDA:0,(anonymous_1)
FNDA:1,(anonymous_2)
FNDA:0,(anonymous_3)
FNDA:2,(anonymous_4)
FNDA:0,(anonymous_5)
FNDA:0,(anonymous_6)
FNDA:0,(anonymous_7)
FNDA:2,(anonymous_8)
FNDA:0,(anonymous_9)
FNDA:0,(anonymous_10)
FNDA:0,(anonymous_11)
FNDA:0,(anonymous_12)
FNDA:0,(anonymous_13)
FNDA:0,(anonymous_14)
FNDA:0,(anonymous_15)
FNDA:0,(anonymous_16)
FNDA:0,(anonymous_17)
DA:12,1
DA:27,1
DA:28,0
DA:29,1
DA:30,0
DA:31,2
DA:32,0
DA:33,0
DA:34,0
DA:35,2
DA:36,0
DA:37,0
DA:38,0
DA:42,0
DA:43,0
DA:47,0
DA:48,0
DA:49,0
DA:50,0
DA:51,0
DA:52,0
DA:53,0
DA:57,0
DA:58,0
DA:62,0
DA:63,0
DA:75,0
DA:95,0
LF:28
LH:5
BRDA:47,0,0,0
BRDA:47,1,0,0
BRDA:47,1,1,0
BRDA:48,2,0,0
BRDA:48,3,0,0
BRDA:48,3,1,0
BRDA:49,4,0,0
BRDA:49,5,0,0
BRDA:49,5,1,0
BRF:9
BRH:0
end_of_record
TN:
SF:src/models/management/agent.ts
FN:10,(anonymous_0)
FN:38,(anonymous_1)
FN:39,(anonymous_2)
FN:40,(anonymous_3)
FN:41,(anonymous_4)
FN:42,(anonymous_5)
FN:43,(anonymous_6)
FN:44,(anonymous_7)
FN:45,(anonymous_8)
FN:46,(anonymous_9)
FN:47,(anonymous_10)
FN:48,(anonymous_11)
FN:49,(anonymous_12)
FN:50,(anonymous_13)
FN:51,(anonymous_14)
FN:52,(anonymous_15)
FN:53,(anonymous_16)
FN:54,(anonymous_17)
FN:57,(anonymous_18)
FN:62,(anonymous_19)
FN:68,(anonymous_20)
FN:73,(anonymous_21)
FN:81,(anonymous_22)
FN:90,(anonymous_23)
FN:96,(anonymous_24)
FN:101,(anonymous_25)
FNF:26
FNH:0
FNDA:0,(anonymous_0)
FNDA:0,(anonymous_1)
FNDA:0,(anonymous_2)
FNDA:0,(anonymous_3)
FNDA:0,(anonymous_4)
FNDA:0,(anonymous_5)
FNDA:0,(anonymous_6)
FNDA:0,(anonymous_7)
FNDA:0,(anonymous_8)
FNDA:0,(anonymous_9)
FNDA:0,(anonymous_10)
FNDA:0,(anonymous_11)
FNDA:0,(anonymous_12)
FNDA:0,(anonymous_13)
FNDA:0,(anonymous_14)
FNDA:0,(anonymous_15)
FNDA:0,(anonymous_16)
FNDA:0,(anonymous_17)
FNDA:0,(anonymous_18)
FNDA:0,(anonymous_19)
FNDA:0,(anonymous_20)
FNDA:0,(anonymous_21)
FNDA:0,(anonymous_22)
FNDA:0,(anonymous_23)
FNDA:0,(anonymous_24)
FNDA:0,(anonymous_25)
DA:10,1
DA:19,0
DA:20,0
DA:21,0
DA:22,0
DA:23,0
DA:34,0
DA:35,0
DA:38,0
DA:39,0
DA:40,0
DA:41,0
DA:42,0
DA:43,0
DA:44,0
DA:45,0
DA:46,0
DA:47,0
DA:48,0
DA:49,0
DA:50,0
DA:51,0
DA:52,0
DA:53,0
DA:54,0
DA:58,0
DA:59,0
DA:63,0
DA:64,0
DA:65,0
DA:69,0
DA:70,0
DA:74,0
DA:75,0
DA:82,0
DA:83,0
DA:84,0
DA:91,0
DA:92,0
DA:93,0
DA:97,0
DA:98,0
DA:111,0
DA:112,0
DA:113,0
DA:114,0
DA:115,0
DA:116,0
DA:117,0
DA:118,0
DA:119,0
DA:120,0
DA:121,0
DA:122,0
DA:123,0
LF:55
LH:1
BRDA:63,0,0,0
BRDA:63,1,0,0
BRDA:63,1,1,0
BRDA:120,2,0,0
BRDA:120,2,1,0
BRDA:120,3,0,0
BRDA:120,3,1,0
BRF:7
BRH:0
end_of_record
TN:
SF:src/models/management/company-admin.ts
FN:8,(anonymous_0)
FN:22,(anonymous_1)
FN:23,(anonymous_2)
FN:24,(anonymous_3)
FN:25,(anonymous_4)
FN:26,(anonymous_5)
FN:27,(anonymous_6)
FN:28,(anonymous_7)
FN:29,(anonymous_8)
FN:30,(anonymous_9)
FN:31,(anonymous_10)
FN:32,(anonymous_11)
FN:35,(anonymous_12)
FN:40,(anonymous_13)
FN:45,(anonymous_14)
FN:53,(anonymous_15)
FN:54,(anonymous_16)
FN:58,(anonymous_17)
FN:65,(anonymous_18)
FN:72,(anonymous_19)
FN:79,(anonymous_20)
FN:83,(anonymous_21)
FN:88,(anonymous_22)
FNF:23
FNH:0
FNDA:0,(anonymous_0)
FNDA:0,(anonymous_1)
FNDA:0,(anonymous_2)
FNDA:0,(anonymous_3)
FNDA:0,(anonymous_4)
FNDA:0,(anonymous_5)
FNDA:0,(anonymous_6)
FNDA:0,(anonymous_7)
FNDA:0,(anonymous_8)
FNDA:0,(anonymous_9)
FNDA:0,(anonymous_10)
FNDA:0,(anonymous_11)
FNDA:0,(anonymous_12)
FNDA:0,(anonymous_13)
FNDA:0,(anonymous_14)
FNDA:0,(anonymous_15)
FNDA:0,(anonymous_16)
FNDA:0,(anonymous_17)
FNDA:0,(anonymous_18)
FNDA:0,(anonymous_19)
FNDA:0,(anonymous_20)
FNDA:0,(anonymous_21)
FNDA:0,(anonymous_22)
DA:8,0
DA:16,0
DA:17,0
DA:18,0
DA:19,0
DA:22,0
DA:23,0
DA:24,0
DA:25,0
DA:26,0
DA:27,0
DA:28,0
DA:29,0
DA:30,0
DA:31,0
DA:32,0
DA:36,0
DA:37,0
DA:41,0
DA:42,0
DA:46,0
DA:47,0
DA:48,0
DA:50,0
DA:54,0
DA:55,0
DA:59,0
DA:66,0
DA:73,0
DA:80,0
DA:84,0
DA:85,0
DA:97,0
DA:98,0
DA:99,0
DA:100,0
DA:101,0
DA:102,0
DA:103,0
DA:104,0
DA:105,0
DA:106,0
DA:107,0
LF:43
LH:0
BRDA:46,0,0,0
BRDA:66,1,0,0
BRDA:66,1,1,0
BRDA:73,2,0,0
BRDA:73,2,1,0
BRF:5
BRH:0
end_of_record
TN:
SF:src/models/rates/handler.spec.ts
FN:24,(anonymous_0)
FN:27,(anonymous_1)
FN:37,(anonymous_2)
FN:60,(anonymous_3)
FN:61,(anonymous_4)
FN:69,(anonymous_5)
FN:70,(anonymous_6)
FN:73,(anonymous_7)
FN:79,(anonymous_8)
FN:80,(anonymous_9)
FN:87,(anonymous_10)
FN:98,(anonymous_11)
FN:99,(anonymous_12)
FN:107,(anonymous_13)
FN:114,(anonymous_14)
FN:121,(anonymous_15)
FN:130,(anonymous_16)
FN:134,(anonymous_17)
FN:135,(anonymous_18)
FN:142,(anonymous_19)
FN:154,(anonymous_20)
FN:165,(anonymous_21)
FN:177,(anonymous_22)
FN:180,(anonymous_23)
FN:183,(anonymous_24)
FN:186,(anonymous_25)
FN:189,(anonymous_26)
FN:192,(anonymous_27)
FN:195,(anonymous_28)
FN:207,(anonymous_29)
FN:210,(anonymous_30)
FN:221,(anonymous_31)
FN:225,(anonymous_32)
FN:226,(anonymous_33)
FN:237,(anonymous_34)
FN:245,(anonymous_35)
FN:253,(anonymous_36)
FN:262,(anonymous_37)
FN:266,(anonymous_38)
FN:267,(anonymous_39)
FNF:40
FNH:0
FNDA:0,(anonymous_0)
FNDA:0,(anonymous_1)
FNDA:0,(anonymous_2)
FNDA:0,(anonymous_3)
FNDA:0,(anonymous_4)
FNDA:0,(anonymous_5)
FNDA:0,(anonymous_6)
FNDA:0,(anonymous_7)
FNDA:0,(anonymous_8)
FNDA:0,(anonymous_9)
FNDA:0,(anonymous_10)
FNDA:0,(anonymous_11)
FNDA:0,(anonymous_12)
FNDA:0,(anonymous_13)
FNDA:0,(anonymous_14)
FNDA:0,(anonymous_15)
FNDA:0,(anonymous_16)
FNDA:0,(anonymous_17)
FNDA:0,(anonymous_18)
FNDA:0,(anonymous_19)
FNDA:0,(anonymous_20)
FNDA:0,(anonymous_21)
FNDA:0,(anonymous_22)
FNDA:0,(anonymous_23)
FNDA:0,(anonymous_24)
FNDA:0,(anonymous_25)
FNDA:0,(anonymous_26)
FNDA:0,(anonymous_27)
FNDA:0,(anonymous_28)
FNDA:0,(anonymous_29)
FNDA:0,(anonymous_30)
FNDA:0,(anonymous_31)
FNDA:0,(anonymous_32)
FNDA:0,(anonymous_33)
FNDA:0,(anonymous_34)
FNDA:0,(anonymous_35)
FNDA:0,(anonymous_36)
FNDA:0,(anonymous_37)
FNDA:0,(anonymous_38)
FNDA:0,(anonymous_39)
DA:15,0
DA:24,0
DA:25,0
DA:27,0
DA:37,0
DA:47,0
DA:60,0
DA:61,0
DA:62,0
DA:69,0
DA:70,0
DA:73,0
DA:79,0
DA:80,0
DA:81,0
DA:82,0
DA:83,0
DA:84,0
DA:87,0
DA:88,0
DA:92,0
DA:93,0
DA:94,0
DA:98,0
DA:99,0
DA:100,0
DA:101,0
DA:102,0
DA:103,0
DA:104,0
DA:107,0
DA:108,0
DA:109,0
DA:110,0
DA:111,0
DA:114,0
DA:115,0
DA:116,0
DA:117,0
DA:118,0
DA:121,0
DA:122,0
DA:129,0
DA:130,0
DA:134,0
DA:135,0
DA:136,0
DA:137,0
DA:139,0
DA:141,0
DA:142,0
DA:149,0
DA:150,0
DA:151,0
DA:154,0
DA:155,0
DA:156,0
DA:158,0
DA:160,0
DA:161,0
DA:162,0
DA:165,0
DA:166,0
DA:167,0
DA:170,0
DA:172,0
DA:173,0
DA:174,0
DA:177,0
DA:178,0
DA:179,0
DA:180,0
DA:183,0
DA:184,0
DA:185,0
DA:186,0
DA:189,0
DA:190,0
DA:191,0
DA:192,0
DA:195,0
DA:196,0
DA:204,0
DA:205,0
DA:207,0
DA:210,0
DA:211,0
DA:218,0
DA:219,0
DA:221,0
DA:225,0
DA:226,0
DA:227,0
DA:228,0
DA:229,0
DA:231,0
DA:232,0
DA:233,0
DA:234,0
DA:237,0
DA:238,0
DA:239,0
DA:241,0
DA:242,0
DA:245,0
DA:246,0
DA:247,0
DA:249,0
DA:250,0
DA:253,0
DA:254,0
DA:262,0
DA:266,0
DA:267,0
DA:268,0
DA:269,0
DA:271,0
DA:279,0
DA:280,0
DA:281,0
DA:284,0
LF:121
LH:0
BRDA:82,0,0,0
BRDA:82,0,1,0
BRDA:82,1,0,0
BRDA:82,1,1,0
BRDA:83,2,0,0
BRDA:83,2,1,0
BRDA:83,3,0,0
BRDA:83,3,1,0
BRDA:84,4,0,0
BRDA:84,4,1,0
BRDA:84,5,0,0
BRDA:84,5,1,0
BRDA:94,6,0,0
BRDA:94,6,1,0
BRDA:94,7,0,0
BRDA:94,7,1,0
BRDA:125,8,0,0
BRDA:125,8,1,0
BRDA:125,9,0,0
BRDA:125,9,1,0
BRDA:161,10,0,0
BRDA:161,10,1,0
BRDA:161,11,0,0
BRDA:161,11,1,0
BRDA:173,12,0,0
BRDA:173,12,1,0
BRDA:173,13,0,0
BRDA:173,13,1,0
BRDA:214,14,0,0
BRDA:214,14,1,0
BRDA:214,15,0,0
BRDA:214,15,1,0
BRDA:280,16,0,0
BRDA:280,16,1,0
BRDA:280,17,0,0
BRDA:280,17,1,0
BRF:36
BRH:0
end_of_record
TN:
SF:src/models/rates/handler.ts
FN:27,enumerateNights
FN:49,buildPricingIndex
FN:72,resolveNightlyPrice
FN:115,quoteBooking
FN:134,(anonymous_4)
FN:190,getDisplayNightlyPrice
FN:196,(anonymous_6)
FN:207,(anonymous_7)
FN:217,quoteBookingWithDisplayNightlyPrice
FNF:9
FNH:0
FNDA:0,enumerateNights
FNDA:0,buildPricingIndex
FNDA:0,resolveNightlyPrice
FNDA:0,quoteBooking
FNDA:0,(anonymous_4)
FNDA:0,getDisplayNightlyPrice
FNDA:0,(anonymous_6)
FNDA:0,(anonymous_7)
FNDA:0,quoteBookingWithDisplayNightlyPrice
DA:10,0
DA:27,0
DA:28,0
DA:29,0
DA:31,0
DA:32,0
DA:35,0
DA:36,0
DA:38,0
DA:39,0
DA:40,0
DA:43,0
DA:49,0
DA:53,0
DA:54,0
DA:55,0
DA:56,0
DA:59,0
DA:60,0
DA:61,0
DA:62,0
DA:65,0
DA:72,0
DA:77,0
DA:79,0
DA:81,0
DA:82,0
DA:83,0
DA:84,0
DA:86,0
DA:94,0
DA:95,0
DA:96,0
DA:97,0
DA:100,0
DA:115,0
DA:120,0
DA:121,0
DA:123,0
DA:124,0
DA:127,0
DA:130,0
DA:131,0
DA:134,0
DA:135,0
DA:139,0
DA:140,0
DA:141,0
DA:142,0
DA:147,0
DA:148,0
DA:149,0
DA:150,0
DA:151,0
DA:152,0
DA:153,0
DA:159,0
DA:161,0
DA:190,0
DA:194,0
DA:196,0
DA:197,0
DA:201,0
DA:202,0
DA:203,0
DA:204,0
DA:207,0
DA:208,0
DA:211,0
DA:217,0
DA:223,0
DA:224,0
DA:225,0
LF:73
LH:0
BRDA:31,0,0,0
BRDA:54,1,0,0
BRDA:54,1,1,0
BRDA:54,2,0,0
BRDA:54,2,1,0
BRDA:79,3,0,0
BRDA:79,3,1,0
BRDA:79,4,0,0
BRDA:79,4,1,0
BRDA:82,5,0,0
BRDA:83,6,0,0
BRDA:84,7,0,0
BRDA:84,7,1,0
BRDA:96,8,0,0
BRDA:118,9,0,0
BRDA:120,10,0,0
BRDA:123,11,0,0
BRDA:147,12,0,0
BRDA:147,12,1,0
BRDA:150,13,0,0
BRDA:152,14,0,0
BRDA:152,15,0,0
BRDA:152,15,1,0
BRDA:159,16,0,0
BRDA:159,16,1,0
BRDA:192,17,0,0
BRDA:194,18,0,0
BRDA:201,19,0,0
BRDA:201,19,1,0
BRDA:203,20,0,0
BRDA:203,20,1,0
BRDA:220,21,0,0
BRDA:221,22,0,0
BRF:33
BRH:0
end_of_record
TN:
SF:src/models/rates/rates.ts
FN:18,(anonymous_0)
FN:19,(anonymous_1)
FN:20,(anonymous_2)
FN:22,(anonymous_3)
FN:23,(anonymous_4)
FN:24,(anonymous_5)
FN:25,(anonymous_6)
FN:27,(anonymous_7)
FN:28,(anonymous_8)
FN:30,(anonymous_9)
FN:31,(anonymous_10)
FN:34,(anonymous_11)
FN:39,(anonymous_12)
FN:46,(anonymous_13)
FN:53,(anonymous_14)
FN:59,(anonymous_15)
FN:66,(anonymous_16)
FN:70,(anonymous_17)
FN:74,(anonymous_18)
FN:80,(anonymous_19)
FNF:20
FNH:0
FNDA:0,(anonymous_0)
FNDA:0,(anonymous_1)
FNDA:0,(anonymous_2)
FNDA:0,(anonymous_3)
FNDA:0,(anonymous_4)
FNDA:0,(anonymous_5)
FNDA:0,(anonymous_6)
FNDA:0,(anonymous_7)
FNDA:0,(anonymous_8)
FNDA:0,(anonymous_9)
FNDA:0,(anonymous_10)
FNDA:0,(anonymous_11)
FNDA:0,(anonymous_12)
FNDA:0,(anonymous_13)
FNDA:0,(anonymous_14)
FNDA:0,(anonymous_15)
FNDA:0,(anonymous_16)
FNDA:0,(anonymous_17)
FNDA:0,(anonymous_18)
FNDA:0,(anonymous_19)
DA:1,0
DA:18,0
DA:19,0
DA:20,0
DA:22,0
DA:23,0
DA:24,0
DA:25,0
DA:27,0
DA:28,0
DA:30,0
DA:31,0
DA:35,0
DA:36,0
DA:41,0
DA:42,0
DA:43,0
DA:48,0
DA:49,0
DA:50,0
DA:54,0
DA:55,0
DA:56,0
DA:60,0
DA:61,0
DA:62,0
DA:67,0
DA:71,0
DA:75,0
DA:76,0
DA:91,0
DA:92,0
DA:93,0
DA:94,0
DA:95,0
DA:97,0
DA:98,0
DA:100,0
DA:101,0
DA:103,0
DA:104,0
DA:106,0
DA:108,0
DA:109,0
DA:111,0
DA:112,0
DA:113,0
LF:47
LH:0
BRDA:41,0,0,0
BRDA:48,1,0,0
BRDA:48,2,0,0
BRDA:48,2,1,0
BRDA:54,3,0,0
BRDA:54,4,0,0
BRDA:54,4,1,0
BRDA:61,5,0,0
BRDA:61,5,1,0
BRDA:61,6,0,0
BRDA:61,6,1,0
BRDA:61,7,0,0
BRDA:61,7,1,0
BRDA:97,8,0,0
BRDA:100,9,0,0
BRDA:100,10,0,0
BRDA:100,10,1,0
BRDA:103,11,0,0
BRDA:103,12,0,0
BRDA:103,12,1,0
BRDA:109,13,0,0
BRDA:109,13,1,0
BRDA:109,14,0,0
BRDA:109,14,1,0
BRDA:109,15,0,0
BRDA:109,15,1,0
BRF:26
BRH:0
end_of_record
TN:
SF:src/models/rates/utils.ts
FN:4,assertISODate
FN:11,assertISOMonth
FN:18,toUTCDate
FN:24,formatISODateUTC
FN:32,getISOMonthFromDate
FN:37,roundMoney
FN:42,ensureSameCurrency
FN:48,addMoney
FN:53,mulMoney
FNF:9
FNH:0
FNDA:0,assertISODate
FNDA:0,assertISOMonth
FNDA:0,toUTCDate
FNDA:0,formatISODateUTC
FNDA:0,getISOMonthFromDate
FNDA:0,roundMoney
FNDA:0,ensureSameCurrency
FNDA:0,addMoney
FNDA:0,mulMoney
DA:4,0
DA:6,0
DA:7,0
DA:11,0
DA:13,0
DA:14,0
DA:18,0
DA:20,0
DA:21,0
DA:24,0
DA:26,0
DA:27,0
DA:28,0
DA:29,0
DA:32,0
DA:33,0
DA:34,0
DA:37,0
DA:39,0
DA:42,0
DA:43,0
DA:44,0
DA:48,0
DA:49,0
DA:50,0
DA:53,0
DA:54,0
LF:27
LH:0
BRDA:6,0,0,0
BRDA:13,1,0,0
BRDA:43,2,0,0
BRF:3
BRH:0
end_of_record
TN:
SF:src/models/review/base-review.ts
FN:12,(anonymous_0)
FN:29,(anonymous_1)
FN:30,(anonymous_2)
FN:31,(anonymous_3)
FN:32,(anonymous_4)
FN:33,(anonymous_5)
FN:34,(anonymous_6)
FN:35,(anonymous_7)
FN:36,(anonymous_8)
FN:37,(anonymous_9)
FN:38,(anonymous_10)
FN:39,(anonymous_11)
FN:40,(anonymous_12)
FN:41,(anonymous_13)
FN:42,(anonymous_14)
FN:45,(anonymous_15)
FN:53,(anonymous_16)
FN:59,(anonymous_17)
FN:65,(anonymous_18)
FN:70,(anonymous_19)
FN:75,(anonymous_20)
FN:80,(anonymous_21)
FN:85,(anonymous_22)
FN:98,(anonymous_23)
FN:120,(anonymous_24)
FNF:25
FNH:0
FNDA:0,(anonymous_0)
FNDA:0,(anonymous_1)
FNDA:0,(anonymous_2)
FNDA:0,(anonymous_3)
FNDA:0,(anonymous_4)
FNDA:0,(anonymous_5)
FNDA:0,(anonymous_6)
FNDA:0,(anonymous_7)
FNDA:0,(anonymous_8)
FNDA:0,(anonymous_9)
FNDA:0,(anonymous_10)
FNDA:0,(anonymous_11)
FNDA:0,(anonymous_12)
FNDA:0,(anonymous_13)
FNDA:0,(anonymous_14)
FNDA:0,(anonymous_15)
FNDA:0,(anonymous_16)
FNDA:0,(anonymous_17)
FNDA:0,(anonymous_18)
FNDA:0,(anonymous_19)
FNDA:0,(anonymous_20)
FNDA:0,(anonymous_21)
FNDA:0,(anonymous_22)
FNDA:0,(anonymous_23)
FNDA:0,(anonymous_24)
DA:12,0
DA:23,0
DA:24,0
DA:29,0
DA:30,0
DA:31,0
DA:32,0
DA:33,0
DA:34,0
DA:35,0
DA:36,0
DA:37,0
DA:38,0
DA:39,0
DA:40,0
DA:41,0
DA:42,0
DA:46,0
DA:47,0
DA:49,0
DA:50,0
DA:54,0
DA:55,0
DA:56,0
DA:60,0
DA:61,0
DA:62,0
DA:66,0
DA:67,0
DA:71,0
DA:72,0
DA:76,0
DA:77,0
DA:81,0
DA:82,0
DA:86,0
DA:87,0
DA:99,0
DA:121,0
LF:39
LH:0
BRDA:46,0,0,0
BRDA:46,1,0,0
BRDA:46,1,1,0
BRDA:46,1,2,0
BRDA:54,2,0,0
BRDA:54,3,0,0
BRDA:54,3,1,0
BRDA:60,4,0,0
BRDA:60,5,0,0
BRDA:60,5,1,0
BRF:10
BRH:0
end_of_record
TN:
SF:src/services/auth.service.ts
FN:22,(anonymous_8)
FN:31,(anonymous_9)
FN:54,(anonymous_10)
FN:66,(anonymous_11)
FN:78,(anonymous_12)
FN:86,(anonymous_14)
FN:93,(anonymous_16)
FN:107,(anonymous_17)
FNF:8
FNH:8
FNDA:3,(anonymous_8)
FNDA:11,(anonymous_9)
FNDA:7,(anonymous_10)
FNDA:4,(anonymous_11)
FNDA:7,(anonymous_12)
FNDA:4,(anonymous_14)
FNDA:5,(anonymous_16)
FNDA:5,(anonymous_17)
DA:5,3
DA:6,3
DA:22,3
DA:23,3
DA:24,3
DA:25,3
DA:26,3
DA:32,11
DA:40,11
DA:44,11
DA:48,11
DA:55,7
DA:56,7
DA:57,5
DA:59,2
DA:67,4
DA:68,4
DA:69,3
DA:71,1
DA:79,7
DA:80,7
DA:87,4
DA:94,5
DA:96,4
DA:97,4
DA:98,2
DA:101,2
DA:108,5
DA:109,5
DA:110,5
DA:112,0
DA:117,3
LF:32
LH:31
BRDA:23,0,0,3
BRDA:23,0,1,0
BRDA:24,1,0,3
BRDA:24,1,1,0
BRDA:25,2,0,3
BRDA:25,2,1,0
BRDA:26,3,0,3
BRDA:26,3,1,0
BRDA:94,4,0,1
BRDA:97,5,0,2
BRDA:97,6,0,4
BRDA:97,6,1,3
BRF:12
BRH:8
end_of_record
TN:
SF:src/services/checkout.service.ts
FN:62,(anonymous_0)
FN:69,(anonymous_1)
FN:103,(anonymous_2)
FN:113,(anonymous_3)
FN:114,(anonymous_4)
FN:145,(anonymous_5)
FN:161,(anonymous_6)
FN:165,(anonymous_7)
FN:177,(anonymous_8)
FN:182,(anonymous_9)
FN:208,(anonymous_10)
FN:263,(anonymous_11)
FN:273,(anonymous_12)
FN:276,(anonymous_13)
FN:297,(anonymous_14)
FN:308,(anonymous_15)
FN:309,(anonymous_16)
FN:310,(anonymous_17)
FN:325,(anonymous_18)
FN:336,(anonymous_19)
FN:338,(anonymous_20)
FN:339,(anonymous_21)
FN:357,(anonymous_22)
FN:374,(anonymous_23)
FN:392,(anonymous_24)
FN:432,(anonymous_25)
FN:439,(anonymous_26)
FN:441,(anonymous_27)
FNF:28
FNH:25
FNDA:1,(anonymous_0)
FNDA:1,(anonymous_1)
FNDA:27,(anonymous_2)
FNDA:39,(anonymous_3)
FNDA:39,(anonymous_4)
FNDA:2,(anonymous_5)
FNDA:1,(anonymous_6)
FNDA:2,(anonymous_7)
FNDA:1,(anonymous_8)
FNDA:1,(anonymous_9)
FNDA:6,(anonymous_10)
FNDA:4,(anonymous_11)
FNDA:5,(anonymous_12)
FNDA:7,(anonymous_13)
FNDA:1,(anonymous_14)
FNDA:2,(anonymous_15)
FNDA:2,(anonymous_16)
FNDA:2,(anonymous_17)
FNDA:5,(anonymous_18)
FNDA:50,(anonymous_19)
FNDA:10,(anonymous_20)
FNDA:10,(anonymous_21)
FNDA:7,(anonymous_22)
FNDA:10,(anonymous_23)
FNDA:3,(anonymous_24)
FNDA:0,(anonymous_25)
FNDA:0,(anonymous_26)
FNDA:0,(anonymous_27)
DA:59,1
DA:60,1
DA:63,1
DA:70,1
DA:80,1
DA:89,1
DA:110,27
DA:113,39
DA:114,39
DA:117,27
DA:118,27
DA:119,4
DA:122,27
DA:124,27
DA:125,27
DA:127,27
DA:149,2
DA:150,2
DA:165,2
DA:166,1
DA:182,1
DA:183,1
DA:184,1
DA:185,1
DA:186,1
DA:194,0
DA:197,1
DA:216,6
DA:218,6
DA:219,1
DA:225,5
DA:226,0
DA:232,5
DA:233,0
DA:239,5
DA:240,1
DA:246,4
DA:253,4
DA:268,4
DA:269,4
DA:272,4
DA:273,5
DA:276,7
DA:278,4
DA:280,4
DA:281,3
DA:282,1
DA:283,1
DA:287,4
DA:288,1
DA:291,4
DA:308,2
DA:309,2
DA:310,2
DA:312,1
DA:332,5
DA:333,5
DA:335,5
DA:336,50
DA:337,25
DA:338,10
DA:339,10
DA:341,5
DA:351,5
DA:361,7
DA:364,7
DA:365,1
DA:369,7
DA:370,1
DA:374,7
DA:375,10
DA:376,0
DA:378,10
DA:379,0
DA:383,7
DA:414,3
DA:433,0
DA:440,0
DA:441,0
DA:446,1
LF:80
LH:72
BRDA:110,0,0,27
BRDA:118,1,0,4
BRDA:183,2,0,1
BRDA:218,3,0,1
BRDA:225,4,0,0
BRDA:232,5,0,0
BRDA:239,6,0,1
BRDA:239,7,0,5
BRDA:239,7,1,4
BRDA:269,8,0,0
BRDA:269,9,0,4
BRDA:269,9,1,4
BRDA:272,10,0,3
BRDA:272,10,1,1
BRDA:273,11,0,0
BRDA:273,11,1,5
BRDA:273,12,0,5
BRDA:273,12,1,5
BRDA:280,13,0,3
BRDA:280,13,1,1
BRDA:282,14,0,1
BRDA:287,15,0,1
BRDA:337,16,0,5
BRDA:364,17,0,1
BRDA:369,18,0,1
BRDA:375,19,0,0
BRDA:378,20,0,0
BRDA:441,21,0,0
BRDA:441,21,1,0
BRF:29
BRH:21
end_of_record
TN:
SF:src/services/encrypt.ts
FN:3,hashSHA256
FN:7,md5Hash
FNF:2
FNH:0
FNDA:0,hashSHA256
FNDA:0,md5Hash
DA:1,0
DA:3,0
DA:4,0
DA:7,0
DA:8,0
LF:5
LH:0
BRF:0
BRH:0
end_of_record
TN:
SF:src/services/error.ts
FN:12,(anonymous_7)
FN:46,(anonymous_9)
FN:55,(anonymous_10)
FN:64,(anonymous_11)
FN:74,(anonymous_12)
FN:78,(anonymous_13)
FN:92,(anonymous_14)
FN:96,(anonymous_15)
FN:100,(anonymous_16)
FN:104,(anonymous_17)
FNF:10
FNH:0
FNDA:0,(anonymous_7)
FNDA:0,(anonymous_9)
FNDA:0,(anonymous_10)
FNDA:0,(anonymous_11)
FNDA:0,(anonymous_12)
FNDA:0,(anonymous_13)
FNDA:0,(anonymous_14)
FNDA:0,(anonymous_15)
FNDA:0,(anonymous_16)
FNDA:0,(anonymous_17)
DA:1,0
DA:3,0
DA:13,0
DA:14,0
DA:17,0
DA:18,0
DA:19,0
DA:20,0
DA:22,0
DA:23,0
DA:26,0
DA:27,0
DA:30,0
DA:37,0
DA:47,0
DA:56,0
DA:65,0
DA:75,0
DA:79,0
DA:81,0
DA:82,0
DA:84,0
DA:85,0
DA:87,0
DA:88,0
DA:93,0
DA:97,0
DA:101,0
DA:105,0
LF:29
LH:0
BRDA:17,0,0,0
BRDA:17,0,1,0
BRDA:18,1,0,0
BRDA:18,1,1,0
BRDA:20,2,0,0
BRDA:20,2,1,0
BRDA:22,3,0,0
BRDA:26,4,0,0
BRDA:79,5,0,0
BRDA:79,5,1,0
BRDA:79,5,2,0
BRF:11
BRH:0
end_of_record
TN:
SF:src/services/permission.service.ts
FN:41,(anonymous_0)
FN:83,(anonymous_1)
FN:91,(anonymous_2)
FN:99,(anonymous_3)
FN:121,(anonymous_4)
FN:143,(anonymous_5)
FN:150,(anonymous_6)
FN:157,(anonymous_7)
FN:164,(anonymous_8)
FNF:9
FNH:9
FNDA:29,(anonymous_0)
FNDA:24,(anonymous_1)
FNDA:22,(anonymous_2)
FNDA:16,(anonymous_3)
FNDA:11,(anonymous_4)
FNDA:9,(anonymous_5)
FNDA:2,(anonymous_6)
FNDA:9,(anonymous_7)
FNDA:2,(anonymous_8)
DA:37,3
DA:42,29
DA:77,29
DA:84,24
DA:85,24
DA:92,22
DA:93,22
DA:101,16
DA:102,4
DA:106,12
DA:107,6
DA:111,6
DA:112,6
DA:115,0
DA:123,11
DA:124,3
DA:128,8
DA:129,4
DA:133,4
DA:134,4
DA:137,0
DA:144,9
DA:151,2
DA:158,9
DA:165,2
DA:169,3
LF:26
LH:24
BRDA:77,0,0,29
BRDA:77,0,1,1
BRDA:101,1,0,4
BRDA:106,2,0,6
BRDA:111,3,0,6
BRDA:123,4,0,3
BRDA:128,5,0,4
BRDA:133,6,0,4
BRDA:133,7,0,4
BRDA:133,7,1,0
BRDA:144,8,0,9
BRDA:144,8,1,7
BRDA:151,9,0,2
BRDA:151,9,1,1
BRDA:158,10,0,9
BRDA:158,10,1,7
BRDA:158,10,2,6
BRDA:165,11,0,2
BRDA:165,11,1,1
BRDA:165,11,2,0
BRF:20
BRH:18
end_of_record
TN:
SF:src/services/analytics/logging.ts
FN:4,logging
FNF:1
FNH:0
FNDA:0,logging
DA:1,0
DA:2,0
DA:4,0
DA:5,0
DA:6,0
DA:7,0
LF:6
LH:0
BRF:0
BRH:0
end_of_record
TN:
SF:src/services/analytics/messages.ts
FN:2,messages
FNF:1
FNH:0
FNDA:0,messages
DA:2,0
DA:3,0
LF:2
LH:0
BRF:0
BRH:0
end_of_record
TN:
SF:src/services/analytics/traits.ts
FN:2,traits
FNF:1
FNH:0
FNDA:0,traits
DA:2,0
DA:3,0
LF:2
LH:0
BRF:0
BRH:0
end_of_record
TN:
SF:src/services/elastic/messages.ts
FN:5,(anonymous_7)
FN:9,(anonymous_8)
FN:9,(anonymous_9)
FN:18,(anonymous_10)
FN:19,(anonymous_11)
FN:21,(anonymous_12)
FNF:6
FNH:0
FNDA:0,(anonymous_7)
FNDA:0,(anonymous_8)
FNDA:0,(anonymous_9)
FNDA:0,(anonymous_10)
FNDA:0,(anonymous_11)
FNDA:0,(anonymous_12)
DA:1,0
DA:3,0
DA:6,0
DA:9,0
DA:11,0
DA:13,0
DA:17,0
DA:18,0
DA:19,0
DA:21,0
DA:23,0
DA:26,0
LF:12
LH:0
BRDA:9,0,0,0
BRF:1
BRH:0
end_of_record
TN:
SF:src/services/email/handler.ts
FN:6,(anonymous_1)
FN:11,(anonymous_2)
FNF:2
FNH:0
FNDA:0,(anonymous_1)
FNDA:0,(anonymous_2)
DA:1,0
DA:2,0
DA:4,0
DA:7,0
DA:8,0
DA:12,0
DA:14,0
DA:15,0
DA:16,0
DA:19,0
LF:10
LH:0
BRF:0
BRH:0
end_of_record
TN:
SF:src/services/payments/index.ts
FN:6,(anonymous_0)
FN:6,(anonymous_1)
FN:8,(anonymous_2)
FN:8,(anonymous_3)
FNF:4
FNH:1
FNDA:0,(anonymous_0)
FNDA:34,(anonymous_1)
FNDA:0,(anonymous_2)
FNDA:0,(anonymous_3)
DA:6,35
DA:8,1
LF:2
LH:2
BRF:0
BRH:0
end_of_record
TN:
SF:src/services/payments/payment.service.ts
FN:47,(anonymous_7)
FN:78,(anonymous_8)
FN:116,(anonymous_9)
FN:178,(anonymous_10)
FN:211,(anonymous_12)
FN:243,(anonymous_14)
FNF:6
FNH:6
FNDA:11,(anonymous_7)
FNDA:4,(anonymous_8)
FNDA:7,(anonymous_9)
FNDA:7,(anonymous_10)
FNDA:2,(anonymous_12)
FNDA:3,(anonymous_14)
DA:43,1
DA:55,11
DA:57,11
DA:58,11
DA:60,11
DA:61,11
DA:63,11
DA:83,4
DA:86,4
DA:87,1
DA:94,3
DA:95,1
DA:96,1
DA:98,1
DA:110,2
DA:125,7
DA:127,7
DA:129,1
DA:136,1
DA:143,1
DA:150,4
DA:151,1
DA:156,3
DA:157,2
DA:163,1
DA:171,0
DA:186,7
DA:188,7
DA:205,7
DA:217,2
DA:219,2
DA:237,2
DA:262,3
DA:264,3
DA:291,3
DA:300,1
LF:36
LH:35
BRDA:55,0,0,8
BRDA:86,1,0,1
BRDA:94,2,0,1
BRDA:125,3,0,3
BRDA:127,4,0,1
BRDA:127,4,1,1
BRDA:127,4,2,1
BRDA:127,4,3,4
BRDA:127,4,4,0
BRDA:150,5,0,1
BRDA:150,5,1,3
BRDA:156,6,0,2
BRDA:156,6,1,1
BRDA:272,7,0,3
BRDA:272,7,1,0
BRDA:273,8,0,3
BRDA:273,8,1,0
BRDA:276,9,0,3
BRDA:276,9,1,0
BRDA:277,10,0,3
BRDA:277,10,1,0
BRF:21
BRH:16
end_of_record
TN:
SF:src/services/payments/tax.service.ts
FN:11,(anonymous_0)
FN:19,(anonymous_1)
FN:23,(anonymous_2)
FN:28,(anonymous_3)
FN:38,(anonymous_4)
FN:51,(anonymous_5)
FN:62,(anonymous_6)
FN:102,(anonymous_7)
FN:109,(anonymous_8)
FN:110,(anonymous_9)
FN:122,(anonymous_10)
FN:123,(anonymous_11)
FNF:12
FNH:12
FNDA:35,(anonymous_0)
FNDA:44,(anonymous_1)
FNDA:211,(anonymous_2)
FNDA:54,(anonymous_3)
FNDA:21,(anonymous_4)
FNDA:4,(anonymous_5)
FNDA:7,(anonymous_6)
FNDA:1,(anonymous_7)
FNDA:3,(anonymous_8)
FNDA:26,(anonymous_9)
FNDA:2,(anonymous_10)
FNDA:27,(anonymous_11)
DA:6,3
DA:8,3
DA:12,35
DA:20,44
DA:23,211
DA:24,44
DA:27,5
DA:28,54
DA:29,5
DA:31,4
DA:39,21
DA:40,21
DA:41,1
DA:44,20
DA:52,4
DA:53,4
DA:76,7
DA:78,7
DA:79,7
DA:81,7
DA:82,1
DA:85,6
DA:86,6
DA:88,6
DA:103,1
DA:110,26
DA:112,3
DA:113,1
DA:115,2
DA:123,27
DA:124,2
DA:125,1
DA:126,1
DA:128,1
DA:132,3
LF:35
LH:35
BRDA:12,0,0,35
BRDA:12,0,1,33
BRDA:20,1,0,0
BRDA:24,2,0,39
BRDA:29,3,0,1
BRDA:40,4,0,1
BRDA:81,5,0,1
BRDA:112,6,0,1
BRDA:112,6,1,2
BRDA:124,7,0,1
BRF:10
BRH:9
end_of_record
TN:
SF:src/services/payments/stripe/stripeInvoices.ts
FN:21,(anonymous_8)
FN:28,(anonymous_9)
FN:33,(anonymous_11)
FN:53,(anonymous_13)
FN:58,(anonymous_15)
FN:69,(anonymous_17)
FN:81,(anonymous_19)
FN:88,(anonymous_21)
FN:92,(anonymous_23)
FN:96,(anonymous_25)
FN:100,(anonymous_27)
FN:104,(anonymous_29)
FNF:12
FNH:0
FNDA:0,(anonymous_8)
FNDA:0,(anonymous_9)
FNDA:0,(anonymous_11)
FNDA:0,(anonymous_13)
FNDA:0,(anonymous_15)
FNDA:0,(anonymous_17)
FNDA:0,(anonymous_19)
FNDA:0,(anonymous_21)
FNDA:0,(anonymous_23)
FNDA:0,(anonymous_25)
FNDA:0,(anonymous_27)
FNDA:0,(anonymous_29)
DA:1,0
DA:2,0
DA:3,0
DA:16,0
DA:22,0
DA:24,0
DA:25,0
DA:29,0
DA:30,0
DA:35,0
DA:36,0
DA:39,0
DA:41,0
DA:54,0
DA:55,0
DA:60,0
DA:62,0
DA:63,0
DA:66,0
DA:70,0
DA:72,0
DA:73,0
DA:75,0
DA:76,0
DA:78,0
DA:85,0
DA:89,0
DA:93,0
DA:97,0
DA:101,0
DA:105,0
LF:31
LH:0
BRDA:35,0,0,0
BRDA:62,1,0,0
BRDA:72,2,0,0
BRF:3
BRH:0
end_of_record
TN:
SF:src/services/payments/stripe/stripeWebhook.ts
FN:7,(anonymous_0)
FNF:1
FNH:0
FNDA:0,(anonymous_0)
DA:1,0
DA:3,0
DA:4,0
LF:3
LH:0
BRDA:3,0,0,0
BRDA:3,0,1,0
BRDA:4,1,0,0
BRDA:4,1,1,0
BRF:4
BRH:0
end_of_record
TN:
SF:src/typing/schema.zod.ts
FNF:0
FNH:0
DA:1,0
DA:3,0
DA:9,0
DA:13,0
LF:4
LH:0
BRF:0
BRH:0
end_of_record
TN:
SF:src/utils/cryptography.ts
FN:10,(anonymous_1)
FN:15,(anonymous_2)
FN:24,(anonymous_3)
FN:40,(anonymous_4)
FNF:4
FNH:0
FNDA:0,(anonymous_1)
FNDA:0,(anonymous_2)
FNDA:0,(anonymous_3)
FNDA:0,(anonymous_4)
DA:1,0
DA:3,0
DA:5,0
DA:11,0
DA:16,0
DA:25,0
DA:26,0
DA:28,0
DA:29,0
DA:32,0
DA:41,0
DA:43,0
DA:44,0
DA:45,0
DA:47,0
DA:48,0
DA:50,0
DA:55,0
LF:18
LH:0
BRF:0
BRH:0
end_of_record
TN:
SF:src/utils/feature-flags.ts
FN:36,(anonymous_0)
FN:40,(anonymous_1)
FN:69,(anonymous_2)
FN:78,(anonymous_3)
FN:85,(anonymous_4)
FN:92,(anonymous_5)
FN:94,(anonymous_6)
FNF:7
FNH:0
FNDA:0,(anonymous_0)
FNDA:0,(anonymous_1)
FNDA:0,(anonymous_2)
FNDA:0,(anonymous_3)
FNDA:0,(anonymous_4)
FNDA:0,(anonymous_5)
FNDA:0,(anonymous_6)
DA:37,0
DA:41,0
DA:70,0
DA:71,0
DA:72,0
DA:79,0
DA:86,0
DA:93,0
DA:94,0
DA:95,0
DA:96,0
DA:101,0
LF:12
LH:0
BRDA:71,0,0,0
BRF:1
BRH:0
end_of_record
TN:
SF:src/utils/hostname.ts
FN:3,hostname
FN:7,urlDomain
FNF:2
FNH:0
FNDA:0,hostname
FNDA:0,urlDomain
DA:3,0
DA:4,0
DA:7,0
DA:8,0
DA:9,0
LF:5
LH:0
BRF:0
BRH:0
end_of_record
TN:
SF:src/utils/response.ts
FN:1,cleanAndParseJson
FNF:1
FNH:0
FNDA:0,cleanAndParseJson
DA:1,0
DA:2,0
DA:3,0
DA:5,0
DA:6,0
DA:9,0
DA:11,0
DA:12,0
LF:8
LH:0
BRDA:5,0,0,0
BRDA:5,1,0,0
BRDA:5,1,1,0
BRF:3
BRH:0
end_of_record
TN:
SF:src/utils/utils.ts
FN:1,isEmpty
FNF:1
FNH:0
FNDA:0,isEmpty
DA:1,0
DA:2,0
DA:3,0
DA:4,0
DA:7,0
LF:5
LH:0
BRDA:3,0,0,0
BRF:1
BRH:0
end_of_record
